
UART_HardwareFlowCotrol.elf:     file format elf32-littleriscv
UART_HardwareFlowCotrol.elf
architecture: riscv:rv32, flags 0x00000112:
EXEC_P, HAS_SYMS, D_PAGED
start address 0x00000000

Program Header:
    LOAD off    0x00001000 vaddr 0x00000000 paddr 0x00000000 align 2**12
         filesz 0x0000075c memsz 0x0000075c flags r-x
    LOAD off    0x00002000 vaddr 0x20000000 paddr 0x0000075c align 2**12
         filesz 0x00000028 memsz 0x0000002c flags rw-
    LOAD off    0x00002700 vaddr 0x20000700 paddr 0x20000700 align 2**12
         filesz 0x00000000 memsz 0x00000100 flags rw-

Sections:
Idx Name          Size      VMA       LMA       File off  Algn
  0 .init         000000a0  00000000  00000000  00001000  2**2
                  CONTENTS, ALLOC, LOAD, READONLY, CODE
  1 .text         000006bc  000000a0  000000a0  000010a0  2**2
                  CONTENTS, ALLOC, LOAD, READONLY, CODE
  2 .fini         00000000  0000075c  0000075c  00002028  2**0
                  CONTENTS, ALLOC, LOAD, CODE
  3 .dalign       00000000  20000000  20000000  00002028  2**0
                  CONTENTS
  4 .dlalign      00000000  0000075c  0000075c  00002028  2**0
                  CONTENTS
  5 .data         00000028  20000000  0000075c  00002000  2**2
                  CONTENTS, ALLOC, LOAD, DATA
  6 .bss          00000004  20000028  00000784  00002028  2**1
                  ALLOC
  7 .stack        00000100  20000700  20000700  00002700  2**0
                  ALLOC
  8 .debug_info   00006553  00000000  00000000  00002028  2**0
                  CONTENTS, READONLY, DEBUGGING
  9 .debug_abbrev 00001392  00000000  00000000  0000857b  2**0
                  CONTENTS, READONLY, DEBUGGING
 10 .debug_aranges 00000360  00000000  00000000  00009910  2**3
                  CONTENTS, READONLY, DEBUGGING
 11 .debug_ranges 00000308  00000000  00000000  00009c70  2**3
                  CONTENTS, READONLY, DEBUGGING
 12 .debug_line   00003f8b  00000000  00000000  00009f78  2**0
                  CONTENTS, READONLY, DEBUGGING
 13 .debug_str    00001236  00000000  00000000  0000df03  2**0
                  CONTENTS, READONLY, DEBUGGING
 14 .comment      00000033  00000000  00000000  0000f139  2**0
                  CONTENTS, READONLY
 15 .debug_frame  00000680  00000000  00000000  0000f16c  2**2
                  CONTENTS, READONLY, DEBUGGING
 16 .debug_loc    00001514  00000000  00000000  0000f7ec  2**0
                  CONTENTS, READONLY, DEBUGGING
SYMBOL TABLE:
00000000 l    d  .init	00000000 .init
000000a0 l    d  .text	00000000 .text
0000075c l    d  .fini	00000000 .fini
20000000 l    d  .dalign	00000000 .dalign
0000075c l    d  .dlalign	00000000 .dlalign
20000000 l    d  .data	00000000 .data
20000028 l    d  .bss	00000000 .bss
20000700 l    d  .stack	00000000 .stack
00000000 l    d  .debug_info	00000000 .debug_info
00000000 l    d  .debug_abbrev	00000000 .debug_abbrev
00000000 l    d  .debug_aranges	00000000 .debug_aranges
00000000 l    d  .debug_ranges	00000000 .debug_ranges
00000000 l    d  .debug_line	00000000 .debug_line
00000000 l    d  .debug_str	00000000 .debug_str
00000000 l    d  .comment	00000000 .comment
00000000 l    d  .debug_frame	00000000 .debug_frame
00000000 l    d  .debug_loc	00000000 .debug_loc
00000000 l    df *ABS*	00000000 ch32v00x_it.c
00000000 l    df *ABS*	00000000 main.c
00000000 l    df *ABS*	00000000 system_ch32v00x.c
00000000 l    df *ABS*	00000000 ch32v00x_gpio.c
00000000 l    df *ABS*	00000000 ch32v00x_rcc.c
20000004 l     O .data	00000014 ADCPrescTable
20000018 l     O .data	00000010 APBAHBPrescTable
00000000 l    df *ABS*	00000000 ch32v00x_usart.c
00000000 l    df *ABS*	00000000 debug.c
20000028 l     O .bss	00000002 p_ms
2000002a l     O .bss	00000001 p_us
00000000 l    df *ABS*	00000000 wchprintf.c
20000828 g       .data	00000000 __global_pointer$
0000033a  w      .text	00000000 TIM1_CC_IRQHandler
0000014e g     F .text	00000002 HardFault_Handler
0000030c  w      .text	00000000 SysTick_Handler
00000312  w      .text	00000000 PVD_IRQHandler
0000014a g     F .text	00000004 NMI_Handler
0000062a g     F .text	0000000a USART_GetFlagStatus
20000028 g       .bss	00000000 _sbss
00000100 g       *ABS*	00000000 __stack_size
000000aa g     F .text	0000000a .hidden __riscv_restore_2
000006f0 g     F .text	00000046 puts
20000000 g     O .data	00000004 SystemCoreClock
000000d4 g     F .text	0000002c .hidden __udivsi3
000000a0 g       .init	00000000 _einit
0000052e g     F .text	0000001e RCC_APB2PeriphClockCmd
000003c2 g     F .text	000000d6 GPIO_Init
00000332  w      .text	00000000 SPI1_IRQHandler
0000060c g     F .text	00000016 USART_Cmd
000000a0 g     F .text	0000000a .hidden __riscv_save_1
000000aa g     F .text	0000000a .hidden __riscv_restore_0
0000031a  w      .text	00000000 AWU_IRQHandler
00000318  w      .text	00000000 EXTI7_0_IRQHandler
20000700 g       .stack	00000000 _heap_end
00000322  w      .text	00000000 DMA1_Channel4_IRQHandler
00000150 g     F .text	00000090 USART1_CFG
0000032a  w      .text	00000000 ADC1_IRQHandler
2000002c g       .bss	00000000 _ebss
00000328  w      .text	00000000 DMA1_Channel7_IRQHandler
00000634 g     F .text	00000038 Delay_Init
00000100 g     F .text	00000008 .hidden __umodsi3
0000032c  w      .text	00000000 I2C1_EV_IRQHandler
00000498 g     F .text	00000096 RCC_GetClocksFreq
00000326  w      .text	00000000 DMA1_Channel6_IRQHandler
0000054c g     F .text	000000c0 USART_Init
00000316  w      .text	00000000 RCC_IRQHandler
00000338  w      .text	00000000 TIM1_TRG_COM_IRQHandler
0000031c  w      .text	00000000 DMA1_Channel1_IRQHandler
00000000 g       .init	00000000 _start
000000b4 g     F .text	00000014 .hidden __mulsi3
20000000 g       .dalign	00000000 _data_vma
000001e0 g     F .text	0000002a main
00000324  w      .text	00000000 DMA1_Channel5_IRQHandler
000000cc g     F .text	00000058 .hidden __divsi3
0000066c g     F .text	0000003a Delay_Ms
0000020a g     F .text	000000fe SystemInit
00000000 g       .init	00000000 _sinit
00000320  w      .text	00000000 DMA1_Channel3_IRQHandler
00000336  w      .text	00000000 TIM1_UP_IRQHandler
00000310  w      .text	00000000 WWDG_IRQHandler
0000033c  w      .text	00000000 TIM2_IRQHandler
20000800 g       .stack	00000000 _eusrstack
000000a0 g     F .text	0000000a .hidden __riscv_save_2
0000030e  w      .text	00000000 SW_Handler
00000334  w      .text	00000000 TIM1_BRK_IRQHandler
00000622 g     F .text	00000008 USART_SendData
000006a6 g     F .text	0000004a _write
20000028 g       .data	00000000 _edata
2000002c g       .bss	00000000 _end
0000075c g       .dlalign	00000000 _data_lma
00000124 g     F .text	00000024 .hidden __modsi3
0000031e  w      .text	00000000 DMA1_Channel2_IRQHandler
0000033e  w      .text	00000000 handle_reset
000000a0 g     F .text	0000000a .hidden __riscv_save_0
00000314  w      .text	00000000 FLASH_IRQHandler
00000330  w      .text	00000000 USART1_IRQHandler
0000032e  w      .text	00000000 I2C1_ER_IRQHandler
000000aa g     F .text	0000000a .hidden __riscv_restore_1



Disassembly of section .init:

00000000 <_sinit>:
   0:	33e0006f          	j	33e <handle_reset>
   4:	0000                	unimp
   6:	0000                	unimp
   8:	014a                	slli	sp,sp,0x12
   a:	0000                	unimp
   c:	014e                	slli	sp,sp,0x13
	...
  2e:	0000                	unimp
  30:	030c                	addi	a1,sp,384
  32:	0000                	unimp
  34:	0000                	unimp
  36:	0000                	unimp
  38:	030e                	slli	t1,t1,0x3
  3a:	0000                	unimp
  3c:	0000                	unimp
  3e:	0000                	unimp
  40:	0310                	addi	a2,sp,384
  42:	0000                	unimp
  44:	0312                	slli	t1,t1,0x4
  46:	0000                	unimp
  48:	0314                	addi	a3,sp,384
  4a:	0000                	unimp
  4c:	0316                	slli	t1,t1,0x5
  4e:	0000                	unimp
  50:	0318                	addi	a4,sp,384
  52:	0000                	unimp
  54:	031a                	slli	t1,t1,0x6
  56:	0000                	unimp
  58:	031c                	addi	a5,sp,384
  5a:	0000                	unimp
  5c:	031e                	slli	t1,t1,0x7
  5e:	0000                	unimp
  60:	0320                	addi	s0,sp,392
  62:	0000                	unimp
  64:	0322                	slli	t1,t1,0x8
  66:	0000                	unimp
  68:	0324                	addi	s1,sp,392
  6a:	0000                	unimp
  6c:	0326                	slli	t1,t1,0x9
  6e:	0000                	unimp
  70:	0328                	addi	a0,sp,392
  72:	0000                	unimp
  74:	032a                	slli	t1,t1,0xa
  76:	0000                	unimp
  78:	032c                	addi	a1,sp,392
  7a:	0000                	unimp
  7c:	032e                	slli	t1,t1,0xb
  7e:	0000                	unimp
  80:	0330                	addi	a2,sp,392
  82:	0000                	unimp
  84:	0332                	slli	t1,t1,0xc
  86:	0000                	unimp
  88:	0334                	addi	a3,sp,392
  8a:	0000                	unimp
  8c:	0336                	slli	t1,t1,0xd
  8e:	0000                	unimp
  90:	0338                	addi	a4,sp,392
  92:	0000                	unimp
  94:	033a                	slli	t1,t1,0xe
  96:	0000                	unimp
  98:	033c                	addi	a5,sp,392
  9a:	0000                	unimp
  9c:	0000                	unimp
	...

Disassembly of section .text:

000000a0 <__riscv_save_0>:
  a0:	1151                	addi	sp,sp,-12
  a2:	c026                	sw	s1,0(sp)
  a4:	c222                	sw	s0,4(sp)
  a6:	c406                	sw	ra,8(sp)
  a8:	8282                	jr	t0

000000aa <__riscv_restore_0>:
  aa:	4482                	lw	s1,0(sp)
  ac:	4412                	lw	s0,4(sp)
  ae:	40a2                	lw	ra,8(sp)
  b0:	0131                	addi	sp,sp,12
  b2:	8082                	ret

000000b4 <__mulsi3>:
  b4:	862a                	mv	a2,a0
  b6:	4501                	li	a0,0
  b8:	0015f693          	andi	a3,a1,1
  bc:	c291                	beqz	a3,c0 <__mulsi3+0xc>
  be:	9532                	add	a0,a0,a2
  c0:	8185                	srli	a1,a1,0x1
  c2:	0606                	slli	a2,a2,0x1
  c4:	f9f5                	bnez	a1,b8 <__mulsi3+0x4>
  c6:	8082                	ret
  c8:	0000                	unimp
	...

000000cc <__divsi3>:
  cc:	02054e63          	bltz	a0,108 <__umodsi3+0x8>
  d0:	0405c363          	bltz	a1,116 <__umodsi3+0x16>

000000d4 <__udivsi3>:
  d4:	862e                	mv	a2,a1
  d6:	85aa                	mv	a1,a0
  d8:	557d                	li	a0,-1
  da:	c215                	beqz	a2,fe <__udivsi3+0x2a>
  dc:	4685                	li	a3,1
  de:	00b67863          	bgeu	a2,a1,ee <__udivsi3+0x1a>
  e2:	00c05663          	blez	a2,ee <__udivsi3+0x1a>
  e6:	0606                	slli	a2,a2,0x1
  e8:	0686                	slli	a3,a3,0x1
  ea:	feb66ce3          	bltu	a2,a1,e2 <__udivsi3+0xe>
  ee:	4501                	li	a0,0
  f0:	00c5e463          	bltu	a1,a2,f8 <__udivsi3+0x24>
  f4:	8d91                	sub	a1,a1,a2
  f6:	8d55                	or	a0,a0,a3
  f8:	8285                	srli	a3,a3,0x1
  fa:	8205                	srli	a2,a2,0x1
  fc:	faf5                	bnez	a3,f0 <__udivsi3+0x1c>
  fe:	8082                	ret

00000100 <__umodsi3>:
 100:	8286                	mv	t0,ra
 102:	3fc9                	jal	d4 <__udivsi3>
 104:	852e                	mv	a0,a1
 106:	8282                	jr	t0
 108:	40a00533          	neg	a0,a0
 10c:	0005d763          	bgez	a1,11a <__umodsi3+0x1a>
 110:	40b005b3          	neg	a1,a1
 114:	b7c1                	j	d4 <__udivsi3>
 116:	40b005b3          	neg	a1,a1
 11a:	8286                	mv	t0,ra
 11c:	3f65                	jal	d4 <__udivsi3>
 11e:	40a00533          	neg	a0,a0
 122:	8282                	jr	t0

00000124 <__modsi3>:
 124:	8286                	mv	t0,ra
 126:	0005c763          	bltz	a1,134 <__modsi3+0x10>
 12a:	00054963          	bltz	a0,13c <__modsi3+0x18>
 12e:	375d                	jal	d4 <__udivsi3>
 130:	852e                	mv	a0,a1
 132:	8282                	jr	t0
 134:	40b005b3          	neg	a1,a1
 138:	fe055be3          	bgez	a0,12e <__modsi3+0xa>
 13c:	40a00533          	neg	a0,a0
 140:	3f51                	jal	d4 <__udivsi3>
 142:	40b00533          	neg	a0,a1
 146:	8282                	jr	t0
	...

0000014a <NMI_Handler>:
 14a:	30200073          	mret

0000014e <HardFault_Handler>:
 14e:	a001                	j	14e <HardFault_Handler>

00000150 <USART1_CFG>:
 150:	f51ff2ef          	jal	t0,a0 <__riscv_save_0>
 154:	6511                	lui	a0,0x4
 156:	1111                	addi	sp,sp,-28
 158:	4585                	li	a1,1
 15a:	03050513          	addi	a0,a0,48 # 4030 <_data_lma+0x38d4>
 15e:	c002                	sw	zero,0(sp)
 160:	c202                	sw	zero,4(sp)
 162:	c402                	sw	zero,8(sp)
 164:	c602                	sw	zero,12(sp)
 166:	c802                	sw	zero,16(sp)
 168:	ca02                	sw	zero,20(sp)
 16a:	cc02                	sw	zero,24(sp)
 16c:	26c9                	jal	52e <RCC_APB2PeriphClockCmd>
 16e:	02000793          	li	a5,32
 172:	40011437          	lui	s0,0x40011
 176:	807c                	sh	a5,0(sp)
 178:	478d                	li	a5,3
 17a:	c23e                	sw	a5,4(sp)
 17c:	858a                	mv	a1,sp
 17e:	47e1                	li	a5,24
 180:	40040513          	addi	a0,s0,1024 # 40011400 <__global_pointer$+0x20010bd8>
 184:	c43e                	sw	a5,8(sp)
 186:	2c35                	jal	3c2 <GPIO_Init>
 188:	4791                	li	a5,4
 18a:	858a                	mv	a1,sp
 18c:	40011537          	lui	a0,0x40011
 190:	807c                	sh	a5,0(sp)
 192:	2c05                	jal	3c2 <GPIO_Init>
 194:	04000793          	li	a5,64
 198:	807c                	sh	a5,0(sp)
 19a:	858a                	mv	a1,sp
 19c:	4791                	li	a5,4
 19e:	40040513          	addi	a0,s0,1024
 1a2:	c43e                	sw	a5,8(sp)
 1a4:	2c39                	jal	3c2 <GPIO_Init>
 1a6:	47a1                	li	a5,8
 1a8:	858a                	mv	a1,sp
 1aa:	40040513          	addi	a0,s0,1024
 1ae:	807c                	sh	a5,0(sp)
 1b0:	2c09                	jal	3c2 <GPIO_Init>
 1b2:	67f1                	lui	a5,0x1c
 1b4:	20078793          	addi	a5,a5,512 # 1c200 <_data_lma+0x1baa4>
 1b8:	40014437          	lui	s0,0x40014
 1bc:	c63e                	sw	a5,12(sp)
 1be:	000c07b7          	lui	a5,0xc0
 1c2:	ca3e                	sw	a5,20(sp)
 1c4:	006c                	addi	a1,sp,12
 1c6:	30000793          	li	a5,768
 1ca:	80040513          	addi	a0,s0,-2048 # 40013800 <__global_pointer$+0x20012fd8>
 1ce:	84fc                	sh	a5,24(sp)
 1d0:	c802                	sw	zero,16(sp)
 1d2:	2ead                	jal	54c <USART_Init>
 1d4:	4585                	li	a1,1
 1d6:	80040513          	addi	a0,s0,-2048
 1da:	290d                	jal	60c <USART_Cmd>
 1dc:	0171                	addi	sp,sp,28
 1de:	b5f1                	j	aa <__riscv_restore_0>

000001e0 <main>:
 1e0:	ec1ff2ef          	jal	t0,a0 <__riscv_save_0>
 1e4:	2981                	jal	634 <Delay_Init>
 1e6:	37ad                	jal	150 <USART1_CFG>
 1e8:	00000537          	lui	a0,0x0
 1ec:	73850513          	addi	a0,a0,1848 # 738 <puts+0x48>
 1f0:	40014437          	lui	s0,0x40014
 1f4:	29f5                	jal	6f0 <puts>
 1f6:	80040413          	addi	s0,s0,-2048 # 40013800 <__global_pointer$+0x20012fd8>
 1fa:	8522                	mv	a0,s0
 1fc:	04800593          	li	a1,72
 200:	210d                	jal	622 <USART_SendData>
 202:	1f400513          	li	a0,500
 206:	219d                	jal	66c <Delay_Ms>
 208:	bfcd                	j	1fa <main+0x1a>

0000020a <SystemInit>:
 20a:	400217b7          	lui	a5,0x40021
 20e:	4398                	lw	a4,0(a5)
 210:	fcff06b7          	lui	a3,0xfcff0
 214:	1161                	addi	sp,sp,-8
 216:	00176713          	ori	a4,a4,1
 21a:	c398                	sw	a4,0(a5)
 21c:	43d8                	lw	a4,4(a5)
 21e:	6621                	lui	a2,0x8
 220:	8f75                	and	a4,a4,a3
 222:	c3d8                	sw	a4,4(a5)
 224:	4398                	lw	a4,0(a5)
 226:	fef706b7          	lui	a3,0xfef70
 22a:	16fd                	addi	a3,a3,-1
 22c:	8f75                	and	a4,a4,a3
 22e:	c398                	sw	a4,0(a5)
 230:	4398                	lw	a4,0(a5)
 232:	fffc06b7          	lui	a3,0xfffc0
 236:	16fd                	addi	a3,a3,-1
 238:	8f75                	and	a4,a4,a3
 23a:	c398                	sw	a4,0(a5)
 23c:	43d8                	lw	a4,4(a5)
 23e:	76c1                	lui	a3,0xffff0
 240:	16fd                	addi	a3,a3,-1
 242:	8f75                	and	a4,a4,a3
 244:	c3d8                	sw	a4,4(a5)
 246:	009f0737          	lui	a4,0x9f0
 24a:	c798                	sw	a4,8(a5)
 24c:	c002                	sw	zero,0(sp)
 24e:	c202                	sw	zero,4(sp)
 250:	4f98                	lw	a4,24(a5)
 252:	400106b7          	lui	a3,0x40010
 256:	00176713          	ori	a4,a4,1
 25a:	cf98                	sw	a4,24(a5)
 25c:	42d8                	lw	a4,4(a3)
 25e:	8f51                	or	a4,a4,a2
 260:	c2d8                	sw	a4,4(a3)
 262:	4398                	lw	a4,0(a5)
 264:	66c1                	lui	a3,0x10
 266:	00020637          	lui	a2,0x20
 26a:	8f55                	or	a4,a4,a3
 26c:	c398                	sw	a4,0(a5)
 26e:	400216b7          	lui	a3,0x40021
 272:	6709                	lui	a4,0x2
 274:	429c                	lw	a5,0(a3)
 276:	8ff1                	and	a5,a5,a2
 278:	c23e                	sw	a5,4(sp)
 27a:	4782                	lw	a5,0(sp)
 27c:	0785                	addi	a5,a5,1
 27e:	c03e                	sw	a5,0(sp)
 280:	4792                	lw	a5,4(sp)
 282:	e781                	bnez	a5,28a <SystemInit+0x80>
 284:	4782                	lw	a5,0(sp)
 286:	fee797e3          	bne	a5,a4,274 <SystemInit+0x6a>
 28a:	400217b7          	lui	a5,0x40021
 28e:	439c                	lw	a5,0(a5)
 290:	00e79713          	slli	a4,a5,0xe
 294:	06075863          	bgez	a4,304 <SystemInit+0xfa>
 298:	4785                	li	a5,1
 29a:	c23e                	sw	a5,4(sp)
 29c:	4712                	lw	a4,4(sp)
 29e:	4785                	li	a5,1
 2a0:	06f71063          	bne	a4,a5,300 <SystemInit+0xf6>
 2a4:	400227b7          	lui	a5,0x40022
 2a8:	4398                	lw	a4,0(a5)
 2aa:	76c1                	lui	a3,0xffff0
 2ac:	16fd                	addi	a3,a3,-1
 2ae:	9b71                	andi	a4,a4,-4
 2b0:	c398                	sw	a4,0(a5)
 2b2:	4398                	lw	a4,0(a5)
 2b4:	00176713          	ori	a4,a4,1
 2b8:	c398                	sw	a4,0(a5)
 2ba:	400217b7          	lui	a5,0x40021
 2be:	43d8                	lw	a4,4(a5)
 2c0:	c3d8                	sw	a4,4(a5)
 2c2:	43d8                	lw	a4,4(a5)
 2c4:	8f75                	and	a4,a4,a3
 2c6:	c3d8                	sw	a4,4(a5)
 2c8:	43d8                	lw	a4,4(a5)
 2ca:	66c1                	lui	a3,0x10
 2cc:	8f55                	or	a4,a4,a3
 2ce:	c3d8                	sw	a4,4(a5)
 2d0:	4398                	lw	a4,0(a5)
 2d2:	010006b7          	lui	a3,0x1000
 2d6:	8f55                	or	a4,a4,a3
 2d8:	c398                	sw	a4,0(a5)
 2da:	4398                	lw	a4,0(a5)
 2dc:	00671693          	slli	a3,a4,0x6
 2e0:	fe06dde3          	bgez	a3,2da <SystemInit+0xd0>
 2e4:	43d8                	lw	a4,4(a5)
 2e6:	400216b7          	lui	a3,0x40021
 2ea:	9b71                	andi	a4,a4,-4
 2ec:	c3d8                	sw	a4,4(a5)
 2ee:	43d8                	lw	a4,4(a5)
 2f0:	00276713          	ori	a4,a4,2
 2f4:	c3d8                	sw	a4,4(a5)
 2f6:	4721                	li	a4,8
 2f8:	42dc                	lw	a5,4(a3)
 2fa:	8bb1                	andi	a5,a5,12
 2fc:	fee79ee3          	bne	a5,a4,2f8 <SystemInit+0xee>
 300:	0121                	addi	sp,sp,8
 302:	8082                	ret
 304:	c202                	sw	zero,4(sp)
 306:	bf59                	j	29c <SystemInit+0x92>
 308:	a001                	j	308 <SystemInit+0xfe>
 30a:	a001                	j	30a <SystemInit+0x100>

0000030c <SysTick_Handler>:
 30c:	a001                	j	30c <SysTick_Handler>

0000030e <SW_Handler>:
 30e:	a001                	j	30e <SW_Handler>

00000310 <WWDG_IRQHandler>:
 310:	a001                	j	310 <WWDG_IRQHandler>

00000312 <PVD_IRQHandler>:
 312:	a001                	j	312 <PVD_IRQHandler>

00000314 <FLASH_IRQHandler>:
 314:	a001                	j	314 <FLASH_IRQHandler>

00000316 <RCC_IRQHandler>:
 316:	a001                	j	316 <RCC_IRQHandler>

00000318 <EXTI7_0_IRQHandler>:
 318:	a001                	j	318 <EXTI7_0_IRQHandler>

0000031a <AWU_IRQHandler>:
 31a:	a001                	j	31a <AWU_IRQHandler>

0000031c <DMA1_Channel1_IRQHandler>:
 31c:	a001                	j	31c <DMA1_Channel1_IRQHandler>

0000031e <DMA1_Channel2_IRQHandler>:
 31e:	a001                	j	31e <DMA1_Channel2_IRQHandler>

00000320 <DMA1_Channel3_IRQHandler>:
 320:	a001                	j	320 <DMA1_Channel3_IRQHandler>

00000322 <DMA1_Channel4_IRQHandler>:
 322:	a001                	j	322 <DMA1_Channel4_IRQHandler>

00000324 <DMA1_Channel5_IRQHandler>:
 324:	a001                	j	324 <DMA1_Channel5_IRQHandler>

00000326 <DMA1_Channel6_IRQHandler>:
 326:	a001                	j	326 <DMA1_Channel6_IRQHandler>

00000328 <DMA1_Channel7_IRQHandler>:
 328:	a001                	j	328 <DMA1_Channel7_IRQHandler>

0000032a <ADC1_IRQHandler>:
 32a:	a001                	j	32a <ADC1_IRQHandler>

0000032c <I2C1_EV_IRQHandler>:
 32c:	a001                	j	32c <I2C1_EV_IRQHandler>

0000032e <I2C1_ER_IRQHandler>:
 32e:	a001                	j	32e <I2C1_ER_IRQHandler>

00000330 <USART1_IRQHandler>:
 330:	a001                	j	330 <USART1_IRQHandler>

00000332 <SPI1_IRQHandler>:
 332:	a001                	j	332 <SPI1_IRQHandler>

00000334 <TIM1_BRK_IRQHandler>:
 334:	a001                	j	334 <TIM1_BRK_IRQHandler>

00000336 <TIM1_UP_IRQHandler>:
 336:	a001                	j	336 <TIM1_UP_IRQHandler>

00000338 <TIM1_TRG_COM_IRQHandler>:
 338:	a001                	j	338 <TIM1_TRG_COM_IRQHandler>

0000033a <TIM1_CC_IRQHandler>:
 33a:	a001                	j	33a <TIM1_CC_IRQHandler>

0000033c <TIM2_IRQHandler>:
 33c:	a001                	j	33c <TIM2_IRQHandler>

0000033e <handle_reset>:
 33e:	20000197          	auipc	gp,0x20000
 342:	4ea18193          	addi	gp,gp,1258 # 20000828 <__global_pointer$>
 346:	fd818113          	addi	sp,gp,-40 # 20000800 <_eusrstack>
 34a:	75c00513          	li	a0,1884
 34e:	20000597          	auipc	a1,0x20000
 352:	cb258593          	addi	a1,a1,-846 # 20000000 <_data_vma>
 356:	20000617          	auipc	a2,0x20000
 35a:	cd260613          	addi	a2,a2,-814 # 20000028 <_edata>
 35e:	00c5fa63          	bgeu	a1,a2,372 <handle_reset+0x34>
 362:	00052283          	lw	t0,0(a0)
 366:	0055a023          	sw	t0,0(a1)
 36a:	0511                	addi	a0,a0,4
 36c:	0591                	addi	a1,a1,4
 36e:	fec5eae3          	bltu	a1,a2,362 <handle_reset+0x24>
 372:	20000517          	auipc	a0,0x20000
 376:	cb650513          	addi	a0,a0,-842 # 20000028 <_edata>
 37a:	20000597          	auipc	a1,0x20000
 37e:	cb258593          	addi	a1,a1,-846 # 2000002c <_ebss>
 382:	00b57763          	bgeu	a0,a1,390 <handle_reset+0x52>
 386:	00052023          	sw	zero,0(a0)
 38a:	0511                	addi	a0,a0,4
 38c:	feb56de3          	bltu	a0,a1,386 <handle_reset+0x48>
 390:	08000293          	li	t0,128
 394:	30029073          	csrw	mstatus,t0
 398:	428d                	li	t0,3
 39a:	80429073          	csrw	0x804,t0
 39e:	00000297          	auipc	t0,0x0
 3a2:	c6228293          	addi	t0,t0,-926 # 0 <_sinit>
 3a6:	0032e293          	ori	t0,t0,3
 3aa:	30529073          	csrw	mtvec,t0
 3ae:	e5dff0ef          	jal	ra,20a <SystemInit>
 3b2:	00000297          	auipc	t0,0x0
 3b6:	e2e28293          	addi	t0,t0,-466 # 1e0 <main>
 3ba:	34129073          	csrw	mepc,t0
 3be:	30200073          	mret

000003c2 <GPIO_Init>:
 3c2:	459c                	lw	a5,8(a1)
 3c4:	1161                	addi	sp,sp,-8
 3c6:	c222                	sw	s0,4(sp)
 3c8:	c026                	sw	s1,0(sp)
 3ca:	0107f713          	andi	a4,a5,16
 3ce:	00f7f313          	andi	t1,a5,15
 3d2:	c701                	beqz	a4,3da <GPIO_Init+0x18>
 3d4:	41d8                	lw	a4,4(a1)
 3d6:	00e36333          	or	t1,t1,a4
 3da:	2192                	lhu	a2,0(a1)
 3dc:	0ff67713          	andi	a4,a2,255
 3e0:	c729                	beqz	a4,42a <GPIO_Init+0x68>
 3e2:	00052383          	lw	t2,0(a0)
 3e6:	4701                	li	a4,0
 3e8:	02800413          	li	s0,40
 3ec:	04800493          	li	s1,72
 3f0:	4685                	li	a3,1
 3f2:	00e695b3          	sll	a1,a3,a4
 3f6:	00b676b3          	and	a3,a2,a1
 3fa:	02d59263          	bne	a1,a3,41e <GPIO_Init+0x5c>
 3fe:	00271293          	slli	t0,a4,0x2
 402:	46bd                	li	a3,15
 404:	005696b3          	sll	a3,a3,t0
 408:	fff6c693          	not	a3,a3
 40c:	0076f3b3          	and	t2,a3,t2
 410:	005312b3          	sll	t0,t1,t0
 414:	0072e3b3          	or	t2,t0,t2
 418:	06879763          	bne	a5,s0,486 <GPIO_Init+0xc4>
 41c:	c94c                	sw	a1,20(a0)
 41e:	0705                	addi	a4,a4,1
 420:	46a1                	li	a3,8
 422:	fcd717e3          	bne	a4,a3,3f0 <GPIO_Init+0x2e>
 426:	00752023          	sw	t2,0(a0)
 42a:	0ff00713          	li	a4,255
 42e:	04c77863          	bgeu	a4,a2,47e <GPIO_Init+0xbc>
 432:	00452383          	lw	t2,4(a0)
 436:	46a1                	li	a3,8
 438:	02800413          	li	s0,40
 43c:	04800493          	li	s1,72
 440:	4705                	li	a4,1
 442:	00d712b3          	sll	t0,a4,a3
 446:	00567733          	and	a4,a2,t0
 44a:	02e29463          	bne	t0,a4,472 <GPIO_Init+0xb0>
 44e:	00269713          	slli	a4,a3,0x2
 452:	1701                	addi	a4,a4,-32
 454:	45bd                	li	a1,15
 456:	00e595b3          	sll	a1,a1,a4
 45a:	fff5c593          	not	a1,a1
 45e:	0075f3b3          	and	t2,a1,t2
 462:	00e31733          	sll	a4,t1,a4
 466:	007763b3          	or	t2,a4,t2
 46a:	02879263          	bne	a5,s0,48e <GPIO_Init+0xcc>
 46e:	00552a23          	sw	t0,20(a0)
 472:	0685                	addi	a3,a3,1
 474:	4741                	li	a4,16
 476:	fce695e3          	bne	a3,a4,440 <GPIO_Init+0x7e>
 47a:	00752223          	sw	t2,4(a0)
 47e:	4412                	lw	s0,4(sp)
 480:	4482                	lw	s1,0(sp)
 482:	0121                	addi	sp,sp,8
 484:	8082                	ret
 486:	f8979ce3          	bne	a5,s1,41e <GPIO_Init+0x5c>
 48a:	c90c                	sw	a1,16(a0)
 48c:	bf49                	j	41e <GPIO_Init+0x5c>
 48e:	fe9792e3          	bne	a5,s1,472 <GPIO_Init+0xb0>
 492:	00552823          	sw	t0,16(a0)
 496:	bff1                	j	472 <GPIO_Init+0xb0>

00000498 <RCC_GetClocksFreq>:
 498:	c09ff2ef          	jal	t0,a0 <__riscv_save_0>
 49c:	40021737          	lui	a4,0x40021
 4a0:	435c                	lw	a5,4(a4)
 4a2:	4691                	li	a3,4
 4a4:	842a                	mv	s0,a0
 4a6:	8bb1                	andi	a5,a5,12
 4a8:	00d78563          	beq	a5,a3,4b2 <RCC_GetClocksFreq+0x1a>
 4ac:	46a1                	li	a3,8
 4ae:	06d78a63          	beq	a5,a3,522 <RCC_GetClocksFreq+0x8a>
 4b2:	016e37b7          	lui	a5,0x16e3
 4b6:	60078793          	addi	a5,a5,1536 # 16e3600 <_data_lma+0x16e2ea4>
 4ba:	c01c                	sw	a5,0(s0)
 4bc:	400216b7          	lui	a3,0x40021
 4c0:	42dc                	lw	a5,4(a3)
 4c2:	8391                	srli	a5,a5,0x4
 4c4:	00f7f713          	andi	a4,a5,15
 4c8:	200007b7          	lui	a5,0x20000
 4cc:	01878793          	addi	a5,a5,24 # 20000018 <APBAHBPrescTable>
 4d0:	97ba                	add	a5,a5,a4
 4d2:	238c                	lbu	a1,0(a5)
 4d4:	42dc                	lw	a5,4(a3)
 4d6:	4018                	lw	a4,0(s0)
 4d8:	0ff5f593          	andi	a1,a1,255
 4dc:	0807f793          	andi	a5,a5,128
 4e0:	00b75533          	srl	a0,a4,a1
 4e4:	e399                	bnez	a5,4ea <RCC_GetClocksFreq+0x52>
 4e6:	853a                	mv	a0,a4
 4e8:	36f5                	jal	d4 <__udivsi3>
 4ea:	c048                	sw	a0,4(s0)
 4ec:	c408                	sw	a0,8(s0)
 4ee:	c448                	sw	a0,12(s0)
 4f0:	400217b7          	lui	a5,0x40021
 4f4:	43dc                	lw	a5,4(a5)
 4f6:	83ad                	srli	a5,a5,0xb
 4f8:	8bfd                	andi	a5,a5,31
 4fa:	0037d713          	srli	a4,a5,0x3
 4fe:	078a                	slli	a5,a5,0x2
 500:	8bf1                	andi	a5,a5,28
 502:	8fd9                	or	a5,a5,a4
 504:	0137f693          	andi	a3,a5,19
 508:	470d                	li	a4,3
 50a:	00d77363          	bgeu	a4,a3,510 <RCC_GetClocksFreq+0x78>
 50e:	17d1                	addi	a5,a5,-12
 510:	20000737          	lui	a4,0x20000
 514:	00470713          	addi	a4,a4,4 # 20000004 <ADCPrescTable>
 518:	97ba                	add	a5,a5,a4
 51a:	238c                	lbu	a1,0(a5)
 51c:	3e65                	jal	d4 <__udivsi3>
 51e:	c808                	sw	a0,16(s0)
 520:	b669                	j	aa <__riscv_restore_0>
 522:	435c                	lw	a5,4(a4)
 524:	02dc77b7          	lui	a5,0x2dc7
 528:	c0078793          	addi	a5,a5,-1024 # 2dc6c00 <_data_lma+0x2dc64a4>
 52c:	b779                	j	4ba <RCC_GetClocksFreq+0x22>

0000052e <RCC_APB2PeriphClockCmd>:
 52e:	c599                	beqz	a1,53c <RCC_APB2PeriphClockCmd+0xe>
 530:	40021737          	lui	a4,0x40021
 534:	4f1c                	lw	a5,24(a4)
 536:	8d5d                	or	a0,a0,a5
 538:	cf08                	sw	a0,24(a4)
 53a:	8082                	ret
 53c:	400217b7          	lui	a5,0x40021
 540:	4f98                	lw	a4,24(a5)
 542:	fff54513          	not	a0,a0
 546:	8d79                	and	a0,a0,a4
 548:	cf88                	sw	a0,24(a5)
 54a:	8082                	ret

0000054c <USART_Init>:
 54c:	b55ff2ef          	jal	t0,a0 <__riscv_save_0>
 550:	2916                	lhu	a3,16(a0)
 552:	77f5                	lui	a5,0xffffd
 554:	17fd                	addi	a5,a5,-1
 556:	8ff5                	and	a5,a5,a3
 558:	21f6                	lhu	a3,6(a1)
 55a:	25da                	lhu	a4,12(a1)
 55c:	1121                	addi	sp,sp,-24
 55e:	8fd5                	or	a5,a5,a3
 560:	a91e                	sh	a5,16(a0)
 562:	2556                	lhu	a3,12(a0)
 564:	77fd                	lui	a5,0xfffff
 566:	9f378793          	addi	a5,a5,-1549 # ffffe9f3 <__global_pointer$+0xdfffe1cb>
 56a:	8ff5                	and	a5,a5,a3
 56c:	21d6                	lhu	a3,4(a1)
 56e:	842a                	mv	s0,a0
 570:	c02e                	sw	a1,0(sp)
 572:	8fd5                	or	a5,a5,a3
 574:	2596                	lhu	a3,8(a1)
 576:	8fd5                	or	a5,a5,a3
 578:	25b6                	lhu	a3,10(a1)
 57a:	8fd5                	or	a5,a5,a3
 57c:	a55e                	sh	a5,12(a0)
 57e:	295e                	lhu	a5,20(a0)
 580:	07c2                	slli	a5,a5,0x10
 582:	83c1                	srli	a5,a5,0x10
 584:	cff7f793          	andi	a5,a5,-769
 588:	8f5d                	or	a4,a4,a5
 58a:	a95a                	sh	a4,20(a0)
 58c:	0048                	addi	a0,sp,4
 58e:	3729                	jal	498 <RCC_GetClocksFreq>
 590:	400147b7          	lui	a5,0x40014
 594:	80078793          	addi	a5,a5,-2048 # 40013800 <__global_pointer$+0x20012fd8>
 598:	4582                	lw	a1,0(sp)
 59a:	04f41d63          	bne	s0,a5,5f4 <USART_Init+0xa8>
 59e:	47c2                	lw	a5,16(sp)
 5a0:	245a                	lhu	a4,12(s0)
 5a2:	00179513          	slli	a0,a5,0x1
 5a6:	953e                	add	a0,a0,a5
 5a8:	0742                	slli	a4,a4,0x10
 5aa:	050e                	slli	a0,a0,0x3
 5ac:	8741                	srai	a4,a4,0x10
 5ae:	953e                	add	a0,a0,a5
 5b0:	418c                	lw	a1,0(a1)
 5b2:	04075363          	bgez	a4,5f8 <USART_Init+0xac>
 5b6:	0586                	slli	a1,a1,0x1
 5b8:	3e31                	jal	d4 <__udivsi3>
 5ba:	06400593          	li	a1,100
 5be:	c02a                	sw	a0,0(sp)
 5c0:	3e11                	jal	d4 <__udivsi3>
 5c2:	4782                	lw	a5,0(sp)
 5c4:	00451493          	slli	s1,a0,0x4
 5c8:	06400593          	li	a1,100
 5cc:	853e                	mv	a0,a5
 5ce:	3e0d                	jal	100 <__umodsi3>
 5d0:	245e                	lhu	a5,12(s0)
 5d2:	07c2                	slli	a5,a5,0x10
 5d4:	87c1                	srai	a5,a5,0x10
 5d6:	0207d363          	bgez	a5,5fc <USART_Init+0xb0>
 5da:	050e                	slli	a0,a0,0x3
 5dc:	06400593          	li	a1,100
 5e0:	03250513          	addi	a0,a0,50
 5e4:	3cc5                	jal	d4 <__udivsi3>
 5e6:	891d                	andi	a0,a0,7
 5e8:	8cc9                	or	s1,s1,a0
 5ea:	04c2                	slli	s1,s1,0x10
 5ec:	80c1                	srli	s1,s1,0x10
 5ee:	a406                	sh	s1,8(s0)
 5f0:	0161                	addi	sp,sp,24
 5f2:	bc65                	j	aa <__riscv_restore_0>
 5f4:	47b2                	lw	a5,12(sp)
 5f6:	b76d                	j	5a0 <USART_Init+0x54>
 5f8:	058a                	slli	a1,a1,0x2
 5fa:	bf7d                	j	5b8 <USART_Init+0x6c>
 5fc:	0512                	slli	a0,a0,0x4
 5fe:	06400593          	li	a1,100
 602:	03250513          	addi	a0,a0,50
 606:	34f9                	jal	d4 <__udivsi3>
 608:	893d                	andi	a0,a0,15
 60a:	bff9                	j	5e8 <USART_Init+0x9c>

0000060c <USART_Cmd>:
 60c:	c591                	beqz	a1,618 <USART_Cmd+0xc>
 60e:	255e                	lhu	a5,12(a0)
 610:	6709                	lui	a4,0x2
 612:	8fd9                	or	a5,a5,a4
 614:	a55e                	sh	a5,12(a0)
 616:	8082                	ret
 618:	255a                	lhu	a4,12(a0)
 61a:	77f9                	lui	a5,0xffffe
 61c:	17fd                	addi	a5,a5,-1
 61e:	8ff9                	and	a5,a5,a4
 620:	bfd5                	j	614 <USART_Cmd+0x8>

00000622 <USART_SendData>:
 622:	1ff5f593          	andi	a1,a1,511
 626:	a14e                	sh	a1,4(a0)
 628:	8082                	ret

0000062a <USART_GetFlagStatus>:
 62a:	210a                	lhu	a0,0(a0)
 62c:	8d6d                	and	a0,a0,a1
 62e:	00a03533          	snez	a0,a0
 632:	8082                	ret

00000634 <Delay_Init>:
 634:	a6dff2ef          	jal	t0,a0 <__riscv_save_0>
 638:	200007b7          	lui	a5,0x20000
 63c:	0007a503          	lw	a0,0(a5) # 20000000 <_data_vma>
 640:	007a15b7          	lui	a1,0x7a1
 644:	20058593          	addi	a1,a1,512 # 7a1200 <_data_lma+0x7a0aa4>
 648:	3471                	jal	d4 <__udivsi3>
 64a:	0ff57513          	andi	a0,a0,255
 64e:	200007b7          	lui	a5,0x20000
 652:	02a78523          	sb	a0,42(a5) # 2000002a <p_us>
 656:	00551793          	slli	a5,a0,0x5
 65a:	8f89                	sub	a5,a5,a0
 65c:	078a                	slli	a5,a5,0x2
 65e:	953e                	add	a0,a0,a5
 660:	050e                	slli	a0,a0,0x3
 662:	200007b7          	lui	a5,0x20000
 666:	02a79423          	sh	a0,40(a5) # 20000028 <_edata>
 66a:	b481                	j	aa <__riscv_restore_0>

0000066c <Delay_Ms>:
 66c:	a35ff2ef          	jal	t0,a0 <__riscv_save_0>
 670:	e000f437          	lui	s0,0xe000f
 674:	405c                	lw	a5,4(s0)
 676:	85aa                	mv	a1,a0
 678:	9bf9                	andi	a5,a5,-2
 67a:	c05c                	sw	a5,4(s0)
 67c:	200007b7          	lui	a5,0x20000
 680:	0287d503          	lhu	a0,40(a5) # 20000028 <_edata>
 684:	3c05                	jal	b4 <__mulsi3>
 686:	c808                	sw	a0,16(s0)
 688:	00042423          	sw	zero,8(s0) # e000f008 <__global_pointer$+0xc000e7e0>
 68c:	401c                	lw	a5,0(s0)
 68e:	0017e793          	ori	a5,a5,1
 692:	c01c                	sw	a5,0(s0)
 694:	e000f7b7          	lui	a5,0xe000f
 698:	43d8                	lw	a4,4(a5)
 69a:	8b05                	andi	a4,a4,1
 69c:	df75                	beqz	a4,698 <Delay_Ms+0x2c>
 69e:	4398                	lw	a4,0(a5)
 6a0:	9b79                	andi	a4,a4,-2
 6a2:	c398                	sw	a4,0(a5)
 6a4:	b419                	j	aa <__riscv_restore_0>

000006a6 <_write>:
 6a6:	9fbff2ef          	jal	t0,a0 <__riscv_save_0>
 6aa:	1171                	addi	sp,sp,-4
 6ac:	84ae                	mv	s1,a1
 6ae:	4401                	li	s0,0
 6b0:	02c45d63          	bge	s0,a2,6ea <_write+0x44>
 6b4:	400147b7          	lui	a5,0x40014
 6b8:	80078713          	addi	a4,a5,-2048 # 40013800 <__global_pointer$+0x20012fd8>
 6bc:	853a                	mv	a0,a4
 6be:	04000593          	li	a1,64
 6c2:	c032                	sw	a2,0(sp)
 6c4:	379d                	jal	62a <USART_GetFlagStatus>
 6c6:	400147b7          	lui	a5,0x40014
 6ca:	80078713          	addi	a4,a5,-2048 # 40013800 <__global_pointer$+0x20012fd8>
 6ce:	4602                	lw	a2,0(sp)
 6d0:	d575                	beqz	a0,6bc <_write+0x16>
 6d2:	00848733          	add	a4,s1,s0
 6d6:	00070583          	lb	a1,0(a4) # 2000 <_data_lma+0x18a4>
 6da:	80078513          	addi	a0,a5,-2048
 6de:	0405                	addi	s0,s0,1
 6e0:	05c2                	slli	a1,a1,0x10
 6e2:	81c1                	srli	a1,a1,0x10
 6e4:	3f3d                	jal	622 <USART_SendData>
 6e6:	4602                	lw	a2,0(sp)
 6e8:	b7e1                	j	6b0 <_write+0xa>
 6ea:	8532                	mv	a0,a2
 6ec:	0111                	addi	sp,sp,4
 6ee:	ba75                	j	aa <__riscv_restore_0>

000006f0 <puts>:
 6f0:	1141                	addi	sp,sp,-16
 6f2:	c422                	sw	s0,8(sp)
 6f4:	c226                	sw	s1,4(sp)
 6f6:	c606                	sw	ra,12(sp)
 6f8:	211c                	lbu	a5,0(a0)
 6fa:	84aa                	mv	s1,a0
 6fc:	4401                	li	s0,0
 6fe:	81dc                	sb	a5,3(sp)
 700:	00310783          	lb	a5,3(sp)
 704:	0405                	addi	s0,s0,1
 706:	ef91                	bnez	a5,722 <puts+0x32>
 708:	47a9                	li	a5,10
 70a:	00310593          	addi	a1,sp,3
 70e:	4605                	li	a2,1
 710:	4501                	li	a0,0
 712:	81dc                	sb	a5,3(sp)
 714:	3f49                	jal	6a6 <_write>
 716:	8522                	mv	a0,s0
 718:	40b2                	lw	ra,12(sp)
 71a:	4422                	lw	s0,8(sp)
 71c:	4492                	lw	s1,4(sp)
 71e:	0141                	addi	sp,sp,16
 720:	8082                	ret
 722:	4605                	li	a2,1
 724:	00310593          	addi	a1,sp,3
 728:	4501                	li	a0,0
 72a:	3fb5                	jal	6a6 <_write>
 72c:	008487b3          	add	a5,s1,s0
 730:	239c                	lbu	a5,0(a5)
 732:	81dc                	sb	a5,3(sp)
 734:	b7f1                	j	700 <puts+0x10>
 736:	0000                	unimp
 738:	5355                	li	t1,-11
 73a:	5241                	li	tp,-16
 73c:	3154                	lbu	a3,5(a0)
 73e:	4820                	lw	s0,80(s0)
 740:	7261                	lui	tp,0xffff8
 742:	7764                	flw	fs1,108(a4)
 744:	7261                	lui	tp,0xffff8
 746:	2065                	jal	7ee <_data_lma+0x92>
 748:	6c46                	flw	fs8,80(sp)
 74a:	4320776f          	jal	a4,7b7c <_data_lma+0x7420>
 74e:	72746e6f          	jal	t3,47674 <_data_lma+0x46f18>
 752:	54206c6f          	jal	s8,6c94 <_data_lma+0x6538>
 756:	5345                	li	t1,-15
 758:	0d54                	addi	a3,sp,660
	...
