
TIMER_PWM.elf:     file format elf32-littleriscv
TIMER_PWM.elf
architecture: riscv:rv32, flags 0x00000112:
EXEC_P, HAS_SYMS, D_PAGED
start address 0x00000000

Program Header:
    LOAD off    0x00001000 vaddr 0x00000000 paddr 0x00000000 align 2**12
         filesz 0x00000e9c memsz 0x00000e9c flags r-x
    LOAD off    0x00002000 vaddr 0x20000000 paddr 0x00000e9c align 2**12
         filesz 0x00000038 memsz 0x0000003c flags rw-
    LOAD off    0x00002700 vaddr 0x20000700 paddr 0x20000700 align 2**12
         filesz 0x00000000 memsz 0x00000100 flags rw-

Sections:
Idx Name          Size      VMA       LMA       File off  Algn
  0 .init         000000a0  00000000  00000000  00001000  2**2
                  CONTENTS, ALLOC, LOAD, READONLY, CODE
  1 .text         00000dfc  000000a0  000000a0  000010a0  2**2
                  CONTENTS, ALLOC, LOAD, READONLY, CODE
  2 .fini         00000000  00000e9c  00000e9c  00002038  2**0
                  CONTENTS, ALLOC, LOAD, CODE
  3 .dalign       00000000  20000000  20000000  00002038  2**0
                  CONTENTS
  4 .dlalign      00000000  00000e9c  00000e9c  00002038  2**0
                  CONTENTS
  5 .data         00000038  20000000  00000e9c  00002000  2**2
                  CONTENTS, ALLOC, LOAD, DATA
  6 .bss          00000004  20000038  00000ed4  00002038  2**1
                  ALLOC
  7 .stack        00000100  20000700  20000700  00002700  2**0
                  ALLOC
  8 .debug_info   00009175  00000000  00000000  00002038  2**0
                  CONTENTS, READONLY, DEBUGGING
  9 .debug_abbrev 000017d8  00000000  00000000  0000b1ad  2**0
                  CONTENTS, READONLY, DEBUGGING
 10 .debug_aranges 00000630  00000000  00000000  0000c988  2**3
                  CONTENTS, READONLY, DEBUGGING
 11 .debug_ranges 000005f8  00000000  00000000  0000cfb8  2**3
                  CONTENTS, READONLY, DEBUGGING
 12 .debug_line   00006f73  00000000  00000000  0000d5b0  2**0
                  CONTENTS, READONLY, DEBUGGING
 13 .debug_str    00001dd1  00000000  00000000  00014523  2**0
                  CONTENTS, READONLY, DEBUGGING
 14 .comment      00000033  00000000  00000000  000162f4  2**0
                  CONTENTS, READONLY
 15 .debug_frame  00000c9c  00000000  00000000  00016328  2**2
                  CONTENTS, READONLY, DEBUGGING
 16 .debug_loc    00002ef5  00000000  00000000  00016fc4  2**0
                  CONTENTS, READONLY, DEBUGGING
SYMBOL TABLE:
00000000 l    d  .init	00000000 .init
000000a0 l    d  .text	00000000 .text
00000e9c l    d  .fini	00000000 .fini
20000000 l    d  .dalign	00000000 .dalign
00000e9c l    d  .dlalign	00000000 .dlalign
20000000 l    d  .data	00000000 .data
20000038 l    d  .bss	00000000 .bss
20000700 l    d  .stack	00000000 .stack
00000000 l    d  .debug_info	00000000 .debug_info
00000000 l    d  .debug_abbrev	00000000 .debug_abbrev
00000000 l    d  .debug_aranges	00000000 .debug_aranges
00000000 l    d  .debug_ranges	00000000 .debug_ranges
00000000 l    d  .debug_line	00000000 .debug_line
00000000 l    d  .debug_str	00000000 .debug_str
00000000 l    d  .comment	00000000 .comment
00000000 l    d  .debug_frame	00000000 .debug_frame
00000000 l    d  .debug_loc	00000000 .debug_loc
00000000 l    df *ABS*	00000000 ch32v00x_it.c
00000000 l    df *ABS*	00000000 main.c
00000000 l    df *ABS*	00000000 system_ch32v00x.c
00000000 l    df *ABS*	00000000 ch32v00x_gpio.c
00000000 l    df *ABS*	00000000 ch32v00x_rcc.c
20000014 l     O .data	00000014 ADCPrescTable
20000028 l     O .data	00000010 APBAHBPrescTable
00000000 l    df *ABS*	00000000 ch32v00x_tim.c
00000000 l    df *ABS*	00000000 ch32v00x_usart.c
00000000 l    df *ABS*	00000000 debug.c
20000038 l     O .bss	00000002 p_ms
2000003a l     O .bss	00000001 p_us
00000000 l    df *ABS*	00000000 wchprintf.c
00000b0c  w    F .text	00000004 printDouble
00000b10  w    F .text	00000352 print
00000e62  w    F .text	00000022 printf
20000838 g       .data	00000000 __global_pointer$
000003e0  w      .text	00000000 TIM1_CC_IRQHandler
00000136 g     F .text	00000002 HardFault_Handler
000009fa  w    F .text	0000010e printInt
000006f6 g     F .text	0000000e TIM_OC1PreloadConfig
000003b2  w      .text	00000000 SysTick_Handler
000003b8  w      .text	00000000 PVD_IRQHandler
00000132 g     F .text	00000004 NMI_Handler
000007e6 g     F .text	0000000a USART_GetFlagStatus
20000038 g       .bss	00000000 _sbss
00000100 g       *ABS*	00000000 __stack_size
0000082c g     F .text	00000054 USART_Printf_Init
000000aa g     F .text	0000000a .hidden __riscv_restore_2
000006c6 g     F .text	00000016 TIM_CtrlPWMOutputs
00000b08  w    F .text	00000004 printLongLongInt
000006ae g     F .text	00000018 TIM_Cmd
20000010 g     O .data	00000004 SystemCoreClock
000000bc g     F .text	0000002c .hidden __udivsi3
000000a0 g       .init	00000000 _einit
000005d8 g     F .text	0000001e RCC_APB2PeriphClockCmd
0000046c g     F .text	000000d6 GPIO_Init
000003d8  w      .text	00000000 SPI1_IRQHandler
000007c8 g     F .text	00000016 USART_Cmd
000000a0 g     F .text	0000000a .hidden __riscv_save_1
000000aa g     F .text	0000000a .hidden __riscv_restore_0
000003c0  w      .text	00000000 AWU_IRQHandler
000003be  w      .text	00000000 EXTI7_0_IRQHandler
20000700 g       .stack	00000000 _heap_end
000003c8  w      .text	00000000 DMA1_Channel4_IRQHandler
000003d0  w      .text	00000000 ADC1_IRQHandler
2000003c g       .bss	00000000 _ebss
000003ce  w      .text	00000000 DMA1_Channel7_IRQHandler
00000644 g     F .text	0000006a TIM_OC1Init
000007f0 g     F .text	0000003c Delay_Init
000006dc g     F .text	0000001a TIM_ARRPreloadConfig
000000e8 g     F .text	00000008 .hidden __umodsi3
000003d2  w      .text	00000000 I2C1_EV_IRQHandler
00000542 g     F .text	00000096 RCC_GetClocksFreq
000003cc  w      .text	00000000 DMA1_Channel6_IRQHandler
00000708 g     F .text	000000c0 USART_Init
000003bc  w      .text	00000000 RCC_IRQHandler
000003de  w      .text	00000000 TIM1_TRG_COM_IRQHandler
000003c2  w      .text	00000000 DMA1_Channel1_IRQHandler
00000000 g       .init	00000000 _start
20000000 g     O .data	00000010 AHBPrescTable
00000914  w    F .text	000000e6 prints
20000000 g       .dalign	00000000 _data_vma
000001d6 g     F .text	00000072 main
000003ca  w      .text	00000000 DMA1_Channel5_IRQHandler
000000b4 g     F .text	00000058 .hidden __divsi3
00000248 g     F .text	000000fe SystemInit
000008cc  w    F .text	00000048 printchar
00000000 g       .init	00000000 _sinit
000003c6  w      .text	00000000 DMA1_Channel3_IRQHandler
000003dc  w      .text	00000000 TIM1_UP_IRQHandler
000003b6  w      .text	00000000 WWDG_IRQHandler
000003e2  w      .text	00000000 TIM2_IRQHandler
20000800 g       .stack	00000000 _eusrstack
000000a0 g     F .text	0000000a .hidden __riscv_save_2
000003b4  w      .text	00000000 SW_Handler
00000138 g     F .text	0000009e TIM1_PWMOut_Init
000003da  w      .text	00000000 TIM1_BRK_IRQHandler
000007de g     F .text	00000008 USART_SendData
00000880 g     F .text	0000004c _write
20000038 g       .data	00000000 _edata
2000003c g       .bss	00000000 _end
000005f6 g     F .text	0000004e TIM_TimeBaseInit
00000e9c g       .dlalign	00000000 _data_lma
00000346 g     F .text	00000068 SystemCoreClockUpdate
0000010c g     F .text	00000024 .hidden __modsi3
000003c4  w      .text	00000000 DMA1_Channel2_IRQHandler
000003e4  w      .text	00000000 handle_reset
000000a0 g     F .text	0000000a .hidden __riscv_save_0
000003ba  w      .text	00000000 FLASH_IRQHandler
000003d6  w      .text	00000000 USART1_IRQHandler
000003d4  w      .text	00000000 I2C1_ER_IRQHandler
000000aa g     F .text	0000000a .hidden __riscv_restore_1
00000704 g     F .text	00000004 TIM_SetCompare1



Disassembly of section .init:

00000000 <_sinit>:
   0:	3e40006f          	j	3e4 <handle_reset>
   4:	0000                	unimp
   6:	0000                	unimp
   8:	0132                	slli	sp,sp,0xc
   a:	0000                	unimp
   c:	0136                	slli	sp,sp,0xd
	...
  2e:	0000                	unimp
  30:	03b2                	slli	t2,t2,0xc
  32:	0000                	unimp
  34:	0000                	unimp
  36:	0000                	unimp
  38:	03b4                	addi	a3,sp,456
  3a:	0000                	unimp
  3c:	0000                	unimp
  3e:	0000                	unimp
  40:	03b6                	slli	t2,t2,0xd
  42:	0000                	unimp
  44:	03b8                	addi	a4,sp,456
  46:	0000                	unimp
  48:	03ba                	slli	t2,t2,0xe
  4a:	0000                	unimp
  4c:	03bc                	addi	a5,sp,456
  4e:	0000                	unimp
  50:	03be                	slli	t2,t2,0xf
  52:	0000                	unimp
  54:	03c0                	addi	s0,sp,452
  56:	0000                	unimp
  58:	03c2                	slli	t2,t2,0x10
  5a:	0000                	unimp
  5c:	03c4                	addi	s1,sp,452
  5e:	0000                	unimp
  60:	03c6                	slli	t2,t2,0x11
  62:	0000                	unimp
  64:	03c8                	addi	a0,sp,452
  66:	0000                	unimp
  68:	03ca                	slli	t2,t2,0x12
  6a:	0000                	unimp
  6c:	03cc                	addi	a1,sp,452
  6e:	0000                	unimp
  70:	03ce                	slli	t2,t2,0x13
  72:	0000                	unimp
  74:	03d0                	addi	a2,sp,452
  76:	0000                	unimp
  78:	03d2                	slli	t2,t2,0x14
  7a:	0000                	unimp
  7c:	03d4                	addi	a3,sp,452
  7e:	0000                	unimp
  80:	03d6                	slli	t2,t2,0x15
  82:	0000                	unimp
  84:	03d8                	addi	a4,sp,452
  86:	0000                	unimp
  88:	03da                	slli	t2,t2,0x16
  8a:	0000                	unimp
  8c:	03dc                	addi	a5,sp,452
  8e:	0000                	unimp
  90:	03de                	slli	t2,t2,0x17
  92:	0000                	unimp
  94:	03e0                	addi	s0,sp,460
  96:	0000                	unimp
  98:	03e2                	slli	t2,t2,0x18
  9a:	0000                	unimp
  9c:	0000                	unimp
	...

Disassembly of section .text:

000000a0 <__riscv_save_0>:
  a0:	1151                	addi	sp,sp,-12
  a2:	c026                	sw	s1,0(sp)
  a4:	c222                	sw	s0,4(sp)
  a6:	c406                	sw	ra,8(sp)
  a8:	8282                	jr	t0

000000aa <__riscv_restore_0>:
  aa:	4482                	lw	s1,0(sp)
  ac:	4412                	lw	s0,4(sp)
  ae:	40a2                	lw	ra,8(sp)
  b0:	0131                	addi	sp,sp,12
  b2:	8082                	ret

000000b4 <__divsi3>:
  b4:	02054e63          	bltz	a0,f0 <__umodsi3+0x8>
  b8:	0405c363          	bltz	a1,fe <__umodsi3+0x16>

000000bc <__udivsi3>:
  bc:	862e                	mv	a2,a1
  be:	85aa                	mv	a1,a0
  c0:	557d                	li	a0,-1
  c2:	c215                	beqz	a2,e6 <__udivsi3+0x2a>
  c4:	4685                	li	a3,1
  c6:	00b67863          	bgeu	a2,a1,d6 <__udivsi3+0x1a>
  ca:	00c05663          	blez	a2,d6 <__udivsi3+0x1a>
  ce:	0606                	slli	a2,a2,0x1
  d0:	0686                	slli	a3,a3,0x1
  d2:	feb66ce3          	bltu	a2,a1,ca <__udivsi3+0xe>
  d6:	4501                	li	a0,0
  d8:	00c5e463          	bltu	a1,a2,e0 <__udivsi3+0x24>
  dc:	8d91                	sub	a1,a1,a2
  de:	8d55                	or	a0,a0,a3
  e0:	8285                	srli	a3,a3,0x1
  e2:	8205                	srli	a2,a2,0x1
  e4:	faf5                	bnez	a3,d8 <__udivsi3+0x1c>
  e6:	8082                	ret

000000e8 <__umodsi3>:
  e8:	8286                	mv	t0,ra
  ea:	3fc9                	jal	bc <__udivsi3>
  ec:	852e                	mv	a0,a1
  ee:	8282                	jr	t0
  f0:	40a00533          	neg	a0,a0
  f4:	0005d763          	bgez	a1,102 <__stack_size+0x2>
  f8:	40b005b3          	neg	a1,a1
  fc:	b7c1                	j	bc <__udivsi3>
  fe:	40b005b3          	neg	a1,a1
 102:	8286                	mv	t0,ra
 104:	3f65                	jal	bc <__udivsi3>
 106:	40a00533          	neg	a0,a0
 10a:	8282                	jr	t0

0000010c <__modsi3>:
 10c:	8286                	mv	t0,ra
 10e:	0005c763          	bltz	a1,11c <__modsi3+0x10>
 112:	00054963          	bltz	a0,124 <__modsi3+0x18>
 116:	375d                	jal	bc <__udivsi3>
 118:	852e                	mv	a0,a1
 11a:	8282                	jr	t0
 11c:	40b005b3          	neg	a1,a1
 120:	fe055be3          	bgez	a0,116 <__modsi3+0xa>
 124:	40a00533          	neg	a0,a0
 128:	3f51                	jal	bc <__udivsi3>
 12a:	40b00533          	neg	a0,a1
 12e:	8282                	jr	t0
	...

00000132 <NMI_Handler>:
 132:	30200073          	mret

00000136 <HardFault_Handler>:
 136:	a001                	j	136 <HardFault_Handler>

00000138 <TIM1_PWMOut_Init>:
 138:	f69ff2ef          	jal	t0,a0 <__riscv_save_0>
 13c:	84aa                	mv	s1,a0
 13e:	6505                	lui	a0,0x1
 140:	fd410113          	addi	sp,sp,-44
 144:	842e                	mv	s0,a1
 146:	82050513          	addi	a0,a0,-2016 # 820 <Delay_Init+0x30>
 14a:	4585                	li	a1,1
 14c:	c032                	sw	a2,0(sp)
 14e:	c802                	sw	zero,16(sp)
 150:	ca02                	sw	zero,20(sp)
 152:	cc02                	sw	zero,24(sp)
 154:	ce02                	sw	zero,28(sp)
 156:	d002                	sw	zero,32(sp)
 158:	d202                	sw	zero,36(sp)
 15a:	d402                	sw	zero,40(sp)
 15c:	c202                	sw	zero,4(sp)
 15e:	c402                	sw	zero,8(sp)
 160:	00011623          	sh	zero,12(sp)
 164:	2995                	jal	5d8 <RCC_APB2PeriphClockCmd>
 166:	4791                	li	a5,4
 168:	80fc                	sh	a5,16(sp)
 16a:	40011537          	lui	a0,0x40011
 16e:	47e1                	li	a5,24
 170:	cc3e                	sw	a5,24(sp)
 172:	080c                	addi	a1,sp,16
 174:	478d                	li	a5,3
 176:	40050513          	addi	a0,a0,1024 # 40011400 <__global_pointer$+0x20010bc8>
 17a:	ca3e                	sw	a5,20(sp)
 17c:	2cc5                	jal	46c <GPIO_Init>
 17e:	8260                	sh	s0,4(sp)
 180:	40013437          	lui	s0,0x40013
 184:	004c                	addi	a1,sp,4
 186:	c0040513          	addi	a0,s0,-1024 # 40012c00 <__global_pointer$+0x200123c8>
 18a:	8464                	sh	s1,8(sp)
 18c:	00011523          	sh	zero,10(sp)
 190:	00011323          	sh	zero,6(sp)
 194:	218d                	jal	5f6 <TIM_TimeBaseInit>
 196:	4602                	lw	a2,0(sp)
 198:	67c1                	lui	a5,0x10
 19a:	07078793          	addi	a5,a5,112 # 10070 <_data_lma+0xf1d4>
 19e:	086c                	addi	a1,sp,28
 1a0:	c0040513          	addi	a0,s0,-1024
 1a4:	ce3e                	sw	a5,28(sp)
 1a6:	02c11123          	sh	a2,34(sp)
 1aa:	02011223          	sh	zero,36(sp)
 1ae:	2959                	jal	644 <TIM_OC1Init>
 1b0:	c0040513          	addi	a0,s0,-1024
 1b4:	4585                	li	a1,1
 1b6:	2b01                	jal	6c6 <TIM_CtrlPWMOutputs>
 1b8:	c0040513          	addi	a0,s0,-1024
 1bc:	4581                	li	a1,0
 1be:	2b25                	jal	6f6 <TIM_OC1PreloadConfig>
 1c0:	c0040513          	addi	a0,s0,-1024
 1c4:	4585                	li	a1,1
 1c6:	2b19                	jal	6dc <TIM_ARRPreloadConfig>
 1c8:	4585                	li	a1,1
 1ca:	c0040513          	addi	a0,s0,-1024
 1ce:	21c5                	jal	6ae <TIM_Cmd>
 1d0:	02c10113          	addi	sp,sp,44
 1d4:	bdd9                	j	aa <__riscv_restore_0>

000001d6 <main>:
 1d6:	ecbff2ef          	jal	t0,a0 <__riscv_save_0>
 1da:	6571                	lui	a0,0x1c
 1dc:	1171                	addi	sp,sp,-4
 1de:	20050513          	addi	a0,a0,512 # 1c200 <_data_lma+0x1b364>
 1e2:	25a9                	jal	82c <USART_Printf_Init>
 1e4:	200007b7          	lui	a5,0x20000
 1e8:	0107a583          	lw	a1,16(a5) # 20000010 <SystemCoreClock>
 1ec:	00001537          	lui	a0,0x1
 1f0:	e8450513          	addi	a0,a0,-380 # e84 <printf+0x22>
 1f4:	46f000ef          	jal	ra,e62 <printf>
 1f8:	2be5                	jal	7f0 <Delay_Init>
 1fa:	65b1                	lui	a1,0xc
 1fc:	4601                	li	a2,0
 1fe:	b7f58593          	addi	a1,a1,-1153 # bb7f <_data_lma+0xace3>
 202:	3e700513          	li	a0,999
 206:	3f0d                	jal	138 <TIM1_PWMOut_Init>
 208:	2a3d                	jal	346 <SystemCoreClockUpdate>
 20a:	400134b7          	lui	s1,0x40013
 20e:	4401                	li	s0,0
 210:	c0048493          	addi	s1,s1,-1024 # 40012c00 <__global_pointer$+0x200123c8>
 214:	85a2                	mv	a1,s0
 216:	8526                	mv	a0,s1
 218:	21f5                	jal	704 <TIM_SetCompare1>
 21a:	3e600793          	li	a5,998
 21e:	00f41d63          	bne	s0,a5,238 <main+0x62>
 222:	3e700793          	li	a5,999
 226:	85be                	mv	a1,a5
 228:	8526                	mv	a0,s1
 22a:	c03e                	sw	a5,0(sp)
 22c:	29e1                	jal	704 <TIM_SetCompare1>
 22e:	4782                	lw	a5,0(sp)
 230:	17fd                	addi	a5,a5,-1
 232:	07c2                	slli	a5,a5,0x10
 234:	83c1                	srli	a5,a5,0x10
 236:	fbe5                	bnez	a5,226 <main+0x50>
 238:	0405                	addi	s0,s0,1
 23a:	0442                	slli	s0,s0,0x10
 23c:	8041                	srli	s0,s0,0x10
 23e:	3e700793          	li	a5,999
 242:	fcf419e3          	bne	s0,a5,214 <main+0x3e>
 246:	b7d1                	j	20a <main+0x34>

00000248 <SystemInit>:
 248:	400217b7          	lui	a5,0x40021
 24c:	4398                	lw	a4,0(a5)
 24e:	fcff06b7          	lui	a3,0xfcff0
 252:	1161                	addi	sp,sp,-8
 254:	00176713          	ori	a4,a4,1
 258:	c398                	sw	a4,0(a5)
 25a:	43d8                	lw	a4,4(a5)
 25c:	6621                	lui	a2,0x8
 25e:	8f75                	and	a4,a4,a3
 260:	c3d8                	sw	a4,4(a5)
 262:	4398                	lw	a4,0(a5)
 264:	fef706b7          	lui	a3,0xfef70
 268:	16fd                	addi	a3,a3,-1
 26a:	8f75                	and	a4,a4,a3
 26c:	c398                	sw	a4,0(a5)
 26e:	4398                	lw	a4,0(a5)
 270:	fffc06b7          	lui	a3,0xfffc0
 274:	16fd                	addi	a3,a3,-1
 276:	8f75                	and	a4,a4,a3
 278:	c398                	sw	a4,0(a5)
 27a:	43d8                	lw	a4,4(a5)
 27c:	76c1                	lui	a3,0xffff0
 27e:	16fd                	addi	a3,a3,-1
 280:	8f75                	and	a4,a4,a3
 282:	c3d8                	sw	a4,4(a5)
 284:	009f0737          	lui	a4,0x9f0
 288:	c798                	sw	a4,8(a5)
 28a:	c002                	sw	zero,0(sp)
 28c:	c202                	sw	zero,4(sp)
 28e:	4f98                	lw	a4,24(a5)
 290:	400106b7          	lui	a3,0x40010
 294:	00176713          	ori	a4,a4,1
 298:	cf98                	sw	a4,24(a5)
 29a:	42d8                	lw	a4,4(a3)
 29c:	8f51                	or	a4,a4,a2
 29e:	c2d8                	sw	a4,4(a3)
 2a0:	4398                	lw	a4,0(a5)
 2a2:	66c1                	lui	a3,0x10
 2a4:	00020637          	lui	a2,0x20
 2a8:	8f55                	or	a4,a4,a3
 2aa:	c398                	sw	a4,0(a5)
 2ac:	400216b7          	lui	a3,0x40021
 2b0:	6709                	lui	a4,0x2
 2b2:	429c                	lw	a5,0(a3)
 2b4:	8ff1                	and	a5,a5,a2
 2b6:	c23e                	sw	a5,4(sp)
 2b8:	4782                	lw	a5,0(sp)
 2ba:	0785                	addi	a5,a5,1
 2bc:	c03e                	sw	a5,0(sp)
 2be:	4792                	lw	a5,4(sp)
 2c0:	e781                	bnez	a5,2c8 <SystemInit+0x80>
 2c2:	4782                	lw	a5,0(sp)
 2c4:	fee797e3          	bne	a5,a4,2b2 <SystemInit+0x6a>
 2c8:	400217b7          	lui	a5,0x40021
 2cc:	439c                	lw	a5,0(a5)
 2ce:	00e79713          	slli	a4,a5,0xe
 2d2:	06075863          	bgez	a4,342 <SystemInit+0xfa>
 2d6:	4785                	li	a5,1
 2d8:	c23e                	sw	a5,4(sp)
 2da:	4712                	lw	a4,4(sp)
 2dc:	4785                	li	a5,1
 2de:	06f71063          	bne	a4,a5,33e <SystemInit+0xf6>
 2e2:	400227b7          	lui	a5,0x40022
 2e6:	4398                	lw	a4,0(a5)
 2e8:	76c1                	lui	a3,0xffff0
 2ea:	16fd                	addi	a3,a3,-1
 2ec:	9b71                	andi	a4,a4,-4
 2ee:	c398                	sw	a4,0(a5)
 2f0:	4398                	lw	a4,0(a5)
 2f2:	00176713          	ori	a4,a4,1
 2f6:	c398                	sw	a4,0(a5)
 2f8:	400217b7          	lui	a5,0x40021
 2fc:	43d8                	lw	a4,4(a5)
 2fe:	c3d8                	sw	a4,4(a5)
 300:	43d8                	lw	a4,4(a5)
 302:	8f75                	and	a4,a4,a3
 304:	c3d8                	sw	a4,4(a5)
 306:	43d8                	lw	a4,4(a5)
 308:	66c1                	lui	a3,0x10
 30a:	8f55                	or	a4,a4,a3
 30c:	c3d8                	sw	a4,4(a5)
 30e:	4398                	lw	a4,0(a5)
 310:	010006b7          	lui	a3,0x1000
 314:	8f55                	or	a4,a4,a3
 316:	c398                	sw	a4,0(a5)
 318:	4398                	lw	a4,0(a5)
 31a:	00671693          	slli	a3,a4,0x6
 31e:	fe06dde3          	bgez	a3,318 <SystemInit+0xd0>
 322:	43d8                	lw	a4,4(a5)
 324:	400216b7          	lui	a3,0x40021
 328:	9b71                	andi	a4,a4,-4
 32a:	c3d8                	sw	a4,4(a5)
 32c:	43d8                	lw	a4,4(a5)
 32e:	00276713          	ori	a4,a4,2
 332:	c3d8                	sw	a4,4(a5)
 334:	4721                	li	a4,8
 336:	42dc                	lw	a5,4(a3)
 338:	8bb1                	andi	a5,a5,12
 33a:	fee79ee3          	bne	a5,a4,336 <SystemInit+0xee>
 33e:	0121                	addi	sp,sp,8
 340:	8082                	ret
 342:	c202                	sw	zero,4(sp)
 344:	bf59                	j	2da <SystemInit+0x92>

00000346 <SystemCoreClockUpdate>:
 346:	d5bff2ef          	jal	t0,a0 <__riscv_save_0>
 34a:	40021737          	lui	a4,0x40021
 34e:	435c                	lw	a5,4(a4)
 350:	20000437          	lui	s0,0x20000
 354:	4691                	li	a3,4
 356:	8bb1                	andi	a5,a5,12
 358:	01040413          	addi	s0,s0,16 # 20000010 <SystemCoreClock>
 35c:	00d78563          	beq	a5,a3,366 <SystemCoreClockUpdate+0x20>
 360:	46a1                	li	a3,8
 362:	04d78063          	beq	a5,a3,3a2 <SystemCoreClockUpdate+0x5c>
 366:	016e37b7          	lui	a5,0x16e3
 36a:	60078793          	addi	a5,a5,1536 # 16e3600 <_data_lma+0x16e2764>
 36e:	c01c                	sw	a5,0(s0)
 370:	400216b7          	lui	a3,0x40021
 374:	42dc                	lw	a5,4(a3)
 376:	4008                	lw	a0,0(s0)
 378:	8391                	srli	a5,a5,0x4
 37a:	00f7f713          	andi	a4,a5,15
 37e:	200007b7          	lui	a5,0x20000
 382:	00078793          	mv	a5,a5
 386:	97ba                	add	a5,a5,a4
 388:	238c                	lbu	a1,0(a5)
 38a:	42dc                	lw	a5,4(a3)
 38c:	0ff5f593          	andi	a1,a1,255
 390:	0807f793          	andi	a5,a5,128
 394:	00b55733          	srl	a4,a0,a1
 398:	e399                	bnez	a5,39e <SystemCoreClockUpdate+0x58>
 39a:	330d                	jal	bc <__udivsi3>
 39c:	872a                	mv	a4,a0
 39e:	c018                	sw	a4,0(s0)
 3a0:	b329                	j	aa <__riscv_restore_0>
 3a2:	435c                	lw	a5,4(a4)
 3a4:	02dc77b7          	lui	a5,0x2dc7
 3a8:	c0078793          	addi	a5,a5,-1024 # 2dc6c00 <_data_lma+0x2dc5d64>
 3ac:	b7c9                	j	36e <SystemCoreClockUpdate+0x28>
 3ae:	a001                	j	3ae <SystemCoreClockUpdate+0x68>
 3b0:	a001                	j	3b0 <SystemCoreClockUpdate+0x6a>

000003b2 <SysTick_Handler>:
 3b2:	a001                	j	3b2 <SysTick_Handler>

000003b4 <SW_Handler>:
 3b4:	a001                	j	3b4 <SW_Handler>

000003b6 <WWDG_IRQHandler>:
 3b6:	a001                	j	3b6 <WWDG_IRQHandler>

000003b8 <PVD_IRQHandler>:
 3b8:	a001                	j	3b8 <PVD_IRQHandler>

000003ba <FLASH_IRQHandler>:
 3ba:	a001                	j	3ba <FLASH_IRQHandler>

000003bc <RCC_IRQHandler>:
 3bc:	a001                	j	3bc <RCC_IRQHandler>

000003be <EXTI7_0_IRQHandler>:
 3be:	a001                	j	3be <EXTI7_0_IRQHandler>

000003c0 <AWU_IRQHandler>:
 3c0:	a001                	j	3c0 <AWU_IRQHandler>

000003c2 <DMA1_Channel1_IRQHandler>:
 3c2:	a001                	j	3c2 <DMA1_Channel1_IRQHandler>

000003c4 <DMA1_Channel2_IRQHandler>:
 3c4:	a001                	j	3c4 <DMA1_Channel2_IRQHandler>

000003c6 <DMA1_Channel3_IRQHandler>:
 3c6:	a001                	j	3c6 <DMA1_Channel3_IRQHandler>

000003c8 <DMA1_Channel4_IRQHandler>:
 3c8:	a001                	j	3c8 <DMA1_Channel4_IRQHandler>

000003ca <DMA1_Channel5_IRQHandler>:
 3ca:	a001                	j	3ca <DMA1_Channel5_IRQHandler>

000003cc <DMA1_Channel6_IRQHandler>:
 3cc:	a001                	j	3cc <DMA1_Channel6_IRQHandler>

000003ce <DMA1_Channel7_IRQHandler>:
 3ce:	a001                	j	3ce <DMA1_Channel7_IRQHandler>

000003d0 <ADC1_IRQHandler>:
 3d0:	a001                	j	3d0 <ADC1_IRQHandler>

000003d2 <I2C1_EV_IRQHandler>:
 3d2:	a001                	j	3d2 <I2C1_EV_IRQHandler>

000003d4 <I2C1_ER_IRQHandler>:
 3d4:	a001                	j	3d4 <I2C1_ER_IRQHandler>

000003d6 <USART1_IRQHandler>:
 3d6:	a001                	j	3d6 <USART1_IRQHandler>

000003d8 <SPI1_IRQHandler>:
 3d8:	a001                	j	3d8 <SPI1_IRQHandler>

000003da <TIM1_BRK_IRQHandler>:
 3da:	a001                	j	3da <TIM1_BRK_IRQHandler>

000003dc <TIM1_UP_IRQHandler>:
 3dc:	a001                	j	3dc <TIM1_UP_IRQHandler>

000003de <TIM1_TRG_COM_IRQHandler>:
 3de:	a001                	j	3de <TIM1_TRG_COM_IRQHandler>

000003e0 <TIM1_CC_IRQHandler>:
 3e0:	a001                	j	3e0 <TIM1_CC_IRQHandler>

000003e2 <TIM2_IRQHandler>:
 3e2:	a001                	j	3e2 <TIM2_IRQHandler>

000003e4 <handle_reset>:
 3e4:	20000197          	auipc	gp,0x20000
 3e8:	45418193          	addi	gp,gp,1108 # 20000838 <__global_pointer$>
 3ec:	fc818113          	addi	sp,gp,-56 # 20000800 <_eusrstack>
 3f0:	00001517          	auipc	a0,0x1
 3f4:	aac50513          	addi	a0,a0,-1364 # e9c <_data_lma>
 3f8:	20000597          	auipc	a1,0x20000
 3fc:	c0858593          	addi	a1,a1,-1016 # 20000000 <_data_vma>
 400:	20000617          	auipc	a2,0x20000
 404:	c3860613          	addi	a2,a2,-968 # 20000038 <_edata>
 408:	00c5fa63          	bgeu	a1,a2,41c <handle_reset+0x38>
 40c:	00052283          	lw	t0,0(a0)
 410:	0055a023          	sw	t0,0(a1)
 414:	0511                	addi	a0,a0,4
 416:	0591                	addi	a1,a1,4
 418:	fec5eae3          	bltu	a1,a2,40c <handle_reset+0x28>
 41c:	20000517          	auipc	a0,0x20000
 420:	c1c50513          	addi	a0,a0,-996 # 20000038 <_edata>
 424:	20000597          	auipc	a1,0x20000
 428:	c1858593          	addi	a1,a1,-1000 # 2000003c <_ebss>
 42c:	00b57763          	bgeu	a0,a1,43a <handle_reset+0x56>
 430:	00052023          	sw	zero,0(a0)
 434:	0511                	addi	a0,a0,4
 436:	feb56de3          	bltu	a0,a1,430 <handle_reset+0x4c>
 43a:	08000293          	li	t0,128
 43e:	30029073          	csrw	mstatus,t0
 442:	428d                	li	t0,3
 444:	80429073          	csrw	0x804,t0
 448:	00000297          	auipc	t0,0x0
 44c:	bb828293          	addi	t0,t0,-1096 # 0 <_sinit>
 450:	0032e293          	ori	t0,t0,3
 454:	30529073          	csrw	mtvec,t0
 458:	df1ff0ef          	jal	ra,248 <SystemInit>
 45c:	00000297          	auipc	t0,0x0
 460:	d7a28293          	addi	t0,t0,-646 # 1d6 <main>
 464:	34129073          	csrw	mepc,t0
 468:	30200073          	mret

0000046c <GPIO_Init>:
 46c:	459c                	lw	a5,8(a1)
 46e:	1161                	addi	sp,sp,-8
 470:	c222                	sw	s0,4(sp)
 472:	c026                	sw	s1,0(sp)
 474:	0107f713          	andi	a4,a5,16
 478:	00f7f313          	andi	t1,a5,15
 47c:	c701                	beqz	a4,484 <GPIO_Init+0x18>
 47e:	41d8                	lw	a4,4(a1)
 480:	00e36333          	or	t1,t1,a4
 484:	2192                	lhu	a2,0(a1)
 486:	0ff67713          	andi	a4,a2,255
 48a:	c729                	beqz	a4,4d4 <GPIO_Init+0x68>
 48c:	00052383          	lw	t2,0(a0)
 490:	4701                	li	a4,0
 492:	02800413          	li	s0,40
 496:	04800493          	li	s1,72
 49a:	4685                	li	a3,1
 49c:	00e695b3          	sll	a1,a3,a4
 4a0:	00b676b3          	and	a3,a2,a1
 4a4:	02d59263          	bne	a1,a3,4c8 <GPIO_Init+0x5c>
 4a8:	00271293          	slli	t0,a4,0x2
 4ac:	46bd                	li	a3,15
 4ae:	005696b3          	sll	a3,a3,t0
 4b2:	fff6c693          	not	a3,a3
 4b6:	0076f3b3          	and	t2,a3,t2
 4ba:	005312b3          	sll	t0,t1,t0
 4be:	0072e3b3          	or	t2,t0,t2
 4c2:	06879763          	bne	a5,s0,530 <GPIO_Init+0xc4>
 4c6:	c94c                	sw	a1,20(a0)
 4c8:	0705                	addi	a4,a4,1
 4ca:	46a1                	li	a3,8
 4cc:	fcd717e3          	bne	a4,a3,49a <GPIO_Init+0x2e>
 4d0:	00752023          	sw	t2,0(a0)
 4d4:	0ff00713          	li	a4,255
 4d8:	04c77863          	bgeu	a4,a2,528 <GPIO_Init+0xbc>
 4dc:	00452383          	lw	t2,4(a0)
 4e0:	46a1                	li	a3,8
 4e2:	02800413          	li	s0,40
 4e6:	04800493          	li	s1,72
 4ea:	4705                	li	a4,1
 4ec:	00d712b3          	sll	t0,a4,a3
 4f0:	00567733          	and	a4,a2,t0
 4f4:	02e29463          	bne	t0,a4,51c <GPIO_Init+0xb0>
 4f8:	00269713          	slli	a4,a3,0x2
 4fc:	1701                	addi	a4,a4,-32
 4fe:	45bd                	li	a1,15
 500:	00e595b3          	sll	a1,a1,a4
 504:	fff5c593          	not	a1,a1
 508:	0075f3b3          	and	t2,a1,t2
 50c:	00e31733          	sll	a4,t1,a4
 510:	007763b3          	or	t2,a4,t2
 514:	02879263          	bne	a5,s0,538 <GPIO_Init+0xcc>
 518:	00552a23          	sw	t0,20(a0)
 51c:	0685                	addi	a3,a3,1
 51e:	4741                	li	a4,16
 520:	fce695e3          	bne	a3,a4,4ea <GPIO_Init+0x7e>
 524:	00752223          	sw	t2,4(a0)
 528:	4412                	lw	s0,4(sp)
 52a:	4482                	lw	s1,0(sp)
 52c:	0121                	addi	sp,sp,8
 52e:	8082                	ret
 530:	f8979ce3          	bne	a5,s1,4c8 <GPIO_Init+0x5c>
 534:	c90c                	sw	a1,16(a0)
 536:	bf49                	j	4c8 <GPIO_Init+0x5c>
 538:	fe9792e3          	bne	a5,s1,51c <GPIO_Init+0xb0>
 53c:	00552823          	sw	t0,16(a0)
 540:	bff1                	j	51c <GPIO_Init+0xb0>

00000542 <RCC_GetClocksFreq>:
 542:	b5fff2ef          	jal	t0,a0 <__riscv_save_0>
 546:	40021737          	lui	a4,0x40021
 54a:	435c                	lw	a5,4(a4)
 54c:	4691                	li	a3,4
 54e:	842a                	mv	s0,a0
 550:	8bb1                	andi	a5,a5,12
 552:	00d78563          	beq	a5,a3,55c <RCC_GetClocksFreq+0x1a>
 556:	46a1                	li	a3,8
 558:	06d78a63          	beq	a5,a3,5cc <RCC_GetClocksFreq+0x8a>
 55c:	016e37b7          	lui	a5,0x16e3
 560:	60078793          	addi	a5,a5,1536 # 16e3600 <_data_lma+0x16e2764>
 564:	c01c                	sw	a5,0(s0)
 566:	400216b7          	lui	a3,0x40021
 56a:	42dc                	lw	a5,4(a3)
 56c:	8391                	srli	a5,a5,0x4
 56e:	00f7f713          	andi	a4,a5,15
 572:	200007b7          	lui	a5,0x20000
 576:	02878793          	addi	a5,a5,40 # 20000028 <APBAHBPrescTable>
 57a:	97ba                	add	a5,a5,a4
 57c:	238c                	lbu	a1,0(a5)
 57e:	42dc                	lw	a5,4(a3)
 580:	4018                	lw	a4,0(s0)
 582:	0ff5f593          	andi	a1,a1,255
 586:	0807f793          	andi	a5,a5,128
 58a:	00b75533          	srl	a0,a4,a1
 58e:	e399                	bnez	a5,594 <RCC_GetClocksFreq+0x52>
 590:	853a                	mv	a0,a4
 592:	362d                	jal	bc <__udivsi3>
 594:	c048                	sw	a0,4(s0)
 596:	c408                	sw	a0,8(s0)
 598:	c448                	sw	a0,12(s0)
 59a:	400217b7          	lui	a5,0x40021
 59e:	43dc                	lw	a5,4(a5)
 5a0:	83ad                	srli	a5,a5,0xb
 5a2:	8bfd                	andi	a5,a5,31
 5a4:	0037d713          	srli	a4,a5,0x3
 5a8:	078a                	slli	a5,a5,0x2
 5aa:	8bf1                	andi	a5,a5,28
 5ac:	8fd9                	or	a5,a5,a4
 5ae:	0137f693          	andi	a3,a5,19
 5b2:	470d                	li	a4,3
 5b4:	00d77363          	bgeu	a4,a3,5ba <RCC_GetClocksFreq+0x78>
 5b8:	17d1                	addi	a5,a5,-12
 5ba:	20000737          	lui	a4,0x20000
 5be:	01470713          	addi	a4,a4,20 # 20000014 <ADCPrescTable>
 5c2:	97ba                	add	a5,a5,a4
 5c4:	238c                	lbu	a1,0(a5)
 5c6:	3cdd                	jal	bc <__udivsi3>
 5c8:	c808                	sw	a0,16(s0)
 5ca:	b4c5                	j	aa <__riscv_restore_0>
 5cc:	435c                	lw	a5,4(a4)
 5ce:	02dc77b7          	lui	a5,0x2dc7
 5d2:	c0078793          	addi	a5,a5,-1024 # 2dc6c00 <_data_lma+0x2dc5d64>
 5d6:	b779                	j	564 <RCC_GetClocksFreq+0x22>

000005d8 <RCC_APB2PeriphClockCmd>:
 5d8:	c599                	beqz	a1,5e6 <RCC_APB2PeriphClockCmd+0xe>
 5da:	40021737          	lui	a4,0x40021
 5de:	4f1c                	lw	a5,24(a4)
 5e0:	8d5d                	or	a0,a0,a5
 5e2:	cf08                	sw	a0,24(a4)
 5e4:	8082                	ret
 5e6:	400217b7          	lui	a5,0x40021
 5ea:	4f98                	lw	a4,24(a5)
 5ec:	fff54513          	not	a0,a0
 5f0:	8d79                	and	a0,a0,a4
 5f2:	cf88                	sw	a0,24(a5)
 5f4:	8082                	ret

000005f6 <TIM_TimeBaseInit>:
 5f6:	211e                	lhu	a5,0(a0)
 5f8:	40013737          	lui	a4,0x40013
 5fc:	c0070713          	addi	a4,a4,-1024 # 40012c00 <__global_pointer$+0x200123c8>
 600:	07c2                	slli	a5,a5,0x10
 602:	83c1                	srli	a5,a5,0x10
 604:	00e50663          	beq	a0,a4,610 <TIM_TimeBaseInit+0x1a>
 608:	40000737          	lui	a4,0x40000
 60c:	00e51663          	bne	a0,a4,618 <TIM_TimeBaseInit+0x22>
 610:	21ba                	lhu	a4,2(a1)
 612:	f8f7f793          	andi	a5,a5,-113
 616:	8fd9                	or	a5,a5,a4
 618:	21fa                	lhu	a4,6(a1)
 61a:	cff7f793          	andi	a5,a5,-769
 61e:	07c2                	slli	a5,a5,0x10
 620:	83c1                	srli	a5,a5,0x10
 622:	8fd9                	or	a5,a5,a4
 624:	a11e                	sh	a5,0(a0)
 626:	21de                	lhu	a5,4(a1)
 628:	b55e                	sh	a5,44(a0)
 62a:	219e                	lhu	a5,0(a1)
 62c:	b51e                	sh	a5,40(a0)
 62e:	400137b7          	lui	a5,0x40013
 632:	c0078793          	addi	a5,a5,-1024 # 40012c00 <__global_pointer$+0x200123c8>
 636:	00f51463          	bne	a0,a5,63e <TIM_TimeBaseInit+0x48>
 63a:	259c                	lbu	a5,8(a1)
 63c:	b91e                	sh	a5,48(a0)
 63e:	4785                	li	a5,1
 640:	a95e                	sh	a5,20(a0)
 642:	8082                	ret

00000644 <TIM_OC1Init>:
 644:	311e                	lhu	a5,32(a0)
 646:	2192                	lhu	a2,0(a1)
 648:	0025d303          	lhu	t1,2(a1)
 64c:	07c2                	slli	a5,a5,0x10
 64e:	83c1                	srli	a5,a5,0x10
 650:	9bf9                	andi	a5,a5,-2
 652:	07c2                	slli	a5,a5,0x10
 654:	83c1                	srli	a5,a5,0x10
 656:	b11e                	sh	a5,32(a0)
 658:	311e                	lhu	a5,32(a0)
 65a:	2156                	lhu	a3,4(a0)
 65c:	2d1a                	lhu	a4,24(a0)
 65e:	07c2                	slli	a5,a5,0x10
 660:	83c1                	srli	a5,a5,0x10
 662:	0742                	slli	a4,a4,0x10
 664:	8341                	srli	a4,a4,0x10
 666:	f8c77713          	andi	a4,a4,-116
 66a:	8f51                	or	a4,a4,a2
 66c:	2592                	lhu	a2,8(a1)
 66e:	9bf5                	andi	a5,a5,-3
 670:	06c2                	slli	a3,a3,0x10
 672:	00666633          	or	a2,a2,t1
 676:	8fd1                	or	a5,a5,a2
 678:	40013637          	lui	a2,0x40013
 67c:	c0060613          	addi	a2,a2,-1024 # 40012c00 <__global_pointer$+0x200123c8>
 680:	82c1                	srli	a3,a3,0x10
 682:	02c51063          	bne	a0,a2,6a2 <TIM_OC1Init+0x5e>
 686:	25b2                	lhu	a2,10(a1)
 688:	9bdd                	andi	a5,a5,-9
 68a:	00e5d303          	lhu	t1,14(a1)
 68e:	8fd1                	or	a5,a5,a2
 690:	21d2                	lhu	a2,4(a1)
 692:	9bed                	andi	a5,a5,-5
 694:	cff6f693          	andi	a3,a3,-769
 698:	8fd1                	or	a5,a5,a2
 69a:	25d2                	lhu	a2,12(a1)
 69c:	00666633          	or	a2,a2,t1
 6a0:	8ed1                	or	a3,a3,a2
 6a2:	a156                	sh	a3,4(a0)
 6a4:	ad1a                	sh	a4,24(a0)
 6a6:	21fa                	lhu	a4,6(a1)
 6a8:	d958                	sw	a4,52(a0)
 6aa:	b11e                	sh	a5,32(a0)
 6ac:	8082                	ret

000006ae <TIM_Cmd>:
 6ae:	211e                	lhu	a5,0(a0)
 6b0:	c589                	beqz	a1,6ba <TIM_Cmd+0xc>
 6b2:	0017e793          	ori	a5,a5,1
 6b6:	a11e                	sh	a5,0(a0)
 6b8:	8082                	ret
 6ba:	07c2                	slli	a5,a5,0x10
 6bc:	83c1                	srli	a5,a5,0x10
 6be:	9bf9                	andi	a5,a5,-2
 6c0:	07c2                	slli	a5,a5,0x10
 6c2:	83c1                	srli	a5,a5,0x10
 6c4:	bfcd                	j	6b6 <TIM_Cmd+0x8>

000006c6 <TIM_CtrlPWMOutputs>:
 6c6:	04455783          	lhu	a5,68(a0)
 6ca:	c591                	beqz	a1,6d6 <TIM_CtrlPWMOutputs+0x10>
 6cc:	6721                	lui	a4,0x8
 6ce:	8fd9                	or	a5,a5,a4
 6d0:	04f51223          	sh	a5,68(a0)
 6d4:	8082                	ret
 6d6:	07c6                	slli	a5,a5,0x11
 6d8:	83c5                	srli	a5,a5,0x11
 6da:	bfdd                	j	6d0 <TIM_CtrlPWMOutputs+0xa>

000006dc <TIM_ARRPreloadConfig>:
 6dc:	211e                	lhu	a5,0(a0)
 6de:	c589                	beqz	a1,6e8 <TIM_ARRPreloadConfig+0xc>
 6e0:	0807e793          	ori	a5,a5,128
 6e4:	a11e                	sh	a5,0(a0)
 6e6:	8082                	ret
 6e8:	07c2                	slli	a5,a5,0x10
 6ea:	83c1                	srli	a5,a5,0x10
 6ec:	f7f7f793          	andi	a5,a5,-129
 6f0:	07c2                	slli	a5,a5,0x10
 6f2:	83c1                	srli	a5,a5,0x10
 6f4:	bfc5                	j	6e4 <TIM_ARRPreloadConfig+0x8>

000006f6 <TIM_OC1PreloadConfig>:
 6f6:	2d1e                	lhu	a5,24(a0)
 6f8:	07c2                	slli	a5,a5,0x10
 6fa:	83c1                	srli	a5,a5,0x10
 6fc:	9bdd                	andi	a5,a5,-9
 6fe:	8ddd                	or	a1,a1,a5
 700:	ad0e                	sh	a1,24(a0)
 702:	8082                	ret

00000704 <TIM_SetCompare1>:
 704:	d94c                	sw	a1,52(a0)
 706:	8082                	ret

00000708 <USART_Init>:
 708:	999ff2ef          	jal	t0,a0 <__riscv_save_0>
 70c:	2916                	lhu	a3,16(a0)
 70e:	77f5                	lui	a5,0xffffd
 710:	17fd                	addi	a5,a5,-1
 712:	8ff5                	and	a5,a5,a3
 714:	21f6                	lhu	a3,6(a1)
 716:	25da                	lhu	a4,12(a1)
 718:	1121                	addi	sp,sp,-24
 71a:	8fd5                	or	a5,a5,a3
 71c:	a91e                	sh	a5,16(a0)
 71e:	2556                	lhu	a3,12(a0)
 720:	77fd                	lui	a5,0xfffff
 722:	9f378793          	addi	a5,a5,-1549 # ffffe9f3 <__global_pointer$+0xdfffe1bb>
 726:	8ff5                	and	a5,a5,a3
 728:	21d6                	lhu	a3,4(a1)
 72a:	842a                	mv	s0,a0
 72c:	c02e                	sw	a1,0(sp)
 72e:	8fd5                	or	a5,a5,a3
 730:	2596                	lhu	a3,8(a1)
 732:	8fd5                	or	a5,a5,a3
 734:	25b6                	lhu	a3,10(a1)
 736:	8fd5                	or	a5,a5,a3
 738:	a55e                	sh	a5,12(a0)
 73a:	295e                	lhu	a5,20(a0)
 73c:	07c2                	slli	a5,a5,0x10
 73e:	83c1                	srli	a5,a5,0x10
 740:	cff7f793          	andi	a5,a5,-769
 744:	8f5d                	or	a4,a4,a5
 746:	a95a                	sh	a4,20(a0)
 748:	0048                	addi	a0,sp,4
 74a:	3be5                	jal	542 <RCC_GetClocksFreq>
 74c:	400147b7          	lui	a5,0x40014
 750:	80078793          	addi	a5,a5,-2048 # 40013800 <__global_pointer$+0x20012fc8>
 754:	4582                	lw	a1,0(sp)
 756:	04f41d63          	bne	s0,a5,7b0 <USART_Init+0xa8>
 75a:	47c2                	lw	a5,16(sp)
 75c:	245a                	lhu	a4,12(s0)
 75e:	00179513          	slli	a0,a5,0x1
 762:	953e                	add	a0,a0,a5
 764:	0742                	slli	a4,a4,0x10
 766:	050e                	slli	a0,a0,0x3
 768:	8741                	srai	a4,a4,0x10
 76a:	953e                	add	a0,a0,a5
 76c:	418c                	lw	a1,0(a1)
 76e:	04075363          	bgez	a4,7b4 <USART_Init+0xac>
 772:	0586                	slli	a1,a1,0x1
 774:	32a1                	jal	bc <__udivsi3>
 776:	06400593          	li	a1,100
 77a:	c02a                	sw	a0,0(sp)
 77c:	3281                	jal	bc <__udivsi3>
 77e:	4782                	lw	a5,0(sp)
 780:	00451493          	slli	s1,a0,0x4
 784:	06400593          	li	a1,100
 788:	853e                	mv	a0,a5
 78a:	3ab9                	jal	e8 <__umodsi3>
 78c:	245e                	lhu	a5,12(s0)
 78e:	07c2                	slli	a5,a5,0x10
 790:	87c1                	srai	a5,a5,0x10
 792:	0207d363          	bgez	a5,7b8 <USART_Init+0xb0>
 796:	050e                	slli	a0,a0,0x3
 798:	06400593          	li	a1,100
 79c:	03250513          	addi	a0,a0,50
 7a0:	3a31                	jal	bc <__udivsi3>
 7a2:	891d                	andi	a0,a0,7
 7a4:	8cc9                	or	s1,s1,a0
 7a6:	04c2                	slli	s1,s1,0x10
 7a8:	80c1                	srli	s1,s1,0x10
 7aa:	a406                	sh	s1,8(s0)
 7ac:	0161                	addi	sp,sp,24
 7ae:	b8f5                	j	aa <__riscv_restore_0>
 7b0:	47b2                	lw	a5,12(sp)
 7b2:	b76d                	j	75c <USART_Init+0x54>
 7b4:	058a                	slli	a1,a1,0x2
 7b6:	bf7d                	j	774 <USART_Init+0x6c>
 7b8:	0512                	slli	a0,a0,0x4
 7ba:	06400593          	li	a1,100
 7be:	03250513          	addi	a0,a0,50
 7c2:	38ed                	jal	bc <__udivsi3>
 7c4:	893d                	andi	a0,a0,15
 7c6:	bff9                	j	7a4 <USART_Init+0x9c>

000007c8 <USART_Cmd>:
 7c8:	c591                	beqz	a1,7d4 <USART_Cmd+0xc>
 7ca:	255e                	lhu	a5,12(a0)
 7cc:	6709                	lui	a4,0x2
 7ce:	8fd9                	or	a5,a5,a4
 7d0:	a55e                	sh	a5,12(a0)
 7d2:	8082                	ret
 7d4:	255a                	lhu	a4,12(a0)
 7d6:	77f9                	lui	a5,0xffffe
 7d8:	17fd                	addi	a5,a5,-1
 7da:	8ff9                	and	a5,a5,a4
 7dc:	bfd5                	j	7d0 <USART_Cmd+0x8>

000007de <USART_SendData>:
 7de:	1ff5f593          	andi	a1,a1,511
 7e2:	a14e                	sh	a1,4(a0)
 7e4:	8082                	ret

000007e6 <USART_GetFlagStatus>:
 7e6:	210a                	lhu	a0,0(a0)
 7e8:	8d6d                	and	a0,a0,a1
 7ea:	00a03533          	snez	a0,a0
 7ee:	8082                	ret

000007f0 <Delay_Init>:
 7f0:	8b1ff2ef          	jal	t0,a0 <__riscv_save_0>
 7f4:	200007b7          	lui	a5,0x20000
 7f8:	0107a503          	lw	a0,16(a5) # 20000010 <SystemCoreClock>
 7fc:	007a15b7          	lui	a1,0x7a1
 800:	20058593          	addi	a1,a1,512 # 7a1200 <_data_lma+0x7a0364>
 804:	8b9ff0ef          	jal	ra,bc <__udivsi3>
 808:	0ff57513          	andi	a0,a0,255
 80c:	200007b7          	lui	a5,0x20000
 810:	02a78d23          	sb	a0,58(a5) # 2000003a <p_us>
 814:	00551793          	slli	a5,a0,0x5
 818:	8f89                	sub	a5,a5,a0
 81a:	078a                	slli	a5,a5,0x2
 81c:	953e                	add	a0,a0,a5
 81e:	050e                	slli	a0,a0,0x3
 820:	200007b7          	lui	a5,0x20000
 824:	02a79c23          	sh	a0,56(a5) # 20000038 <_edata>
 828:	883ff06f          	j	aa <__riscv_restore_0>

0000082c <USART_Printf_Init>:
 82c:	875ff2ef          	jal	t0,a0 <__riscv_save_0>
 830:	842a                	mv	s0,a0
 832:	6511                	lui	a0,0x4
 834:	1111                	addi	sp,sp,-28
 836:	4585                	li	a1,1
 838:	02050513          	addi	a0,a0,32 # 4020 <_data_lma+0x3184>
 83c:	3b71                	jal	5d8 <RCC_APB2PeriphClockCmd>
 83e:	02000793          	li	a5,32
 842:	807c                	sh	a5,0(sp)
 844:	40011537          	lui	a0,0x40011
 848:	478d                	li	a5,3
 84a:	c23e                	sw	a5,4(sp)
 84c:	858a                	mv	a1,sp
 84e:	47e1                	li	a5,24
 850:	40050513          	addi	a0,a0,1024 # 40011400 <__global_pointer$+0x20010bc8>
 854:	c43e                	sw	a5,8(sp)
 856:	3919                	jal	46c <GPIO_Init>
 858:	c622                	sw	s0,12(sp)
 85a:	40014437          	lui	s0,0x40014
 85e:	000807b7          	lui	a5,0x80
 862:	006c                	addi	a1,sp,12
 864:	80040513          	addi	a0,s0,-2048 # 40013800 <__global_pointer$+0x20012fc8>
 868:	ca3e                	sw	a5,20(sp)
 86a:	c802                	sw	zero,16(sp)
 86c:	00011c23          	sh	zero,24(sp)
 870:	3d61                	jal	708 <USART_Init>
 872:	4585                	li	a1,1
 874:	80040513          	addi	a0,s0,-2048
 878:	3f81                	jal	7c8 <USART_Cmd>
 87a:	0171                	addi	sp,sp,28
 87c:	82fff06f          	j	aa <__riscv_restore_0>

00000880 <_write>:
 880:	821ff2ef          	jal	t0,a0 <__riscv_save_0>
 884:	1171                	addi	sp,sp,-4
 886:	84ae                	mv	s1,a1
 888:	4401                	li	s0,0
 88a:	02c45d63          	bge	s0,a2,8c4 <_write+0x44>
 88e:	400147b7          	lui	a5,0x40014
 892:	80078713          	addi	a4,a5,-2048 # 40013800 <__global_pointer$+0x20012fc8>
 896:	853a                	mv	a0,a4
 898:	04000593          	li	a1,64
 89c:	c032                	sw	a2,0(sp)
 89e:	37a1                	jal	7e6 <USART_GetFlagStatus>
 8a0:	400147b7          	lui	a5,0x40014
 8a4:	80078713          	addi	a4,a5,-2048 # 40013800 <__global_pointer$+0x20012fc8>
 8a8:	4602                	lw	a2,0(sp)
 8aa:	d575                	beqz	a0,896 <_write+0x16>
 8ac:	00848733          	add	a4,s1,s0
 8b0:	00070583          	lb	a1,0(a4) # 2000 <_data_lma+0x1164>
 8b4:	80078513          	addi	a0,a5,-2048
 8b8:	0405                	addi	s0,s0,1
 8ba:	05c2                	slli	a1,a1,0x10
 8bc:	81c1                	srli	a1,a1,0x10
 8be:	3705                	jal	7de <USART_SendData>
 8c0:	4602                	lw	a2,0(sp)
 8c2:	b7e1                	j	88a <_write+0xa>
 8c4:	8532                	mv	a0,a2
 8c6:	0111                	addi	sp,sp,4
 8c8:	fe2ff06f          	j	aa <__riscv_restore_0>

000008cc <printchar>:
 8cc:	1141                	addi	sp,sp,-16
 8ce:	c606                	sw	ra,12(sp)
 8d0:	c02e                	sw	a1,0(sp)
 8d2:	cd0d                	beqz	a0,90c <printchar+0x40>
 8d4:	4118                	lw	a4,0(a0)
 8d6:	87aa                	mv	a5,a0
 8d8:	c305                	beqz	a4,8f8 <printchar+0x2c>
 8da:	4158                	lw	a4,4(a0)
 8dc:	557d                	li	a0,-1
 8de:	cb11                	beqz	a4,8f2 <printchar+0x26>
 8e0:	4685                	li	a3,1
 8e2:	00d71b63          	bne	a4,a3,8f8 <printchar+0x2c>
 8e6:	4798                	lw	a4,8(a5)
 8e8:	00070023          	sb	zero,0(a4)
 8ec:	0007a223          	sw	zero,4(a5)
 8f0:	4505                	li	a0,1
 8f2:	40b2                	lw	ra,12(sp)
 8f4:	0141                	addi	sp,sp,16
 8f6:	8082                	ret
 8f8:	4798                	lw	a4,8(a5)
 8fa:	4682                	lw	a3,0(sp)
 8fc:	a314                	sb	a3,0(a4)
 8fe:	4798                	lw	a4,8(a5)
 900:	0705                	addi	a4,a4,1
 902:	c798                	sw	a4,8(a5)
 904:	43d8                	lw	a4,4(a5)
 906:	177d                	addi	a4,a4,-1
 908:	c3d8                	sw	a4,4(a5)
 90a:	b7dd                	j	8f0 <printchar+0x24>
 90c:	4605                	li	a2,1
 90e:	858a                	mv	a1,sp
 910:	3f85                	jal	880 <_write>
 912:	bff9                	j	8f0 <printchar+0x24>

00000914 <prints>:
 914:	1101                	addi	sp,sp,-32
 916:	cc22                	sw	s0,24(sp)
 918:	c22e                	sw	a1,4(sp)
 91a:	ce06                	sw	ra,28(sp)
 91c:	ca26                	sw	s1,20(sp)
 91e:	842a                	mv	s0,a0
 920:	4781                	li	a5,0
 922:	02000593          	li	a1,32
 926:	02064563          	bltz	a2,950 <prints+0x3c>
 92a:	4592                	lw	a1,4(sp)
 92c:	95be                	add	a1,a1,a5
 92e:	00058583          	lb	a1,0(a1)
 932:	e58d                	bnez	a1,95c <prints+0x48>
 934:	02c7d863          	bge	a5,a2,964 <prints+0x50>
 938:	02e7d463          	bge	a5,a4,960 <prints+0x4c>
 93c:	8e19                	sub	a2,a2,a4
 93e:	02000513          	li	a0,32
 942:	0026f593          	andi	a1,a3,2
 946:	c02a                	sw	a0,0(sp)
 948:	c589                	beqz	a1,952 <prints+0x3e>
 94a:	e701                	bnez	a4,952 <prints+0x3e>
 94c:	03000593          	li	a1,48
 950:	c02e                	sw	a1,0(sp)
 952:	8a85                	andi	a3,a3,1
 954:	4481                	li	s1,0
 956:	ea95                	bnez	a3,98a <prints+0x76>
 958:	84b2                	mv	s1,a2
 95a:	a00d                	j	97c <prints+0x68>
 95c:	0785                	addi	a5,a5,1
 95e:	b7f1                	j	92a <prints+0x16>
 960:	8e1d                	sub	a2,a2,a5
 962:	bff1                	j	93e <prints+0x2a>
 964:	4601                	li	a2,0
 966:	bfe1                	j	93e <prints+0x2a>
 968:	4582                	lw	a1,0(sp)
 96a:	8522                	mv	a0,s0
 96c:	c83a                	sw	a4,16(sp)
 96e:	c632                	sw	a2,12(sp)
 970:	c43e                	sw	a5,8(sp)
 972:	3fa9                	jal	8cc <printchar>
 974:	47a2                	lw	a5,8(sp)
 976:	4632                	lw	a2,12(sp)
 978:	4742                	lw	a4,16(sp)
 97a:	14fd                	addi	s1,s1,-1
 97c:	fe9046e3          	bgtz	s1,968 <prints+0x54>
 980:	84b2                	mv	s1,a2
 982:	00065363          	bgez	a2,988 <prints+0x74>
 986:	4481                	li	s1,0
 988:	8e05                	sub	a2,a2,s1
 98a:	02e7c763          	blt	a5,a4,9b8 <prints+0xa4>
 98e:	87a6                	mv	a5,s1
 990:	4692                	lw	a3,4(sp)
 992:	40978733          	sub	a4,a5,s1
 996:	9736                	add	a4,a4,a3
 998:	00070583          	lb	a1,0(a4)
 99c:	ed95                	bnez	a1,9d8 <prints+0xc4>
 99e:	84b2                	mv	s1,a2
 9a0:	04904463          	bgtz	s1,9e8 <prints+0xd4>
 9a4:	00065363          	bgez	a2,9aa <prints+0x96>
 9a8:	4601                	li	a2,0
 9aa:	40f2                	lw	ra,28(sp)
 9ac:	4462                	lw	s0,24(sp)
 9ae:	44d2                	lw	s1,20(sp)
 9b0:	00f60533          	add	a0,a2,a5
 9b4:	6105                	addi	sp,sp,32
 9b6:	8082                	ret
 9b8:	8f1d                	sub	a4,a4,a5
 9ba:	87ba                	mv	a5,a4
 9bc:	03000593          	li	a1,48
 9c0:	8522                	mv	a0,s0
 9c2:	c832                	sw	a2,16(sp)
 9c4:	c63e                	sw	a5,12(sp)
 9c6:	c43a                	sw	a4,8(sp)
 9c8:	3711                	jal	8cc <printchar>
 9ca:	47b2                	lw	a5,12(sp)
 9cc:	4722                	lw	a4,8(sp)
 9ce:	4642                	lw	a2,16(sp)
 9d0:	17fd                	addi	a5,a5,-1
 9d2:	f7ed                	bnez	a5,9bc <prints+0xa8>
 9d4:	94ba                	add	s1,s1,a4
 9d6:	bf65                	j	98e <prints+0x7a>
 9d8:	8522                	mv	a0,s0
 9da:	c632                	sw	a2,12(sp)
 9dc:	c43e                	sw	a5,8(sp)
 9de:	35fd                	jal	8cc <printchar>
 9e0:	47a2                	lw	a5,8(sp)
 9e2:	4632                	lw	a2,12(sp)
 9e4:	0785                	addi	a5,a5,1
 9e6:	b76d                	j	990 <prints+0x7c>
 9e8:	4582                	lw	a1,0(sp)
 9ea:	8522                	mv	a0,s0
 9ec:	c432                	sw	a2,8(sp)
 9ee:	c23e                	sw	a5,4(sp)
 9f0:	3df1                	jal	8cc <printchar>
 9f2:	14fd                	addi	s1,s1,-1
 9f4:	4622                	lw	a2,8(sp)
 9f6:	4792                	lw	a5,4(sp)
 9f8:	b765                	j	9a0 <prints+0x8c>

000009fa <printInt>:
 9fa:	7139                	addi	sp,sp,-64
 9fc:	de06                	sw	ra,60(sp)
 9fe:	dc22                	sw	s0,56(sp)
 a00:	da26                	sw	s1,52(sp)
 a02:	c23e                	sw	a5,4(sp)
 a04:	8332                	mv	t1,a2
 a06:	863a                	mv	a2,a4
 a08:	ed89                	bnez	a1,a22 <printInt+0x28>
 a0a:	4692                	lw	a3,4(sp)
 a0c:	03000793          	li	a5,48
 a10:	4701                	li	a4,0
 a12:	086c                	addi	a1,sp,28
 a14:	86fc                	sh	a5,28(sp)
 a16:	3dfd                	jal	914 <prints>
 a18:	50f2                	lw	ra,60(sp)
 a1a:	5462                	lw	s0,56(sp)
 a1c:	54d2                	lw	s1,52(sp)
 a1e:	6121                	addi	sp,sp,64
 a20:	8082                	ret
 a22:	84aa                	mv	s1,a0
 a24:	8436                	mv	s0,a3
 a26:	87ae                	mv	a5,a1
 a28:	ca91                	beqz	a3,a3c <printInt+0x42>
 a2a:	4729                	li	a4,10
 a2c:	4401                	li	s0,0
 a2e:	00e31763          	bne	t1,a4,a3c <printInt+0x42>
 a32:	0005d563          	bgez	a1,a3c <printInt+0x42>
 a36:	40b007b3          	neg	a5,a1
 a3a:	4405                	li	s0,1
 a3c:	4686                	lw	a3,64(sp)
 a3e:	020109a3          	sb	zero,51(sp)
 a42:	03310713          	addi	a4,sp,51
 a46:	fc668693          	addi	a3,a3,-58 # 40020fc6 <__global_pointer$+0x2002078e>
 a4a:	c436                	sw	a3,8(sp)
 a4c:	859a                	mv	a1,t1
 a4e:	853e                	mv	a0,a5
 a50:	ca32                	sw	a2,20(sp)
 a52:	c83a                	sw	a4,16(sp)
 a54:	c61a                	sw	t1,12(sp)
 a56:	c03e                	sw	a5,0(sp)
 a58:	e90ff0ef          	jal	ra,e8 <__umodsi3>
 a5c:	46a5                	li	a3,9
 a5e:	4782                	lw	a5,0(sp)
 a60:	4332                	lw	t1,12(sp)
 a62:	4742                	lw	a4,16(sp)
 a64:	4652                	lw	a2,20(sp)
 a66:	00a6d463          	bge	a3,a0,a6e <printInt+0x74>
 a6a:	46a2                	lw	a3,8(sp)
 a6c:	9536                	add	a0,a0,a3
 a6e:	03050513          	addi	a0,a0,48
 a72:	fff70693          	addi	a3,a4,-1
 a76:	fea70fa3          	sb	a0,-1(a4)
 a7a:	859a                	mv	a1,t1
 a7c:	853e                	mv	a0,a5
 a7e:	cc32                	sw	a2,24(sp)
 a80:	ca3a                	sw	a4,20(sp)
 a82:	c81a                	sw	t1,16(sp)
 a84:	c63e                	sw	a5,12(sp)
 a86:	c036                	sw	a3,0(sp)
 a88:	e34ff0ef          	jal	ra,bc <__udivsi3>
 a8c:	47b2                	lw	a5,12(sp)
 a8e:	4342                	lw	t1,16(sp)
 a90:	4752                	lw	a4,20(sp)
 a92:	4662                	lw	a2,24(sp)
 a94:	0467f963          	bgeu	a5,t1,ae6 <printInt+0xec>
 a98:	cc01                	beqz	s0,ab0 <printInt+0xb6>
 a9a:	ca29                	beqz	a2,aec <printInt+0xf2>
 a9c:	4792                	lw	a5,4(sp)
 a9e:	8b89                	andi	a5,a5,2
 aa0:	c7b1                	beqz	a5,aec <printInt+0xf2>
 aa2:	02d00593          	li	a1,45
 aa6:	8526                	mv	a0,s1
 aa8:	c432                	sw	a2,8(sp)
 aaa:	350d                	jal	8cc <printchar>
 aac:	4622                	lw	a2,8(sp)
 aae:	167d                	addi	a2,a2,-1
 ab0:	4792                	lw	a5,4(sp)
 ab2:	8b91                	andi	a5,a5,4
 ab4:	c395                	beqz	a5,ad8 <printInt+0xde>
 ab6:	4706                	lw	a4,64(sp)
 ab8:	06100793          	li	a5,97
 abc:	c432                	sw	a2,8(sp)
 abe:	03000593          	li	a1,48
 ac2:	8526                	mv	a0,s1
 ac4:	02f71e63          	bne	a4,a5,b00 <printInt+0x106>
 ac8:	3511                	jal	8cc <printchar>
 aca:	07800593          	li	a1,120
 ace:	8526                	mv	a0,s1
 ad0:	3bf5                	jal	8cc <printchar>
 ad2:	4622                	lw	a2,8(sp)
 ad4:	0409                	addi	s0,s0,2
 ad6:	1679                	addi	a2,a2,-2
 ad8:	4716                	lw	a4,68(sp)
 ada:	4692                	lw	a3,4(sp)
 adc:	4582                	lw	a1,0(sp)
 ade:	8526                	mv	a0,s1
 ae0:	3d15                	jal	914 <prints>
 ae2:	9522                	add	a0,a0,s0
 ae4:	bf15                	j	a18 <printInt+0x1e>
 ae6:	87aa                	mv	a5,a0
 ae8:	4702                	lw	a4,0(sp)
 aea:	b78d                	j	a4c <printInt+0x52>
 aec:	4682                	lw	a3,0(sp)
 aee:	02d00793          	li	a5,45
 af2:	4401                	li	s0,0
 af4:	fef68fa3          	sb	a5,-1(a3)
 af8:	ffe70793          	addi	a5,a4,-2
 afc:	c03e                	sw	a5,0(sp)
 afe:	bf4d                	j	ab0 <printInt+0xb6>
 b00:	33f1                	jal	8cc <printchar>
 b02:	05800593          	li	a1,88
 b06:	b7e1                	j	ace <printInt+0xd4>

00000b08 <printLongLongInt>:
 b08:	4501                	li	a0,0
 b0a:	8082                	ret

00000b0c <printDouble>:
 b0c:	4501                	li	a0,0
 b0e:	8082                	ret

00000b10 <print>:
 b10:	fd810113          	addi	sp,sp,-40
 b14:	d022                	sw	s0,32(sp)
 b16:	ce26                	sw	s1,28(sp)
 b18:	d206                	sw	ra,36(sp)
 b1a:	c42a                	sw	a0,8(sp)
 b1c:	82ae                	mv	t0,a1
 b1e:	8432                	mv	s0,a2
 b20:	c602                	sw	zero,12(sp)
 b22:	4481                	li	s1,0
 b24:	00028583          	lb	a1,0(t0)
 b28:	ed89                	bnez	a1,b42 <print+0x32>
 b2a:	47a2                	lw	a5,8(sp)
 b2c:	c781                	beqz	a5,b34 <print+0x24>
 b2e:	4581                	li	a1,0
 b30:	853e                	mv	a0,a5
 b32:	3b69                	jal	8cc <printchar>
 b34:	5092                	lw	ra,36(sp)
 b36:	5402                	lw	s0,32(sp)
 b38:	8526                	mv	a0,s1
 b3a:	44f2                	lw	s1,28(sp)
 b3c:	02810113          	addi	sp,sp,40
 b40:	8082                	ret
 b42:	02500793          	li	a5,37
 b46:	00f58863          	beq	a1,a5,b56 <print+0x46>
 b4a:	4522                	lw	a0,8(sp)
 b4c:	c816                	sw	t0,16(sp)
 b4e:	0485                	addi	s1,s1,1
 b50:	3bb5                	jal	8cc <printchar>
 b52:	42c2                	lw	t0,16(sp)
 b54:	a839                	j	b72 <print+0x62>
 b56:	00128783          	lb	a5,1(t0)
 b5a:	00128713          	addi	a4,t0,1
 b5e:	00b79c63          	bne	a5,a1,b76 <print+0x66>
 b62:	4522                	lw	a0,8(sp)
 b64:	02500593          	li	a1,37
 b68:	c83a                	sw	a4,16(sp)
 b6a:	338d                	jal	8cc <printchar>
 b6c:	4742                	lw	a4,16(sp)
 b6e:	0485                	addi	s1,s1,1
 b70:	82ba                	mv	t0,a4
 b72:	0285                	addi	t0,t0,1
 b74:	bf45                	j	b24 <print+0x14>
 b76:	dbd5                	beqz	a5,b2a <print+0x1a>
 b78:	02b00693          	li	a3,43
 b7c:	04d78963          	beq	a5,a3,bce <print+0xbe>
 b80:	00f6c863          	blt	a3,a5,b90 <print+0x80>
 b84:	02300693          	li	a3,35
 b88:	04d78663          	beq	a5,a3,bd4 <print+0xc4>
 b8c:	4781                	li	a5,0
 b8e:	a005                	j	bae <print+0x9e>
 b90:	02d00693          	li	a3,45
 b94:	00d78a63          	beq	a5,a3,ba8 <print+0x98>
 b98:	03000693          	li	a3,48
 b9c:	fed798e3          	bne	a5,a3,b8c <print+0x7c>
 ba0:	00228713          	addi	a4,t0,2
 ba4:	4789                	li	a5,2
 ba6:	a021                	j	bae <print+0x9e>
 ba8:	00228713          	addi	a4,t0,2
 bac:	4785                	li	a5,1
 bae:	00070683          	lb	a3,0(a4)
 bb2:	02b00613          	li	a2,43
 bb6:	04c68363          	beq	a3,a2,bfc <print+0xec>
 bba:	02d64163          	blt	a2,a3,bdc <print+0xcc>
 bbe:	02300613          	li	a2,35
 bc2:	02c68b63          	beq	a3,a2,bf8 <print+0xe8>
 bc6:	82ba                	mv	t0,a4
 bc8:	4501                	li	a0,0
 bca:	46a5                	li	a3,9
 bcc:	a081                	j	c0c <print+0xfc>
 bce:	00228713          	addi	a4,t0,2
 bd2:	bf6d                	j	b8c <print+0x7c>
 bd4:	00228713          	addi	a4,t0,2
 bd8:	4791                	li	a5,4
 bda:	bfd1                	j	bae <print+0x9e>
 bdc:	02d00613          	li	a2,45
 be0:	00c68963          	beq	a3,a2,bf2 <print+0xe2>
 be4:	03000613          	li	a2,48
 be8:	fcc69fe3          	bne	a3,a2,bc6 <print+0xb6>
 bec:	0027e793          	ori	a5,a5,2
 bf0:	a031                	j	bfc <print+0xec>
 bf2:	0705                	addi	a4,a4,1
 bf4:	4785                	li	a5,1
 bf6:	bfc1                	j	bc6 <print+0xb6>
 bf8:	0047e793          	ori	a5,a5,4
 bfc:	0705                	addi	a4,a4,1
 bfe:	b7e1                	j	bc6 <print+0xb6>
 c00:	00251613          	slli	a2,a0,0x2
 c04:	9532                	add	a0,a0,a2
 c06:	0506                	slli	a0,a0,0x1
 c08:	953a                	add	a0,a0,a4
 c0a:	0285                	addi	t0,t0,1
 c0c:	00028603          	lb	a2,0(t0)
 c10:	fd060713          	addi	a4,a2,-48
 c14:	0ff77593          	andi	a1,a4,255
 c18:	feb6f4e3          	bgeu	a3,a1,c00 <print+0xf0>
 c1c:	02e00713          	li	a4,46
 c20:	4699                	li	a3,6
 c22:	00e61e63          	bne	a2,a4,c3e <print+0x12e>
 c26:	0285                	addi	t0,t0,1
 c28:	4681                	li	a3,0
 c2a:	45a5                	li	a1,9
 c2c:	00028603          	lb	a2,0(t0)
 c30:	fd060613          	addi	a2,a2,-48
 c34:	0ff67713          	andi	a4,a2,255
 c38:	02e5f563          	bgeu	a1,a4,c62 <print+0x152>
 c3c:	c636                	sw	a3,12(sp)
 c3e:	00028703          	lb	a4,0(t0)
 c42:	06a00613          	li	a2,106
 c46:	0ac70d63          	beq	a4,a2,d00 <print+0x1f0>
 c4a:	02e64363          	blt	a2,a4,c70 <print+0x160>
 c4e:	04c00613          	li	a2,76
 c52:	0ac70763          	beq	a4,a2,d00 <print+0x1f0>
 c56:	06800613          	li	a2,104
 c5a:	08c70c63          	beq	a4,a2,cf2 <print+0x1e2>
 c5e:	4581                	li	a1,0
 c60:	a82d                	j	c9a <print+0x18a>
 c62:	00269713          	slli	a4,a3,0x2
 c66:	96ba                	add	a3,a3,a4
 c68:	0686                	slli	a3,a3,0x1
 c6a:	96b2                	add	a3,a3,a2
 c6c:	0285                	addi	t0,t0,1
 c6e:	bf7d                	j	c2c <print+0x11c>
 c70:	07400613          	li	a2,116
 c74:	08c70663          	beq	a4,a2,d00 <print+0x1f0>
 c78:	07a00613          	li	a2,122
 c7c:	08c70263          	beq	a4,a2,d00 <print+0x1f0>
 c80:	06c00613          	li	a2,108
 c84:	4581                	li	a1,0
 c86:	00c71a63          	bne	a4,a2,c9a <print+0x18a>
 c8a:	00128603          	lb	a2,1(t0)
 c8e:	458d                	li	a1,3
 c90:	00e61463          	bne	a2,a4,c98 <print+0x188>
 c94:	0285                	addi	t0,t0,1
 c96:	4591                	li	a1,4
 c98:	0285                	addi	t0,t0,1
 c9a:	00028603          	lb	a2,0(t0)
 c9e:	06000393          	li	t2,96
 ca2:	06100713          	li	a4,97
 ca6:	00c3c463          	blt	t2,a2,cae <print+0x19e>
 caa:	04100713          	li	a4,65
 cae:	06700393          	li	t2,103
 cb2:	06c3c463          	blt	t2,a2,d1a <print+0x20a>
 cb6:	06500393          	li	t2,101
 cba:	18765363          	bge	a2,t2,e40 <print+0x330>
 cbe:	04700393          	li	t2,71
 cc2:	04c3c163          	blt	t2,a2,d04 <print+0x1f4>
 cc6:	04500593          	li	a1,69
 cca:	16b65b63          	bge	a2,a1,e40 <print+0x330>
 cce:	04300713          	li	a4,67
 cd2:	eae610e3          	bne	a2,a4,b72 <print+0x62>
 cd6:	4018                	lw	a4,0(s0)
 cd8:	00440393          	addi	t2,s0,4
 cdc:	ca16                	sw	t0,20(sp)
 cde:	00e10c23          	sb	a4,24(sp)
 ce2:	c81e                	sw	t2,16(sp)
 ce4:	00010ca3          	sb	zero,25(sp)
 ce8:	4701                	li	a4,0
 cea:	86be                	mv	a3,a5
 cec:	862a                	mv	a2,a0
 cee:	082c                	addi	a1,sp,24
 cf0:	a849                	j	d82 <print+0x272>
 cf2:	00128603          	lb	a2,1(t0)
 cf6:	4581                	li	a1,0
 cf8:	fae611e3          	bne	a2,a4,c9a <print+0x18a>
 cfc:	0289                	addi	t0,t0,2
 cfe:	bf71                	j	c9a <print+0x18a>
 d00:	0285                	addi	t0,t0,1
 d02:	bfb1                	j	c5e <print+0x14e>
 d04:	06300693          	li	a3,99
 d08:	fcd607e3          	beq	a2,a3,cd6 <print+0x1c6>
 d0c:	06c6ce63          	blt	a3,a2,d88 <print+0x278>
 d10:	05800693          	li	a3,88
 d14:	02d60363          	beq	a2,a3,d3a <print+0x22a>
 d18:	bda9                	j	b72 <print+0x62>
 d1a:	07300693          	li	a3,115
 d1e:	04d60463          	beq	a2,a3,d66 <print+0x256>
 d22:	02c6cb63          	blt	a3,a2,d58 <print+0x248>
 d26:	06f00693          	li	a3,111
 d2a:	0ed60263          	beq	a2,a3,e0e <print+0x2fe>
 d2e:	07000693          	li	a3,112
 d32:	0047e793          	ori	a5,a5,4
 d36:	e2d61ee3          	bne	a2,a3,b72 <print+0x62>
 d3a:	4691                	li	a3,4
 d3c:	0ad59f63          	bne	a1,a3,dfa <print+0x2ea>
 d40:	00840393          	addi	t2,s0,8
 d44:	400c                	lw	a1,0(s0)
 d46:	4050                	lw	a2,4(s0)
 d48:	ca16                	sw	t0,20(sp)
 d4a:	c23a                	sw	a4,4(sp)
 d4c:	c03e                	sw	a5,0(sp)
 d4e:	c81e                	sw	t2,16(sp)
 d50:	87aa                	mv	a5,a0
 d52:	4701                	li	a4,0
 d54:	46c1                	li	a3,16
 d56:	a0b9                	j	da4 <print+0x294>
 d58:	07500693          	li	a3,117
 d5c:	06d60863          	beq	a2,a3,dcc <print+0x2bc>
 d60:	07800693          	li	a3,120
 d64:	bf45                	j	d14 <print+0x204>
 d66:	4018                	lw	a4,0(s0)
 d68:	000016b7          	lui	a3,0x1
 d6c:	00440393          	addi	t2,s0,4
 d70:	e9468593          	addi	a1,a3,-364 # e94 <printf+0x32>
 d74:	c311                	beqz	a4,d78 <print+0x268>
 d76:	85ba                	mv	a1,a4
 d78:	4732                	lw	a4,12(sp)
 d7a:	ca16                	sw	t0,20(sp)
 d7c:	c81e                	sw	t2,16(sp)
 d7e:	86be                	mv	a3,a5
 d80:	862a                	mv	a2,a0
 d82:	4522                	lw	a0,8(sp)
 d84:	3e41                	jal	914 <prints>
 d86:	a00d                	j	da8 <print+0x298>
 d88:	4691                	li	a3,4
 d8a:	02d59463          	bne	a1,a3,db2 <print+0x2a2>
 d8e:	00840393          	addi	t2,s0,8
 d92:	400c                	lw	a1,0(s0)
 d94:	4050                	lw	a2,4(s0)
 d96:	ca16                	sw	t0,20(sp)
 d98:	c23a                	sw	a4,4(sp)
 d9a:	c03e                	sw	a5,0(sp)
 d9c:	c81e                	sw	t2,16(sp)
 d9e:	87aa                	mv	a5,a0
 da0:	4705                	li	a4,1
 da2:	46a9                	li	a3,10
 da4:	4522                	lw	a0,8(sp)
 da6:	338d                	jal	b08 <printLongLongInt>
 da8:	43c2                	lw	t2,16(sp)
 daa:	94aa                	add	s1,s1,a0
 dac:	841e                	mv	s0,t2
 dae:	42d2                	lw	t0,20(sp)
 db0:	b3c9                	j	b72 <print+0x62>
 db2:	46b2                	lw	a3,12(sp)
 db4:	400c                	lw	a1,0(s0)
 db6:	c816                	sw	t0,16(sp)
 db8:	c236                	sw	a3,4(sp)
 dba:	c03a                	sw	a4,0(sp)
 dbc:	0411                	addi	s0,s0,4
 dbe:	872a                	mv	a4,a0
 dc0:	4685                	li	a3,1
 dc2:	4629                	li	a2,10
 dc4:	4522                	lw	a0,8(sp)
 dc6:	3915                	jal	9fa <printInt>
 dc8:	94aa                	add	s1,s1,a0
 dca:	b361                	j	b52 <print+0x42>
 dcc:	4691                	li	a3,4
 dce:	00d59d63          	bne	a1,a3,de8 <print+0x2d8>
 dd2:	00840393          	addi	t2,s0,8
 dd6:	400c                	lw	a1,0(s0)
 dd8:	4050                	lw	a2,4(s0)
 dda:	ca16                	sw	t0,20(sp)
 ddc:	c23a                	sw	a4,4(sp)
 dde:	c03e                	sw	a5,0(sp)
 de0:	c81e                	sw	t2,16(sp)
 de2:	87aa                	mv	a5,a0
 de4:	4701                	li	a4,0
 de6:	bf75                	j	da2 <print+0x292>
 de8:	46b2                	lw	a3,12(sp)
 dea:	400c                	lw	a1,0(s0)
 dec:	c816                	sw	t0,16(sp)
 dee:	c236                	sw	a3,4(sp)
 df0:	c03a                	sw	a4,0(sp)
 df2:	0411                	addi	s0,s0,4
 df4:	872a                	mv	a4,a0
 df6:	4681                	li	a3,0
 df8:	b7e9                	j	dc2 <print+0x2b2>
 dfa:	46b2                	lw	a3,12(sp)
 dfc:	c816                	sw	t0,16(sp)
 dfe:	400c                	lw	a1,0(s0)
 e00:	4641                	li	a2,16
 e02:	c236                	sw	a3,4(sp)
 e04:	c03a                	sw	a4,0(sp)
 e06:	0411                	addi	s0,s0,4
 e08:	872a                	mv	a4,a0
 e0a:	4681                	li	a3,0
 e0c:	bf65                	j	dc4 <print+0x2b4>
 e0e:	4691                	li	a3,4
 e10:	00d59e63          	bne	a1,a3,e2c <print+0x31c>
 e14:	00840393          	addi	t2,s0,8
 e18:	400c                	lw	a1,0(s0)
 e1a:	4050                	lw	a2,4(s0)
 e1c:	ca16                	sw	t0,20(sp)
 e1e:	c23a                	sw	a4,4(sp)
 e20:	c03e                	sw	a5,0(sp)
 e22:	c81e                	sw	t2,16(sp)
 e24:	87aa                	mv	a5,a0
 e26:	4701                	li	a4,0
 e28:	46a1                	li	a3,8
 e2a:	bfad                	j	da4 <print+0x294>
 e2c:	46b2                	lw	a3,12(sp)
 e2e:	400c                	lw	a1,0(s0)
 e30:	c816                	sw	t0,16(sp)
 e32:	c236                	sw	a3,4(sp)
 e34:	c03a                	sw	a4,0(sp)
 e36:	0411                	addi	s0,s0,4
 e38:	872a                	mv	a4,a0
 e3a:	4681                	li	a3,0
 e3c:	4621                	li	a2,8
 e3e:	b759                	j	dc4 <print+0x2b4>
 e40:	400c                	lw	a1,0(s0)
 e42:	00840613          	addi	a2,s0,8
 e46:	4040                	lw	s0,4(s0)
 e48:	c23a                	sw	a4,4(sp)
 e4a:	872a                	mv	a4,a0
 e4c:	4522                	lw	a0,8(sp)
 e4e:	c832                	sw	a2,16(sp)
 e50:	c03e                	sw	a5,0(sp)
 e52:	8622                	mv	a2,s0
 e54:	87b6                	mv	a5,a3
 e56:	46a9                	li	a3,10
 e58:	ca16                	sw	t0,20(sp)
 e5a:	394d                	jal	b0c <printDouble>
 e5c:	94aa                	add	s1,s1,a0
 e5e:	4442                	lw	s0,16(sp)
 e60:	b7b9                	j	dae <print+0x29e>

00000e62 <printf>:
 e62:	fdc10113          	addi	sp,sp,-36
 e66:	c82e                	sw	a1,16(sp)
 e68:	ca32                	sw	a2,20(sp)
 e6a:	85aa                	mv	a1,a0
 e6c:	0810                	addi	a2,sp,16
 e6e:	4501                	li	a0,0
 e70:	c606                	sw	ra,12(sp)
 e72:	cc36                	sw	a3,24(sp)
 e74:	ce3a                	sw	a4,28(sp)
 e76:	d03e                	sw	a5,32(sp)
 e78:	c032                	sw	a2,0(sp)
 e7a:	3959                	jal	b10 <print>
 e7c:	40b2                	lw	ra,12(sp)
 e7e:	02410113          	addi	sp,sp,36
 e82:	8082                	ret
 e84:	74737953          	0x74737953
 e88:	6d65                	lui	s10,0x19
 e8a:	3a6b6c43          	fmadd.d	fs8,fs6,ft6,ft7,unknown
 e8e:	6425                	lui	s0,0x9
 e90:	0a0d                	addi	s4,s4,3
 e92:	0000                	unimp
 e94:	6e28                	flw	fa0,88(a2)
 e96:	6c75                	lui	s8,0x1d
 e98:	296c                	lbu	a1,22(a0)
	...
