
GPIO_EXTI.elf:     file format elf32-littleriscv
GPIO_EXTI.elf
architecture: riscv:rv32, flags 0x00000112:
EXEC_P, HAS_SYMS, D_PAGED
start address 0x00000000

Program Header:
    LOAD off    0x00001000 vaddr 0x00000000 paddr 0x00000000 align 2**12
         filesz 0x00000f00 memsz 0x00000f00 flags r-x
    LOAD off    0x00002000 vaddr 0x20000000 paddr 0x00000f00 align 2**12
         filesz 0x00000028 memsz 0x00000030 flags rw-
    LOAD off    0x00002700 vaddr 0x20000700 paddr 0x20000700 align 2**12
         filesz 0x00000000 memsz 0x00000100 flags rw-

Sections:
Idx Name          Size      VMA       LMA       File off  Algn
  0 .init         000000a0  00000000  00000000  00001000  2**2
                  CONTENTS, ALLOC, LOAD, READONLY, CODE
  1 .text         00000e60  000000a0  000000a0  000010a0  2**2
                  CONTENTS, ALLOC, LOAD, READONLY, CODE
  2 .fini         00000000  00000f00  00000f00  00002028  2**0
                  CONTENTS, ALLOC, LOAD, CODE
  3 .dalign       00000000  20000000  20000000  00002028  2**0
                  CONTENTS
  4 .dlalign      00000000  00000f00  00000f00  00002028  2**0
                  CONTENTS
  5 .data         00000028  20000000  00000f00  00002000  2**2
                  CONTENTS, ALLOC, LOAD, DATA
  6 .bss          00000008  20000028  00000f28  00002028  2**2
                  ALLOC
  7 .stack        00000100  20000700  20000700  00002700  2**0
                  ALLOC
  8 .debug_info   0000805d  00000000  00000000  00002028  2**0
                  CONTENTS, READONLY, DEBUGGING
  9 .debug_abbrev 00001974  00000000  00000000  0000a085  2**0
                  CONTENTS, READONLY, DEBUGGING
 10 .debug_aranges 000003e0  00000000  00000000  0000ba00  2**3
                  CONTENTS, READONLY, DEBUGGING
 11 .debug_ranges 00000398  00000000  00000000  0000bde0  2**3
                  CONTENTS, READONLY, DEBUGGING
 12 .debug_line   000049b8  00000000  00000000  0000c178  2**0
                  CONTENTS, READONLY, DEBUGGING
 13 .debug_str    00001773  00000000  00000000  00010b30  2**0
                  CONTENTS, READONLY, DEBUGGING
 14 .comment      00000033  00000000  00000000  000122a3  2**0
                  CONTENTS, READONLY
 15 .debug_frame  00000750  00000000  00000000  000122d8  2**2
                  CONTENTS, READONLY, DEBUGGING
 16 .debug_loc    00001763  00000000  00000000  00012a28  2**0
                  CONTENTS, READONLY, DEBUGGING
SYMBOL TABLE:
00000000 l    d  .init	00000000 .init
000000a0 l    d  .text	00000000 .text
00000f00 l    d  .fini	00000000 .fini
20000000 l    d  .dalign	00000000 .dalign
00000f00 l    d  .dlalign	00000000 .dlalign
20000000 l    d  .data	00000000 .data
20000028 l    d  .bss	00000000 .bss
20000700 l    d  .stack	00000000 .stack
00000000 l    d  .debug_info	00000000 .debug_info
00000000 l    d  .debug_abbrev	00000000 .debug_abbrev
00000000 l    d  .debug_aranges	00000000 .debug_aranges
00000000 l    d  .debug_ranges	00000000 .debug_ranges
00000000 l    d  .debug_line	00000000 .debug_line
00000000 l    d  .debug_str	00000000 .debug_str
00000000 l    d  .comment	00000000 .comment
00000000 l    d  .debug_frame	00000000 .debug_frame
00000000 l    d  .debug_loc	00000000 .debug_loc
00000000 l    df *ABS*	00000000 ch32v00x_it.c
00000000 l    df *ABS*	00000000 main.c
00000000 l    df *ABS*	00000000 system_ch32v00x.c
00000000 l    df *ABS*	00000000 ch32v00x_exti.c
00000000 l    df *ABS*	00000000 ch32v00x_gpio.c
00000000 l    df *ABS*	00000000 ch32v00x_misc.c
00000000 l    df *ABS*	00000000 ch32v00x_rcc.c
20000004 l     O .data	00000014 ADCPrescTable
20000018 l     O .data	00000010 APBAHBPrescTable
00000000 l    df *ABS*	00000000 ch32v00x_usart.c
00000000 l    df *ABS*	00000000 debug.c
2000002c l     O .bss	00000002 p_ms
2000002e l     O .bss	00000001 p_us
00000000 l    df *ABS*	00000000 wchprintf.c
00000afe  w    F .text	00000004 printDouble
00000b02  w    F .text	00000352 print
00000e54  w    F .text	00000022 printf
20000828 g       .data	00000000 __global_pointer$
00000346  w      .text	00000000 TIM1_CC_IRQHandler
0000014e g     F .text	00000002 HardFault_Handler
000009ec  w    F .text	0000010e printInt
00000318  w      .text	00000000 SysTick_Handler
00000562 g     F .text	000000aa NVIC_Init
0000031e  w      .text	00000000 PVD_IRQHandler
0000014a g     F .text	00000004 NMI_Handler
0000079e g     F .text	0000000a USART_GetFlagStatus
20000028 g       .bss	00000000 _sbss
00000100 g       *ABS*	00000000 __stack_size
0000081e g     F .text	00000054 USART_Printf_Init
000000aa g     F .text	0000000a .hidden __riscv_restore_2
00000afa  w    F .text	00000004 printLongLongInt
00000e76 g     F .text	00000046 puts
20000000 g     O .data	00000004 SystemCoreClock
000000d4 g     F .text	0000002c .hidden __udivsi3
000000a0 g       .init	00000000 _einit
000006a2 g     F .text	0000001e RCC_APB2PeriphClockCmd
00000460 g     F .text	000000d6 GPIO_Init
20000028 g     O .bss	00000004 NVIC_Priority_Group
0000033e  w      .text	00000000 SPI1_IRQHandler
00000780 g     F .text	00000016 USART_Cmd
000000a0 g     F .text	0000000a .hidden __riscv_save_1
000000aa g     F .text	0000000a .hidden __riscv_restore_0
00000326  w      .text	00000000 AWU_IRQHandler
000001fc g     F .text	0000001a EXTI7_0_IRQHandler
20000700 g       .stack	00000000 _heap_end
0000032e  w      .text	00000000 DMA1_Channel4_IRQHandler
00000336  w      .text	00000000 ADC1_IRQHandler
00000456 g     F .text	0000000a EXTI_ClearITPendingBit
20000030 g       .bss	00000000 _ebss
00000334  w      .text	00000000 DMA1_Channel7_IRQHandler
000007a8 g     F .text	00000038 Delay_Init
00000100 g     F .text	00000008 .hidden __umodsi3
00000338  w      .text	00000000 I2C1_EV_IRQHandler
0000060c g     F .text	00000096 RCC_GetClocksFreq
00000332  w      .text	00000000 DMA1_Channel6_IRQHandler
000006c0 g     F .text	000000c0 USART_Init
00000322  w      .text	00000000 RCC_IRQHandler
00000344  w      .text	00000000 TIM1_TRG_COM_IRQHandler
00000328  w      .text	00000000 DMA1_Channel1_IRQHandler
00000000 g       .init	00000000 _start
00000906  w    F .text	000000e6 prints
000003ce g     F .text	0000006a EXTI_Init
000000b4 g     F .text	00000014 .hidden __mulsi3
20000000 g       .dalign	00000000 _data_vma
00000536 g     F .text	00000022 GPIO_EXTILineConfig
00000438 g     F .text	0000001e EXTI_GetITStatus
000001b4 g     F .text	00000048 main
00000330  w      .text	00000000 DMA1_Channel5_IRQHandler
000000cc g     F .text	00000058 .hidden __divsi3
000007e0 g     F .text	0000003e Delay_Ms
00000216 g     F .text	000000fe SystemInit
000008be  w    F .text	00000048 printchar
00000000 g       .init	00000000 _sinit
0000032c  w      .text	00000000 DMA1_Channel3_IRQHandler
00000342  w      .text	00000000 TIM1_UP_IRQHandler
0000031c  w      .text	00000000 WWDG_IRQHandler
00000348  w      .text	00000000 TIM2_IRQHandler
20000800 g       .stack	00000000 _eusrstack
000000a0 g     F .text	0000000a .hidden __riscv_save_2
0000031a  w      .text	00000000 SW_Handler
00000340  w      .text	00000000 TIM1_BRK_IRQHandler
00000796 g     F .text	00000008 USART_SendData
00000150 g     F .text	00000064 EXTI_Config
00000872 g     F .text	0000004c _write
20000028 g       .data	00000000 _edata
20000030 g       .bss	00000000 _end
00000f00 g       .dlalign	00000000 _Data_Lma
00000124 g     F .text	00000024 .hidden __modsi3
0000032a  w      .text	00000000 DMA1_Channel2_IRQHandler
0000034a  w      .text	00000000 handle_reset
000000a0 g     F .text	0000000a .hidden __riscv_save_0
00000320  w      .text	00000000 FLASH_IRQHandler
0000033c  w      .text	00000000 USART1_IRQHandler
0000033a  w      .text	00000000 I2C1_ER_IRQHandler
00000558 g     F .text	0000000a NVIC_PriorityGroupConfig
000000aa g     F .text	0000000a .hidden __riscv_restore_1



Disassembly of section .init:

00000000 <_sinit>:
   0:	34a0006f          	j	34a <handle_reset>
   4:	0000                	unimp
   6:	0000                	unimp
   8:	014a                	slli	sp,sp,0x12
   a:	0000                	unimp
   c:	014e                	slli	sp,sp,0x13
	...
  2e:	0000                	unimp
  30:	0318                	addi	a4,sp,384
  32:	0000                	unimp
  34:	0000                	unimp
  36:	0000                	unimp
  38:	031a                	slli	t1,t1,0x6
  3a:	0000                	unimp
  3c:	0000                	unimp
  3e:	0000                	unimp
  40:	031c                	addi	a5,sp,384
  42:	0000                	unimp
  44:	031e                	slli	t1,t1,0x7
  46:	0000                	unimp
  48:	0320                	addi	s0,sp,392
  4a:	0000                	unimp
  4c:	0322                	slli	t1,t1,0x8
  4e:	0000                	unimp
  50:	01fc                	addi	a5,sp,204
  52:	0000                	unimp
  54:	0326                	slli	t1,t1,0x9
  56:	0000                	unimp
  58:	0328                	addi	a0,sp,392
  5a:	0000                	unimp
  5c:	032a                	slli	t1,t1,0xa
  5e:	0000                	unimp
  60:	032c                	addi	a1,sp,392
  62:	0000                	unimp
  64:	032e                	slli	t1,t1,0xb
  66:	0000                	unimp
  68:	0330                	addi	a2,sp,392
  6a:	0000                	unimp
  6c:	0332                	slli	t1,t1,0xc
  6e:	0000                	unimp
  70:	0334                	addi	a3,sp,392
  72:	0000                	unimp
  74:	0336                	slli	t1,t1,0xd
  76:	0000                	unimp
  78:	0338                	addi	a4,sp,392
  7a:	0000                	unimp
  7c:	033a                	slli	t1,t1,0xe
  7e:	0000                	unimp
  80:	033c                	addi	a5,sp,392
  82:	0000                	unimp
  84:	033e                	slli	t1,t1,0xf
  86:	0000                	unimp
  88:	0340                	addi	s0,sp,388
  8a:	0000                	unimp
  8c:	0342                	slli	t1,t1,0x10
  8e:	0000                	unimp
  90:	0344                	addi	s1,sp,388
  92:	0000                	unimp
  94:	0346                	slli	t1,t1,0x11
  96:	0000                	unimp
  98:	0348                	addi	a0,sp,388
  9a:	0000                	unimp
  9c:	0000                	unimp
	...

Disassembly of section .text:

000000a0 <__riscv_save_0>:
  a0:	1151                	addi	sp,sp,-12
  a2:	c026                	sw	s1,0(sp)
  a4:	c222                	sw	s0,4(sp)
  a6:	c406                	sw	ra,8(sp)
  a8:	8282                	jr	t0

000000aa <__riscv_restore_0>:
  aa:	4482                	lw	s1,0(sp)
  ac:	4412                	lw	s0,4(sp)
  ae:	40a2                	lw	ra,8(sp)
  b0:	0131                	addi	sp,sp,12
  b2:	8082                	ret

000000b4 <__mulsi3>:
  b4:	862a                	mv	a2,a0
  b6:	4501                	li	a0,0
  b8:	0015f693          	andi	a3,a1,1
  bc:	c291                	beqz	a3,c0 <__mulsi3+0xc>
  be:	9532                	add	a0,a0,a2
  c0:	8185                	srli	a1,a1,0x1
  c2:	0606                	slli	a2,a2,0x1
  c4:	f9f5                	bnez	a1,b8 <__mulsi3+0x4>
  c6:	8082                	ret
  c8:	0000                	unimp
	...

000000cc <__divsi3>:
  cc:	02054e63          	bltz	a0,108 <__umodsi3+0x8>
  d0:	0405c363          	bltz	a1,116 <__umodsi3+0x16>

000000d4 <__udivsi3>:
  d4:	862e                	mv	a2,a1
  d6:	85aa                	mv	a1,a0
  d8:	557d                	li	a0,-1
  da:	c215                	beqz	a2,fe <__udivsi3+0x2a>
  dc:	4685                	li	a3,1
  de:	00b67863          	bgeu	a2,a1,ee <__udivsi3+0x1a>
  e2:	00c05663          	blez	a2,ee <__udivsi3+0x1a>
  e6:	0606                	slli	a2,a2,0x1
  e8:	0686                	slli	a3,a3,0x1
  ea:	feb66ce3          	bltu	a2,a1,e2 <__udivsi3+0xe>
  ee:	4501                	li	a0,0
  f0:	00c5e463          	bltu	a1,a2,f8 <__udivsi3+0x24>
  f4:	8d91                	sub	a1,a1,a2
  f6:	8d55                	or	a0,a0,a3
  f8:	8285                	srli	a3,a3,0x1
  fa:	8205                	srli	a2,a2,0x1
  fc:	faf5                	bnez	a3,f0 <__udivsi3+0x1c>
  fe:	8082                	ret

00000100 <__umodsi3>:
 100:	8286                	mv	t0,ra
 102:	3fc9                	jal	d4 <__udivsi3>
 104:	852e                	mv	a0,a1
 106:	8282                	jr	t0
 108:	40a00533          	neg	a0,a0
 10c:	0005d763          	bgez	a1,11a <__umodsi3+0x1a>
 110:	40b005b3          	neg	a1,a1
 114:	b7c1                	j	d4 <__udivsi3>
 116:	40b005b3          	neg	a1,a1
 11a:	8286                	mv	t0,ra
 11c:	3f65                	jal	d4 <__udivsi3>
 11e:	40a00533          	neg	a0,a0
 122:	8282                	jr	t0

00000124 <__modsi3>:
 124:	8286                	mv	t0,ra
 126:	0005c763          	bltz	a1,134 <__modsi3+0x10>
 12a:	00054963          	bltz	a0,13c <__modsi3+0x18>
 12e:	375d                	jal	d4 <__udivsi3>
 130:	852e                	mv	a0,a1
 132:	8282                	jr	t0
 134:	40b005b3          	neg	a1,a1
 138:	fe055be3          	bgez	a0,12e <__modsi3+0xa>
 13c:	40a00533          	neg	a0,a0
 140:	3f51                	jal	d4 <__udivsi3>
 142:	40b00533          	neg	a0,a1
 146:	8282                	jr	t0
	...

0000014a <NMI_Handler>:
 14a:	30200073          	mret

0000014e <HardFault_Handler>:
 14e:	a001                	j	14e <HardFault_Handler>

00000150 <EXTI_Config>:
 150:	f51ff2ef          	jal	t0,a0 <__riscv_save_0>
 154:	fdc10113          	addi	sp,sp,-36
 158:	4585                	li	a1,1
 15a:	02100513          	li	a0,33
 15e:	c402                	sw	zero,8(sp)
 160:	c602                	sw	zero,12(sp)
 162:	c802                	sw	zero,16(sp)
 164:	ca02                	sw	zero,20(sp)
 166:	cc02                	sw	zero,24(sp)
 168:	ce02                	sw	zero,28(sp)
 16a:	d002                	sw	zero,32(sp)
 16c:	c002                	sw	zero,0(sp)
 16e:	c202                	sw	zero,4(sp)
 170:	2b0d                	jal	6a2 <RCC_APB2PeriphClockCmd>
 172:	4785                	li	a5,1
 174:	40011537          	lui	a0,0x40011
 178:	847c                	sh	a5,8(sp)
 17a:	002c                	addi	a1,sp,8
 17c:	04800793          	li	a5,72
 180:	40050513          	addi	a0,a0,1024 # 40011400 <__global_pointer$+0x20010bd8>
 184:	c83e                	sw	a5,16(sp)
 186:	2ce9                	jal	460 <GPIO_Init>
 188:	4581                	li	a1,0
 18a:	450d                	li	a0,3
 18c:	266d                	jal	536 <GPIO_EXTILineConfig>
 18e:	4405                	li	s0,1
 190:	47b1                	li	a5,12
 192:	0848                	addi	a0,sp,20
 194:	ca22                	sw	s0,20(sp)
 196:	ce3e                	sw	a5,28(sp)
 198:	d022                	sw	s0,32(sp)
 19a:	cc02                	sw	zero,24(sp)
 19c:	2c0d                	jal	3ce <EXTI_Init>
 19e:	11400793          	li	a5,276
 1a2:	807c                	sh	a5,0(sp)
 1a4:	850a                	mv	a0,sp
 1a6:	4789                	li	a5,2
 1a8:	815c                	sb	a5,2(sp)
 1aa:	c222                	sw	s0,4(sp)
 1ac:	2e5d                	jal	562 <NVIC_Init>
 1ae:	02410113          	addi	sp,sp,36
 1b2:	bde5                	j	aa <__riscv_restore_0>

000001b4 <main>:
 1b4:	eedff2ef          	jal	t0,a0 <__riscv_save_0>
 1b8:	4509                	li	a0,2
 1ba:	2e79                	jal	558 <NVIC_PriorityGroupConfig>
 1bc:	23f5                	jal	7a8 <Delay_Init>
 1be:	6571                	lui	a0,0x1c
 1c0:	20050513          	addi	a0,a0,512 # 1c200 <_Data_Lma+0x1b300>
 1c4:	2da9                	jal	81e <USART_Printf_Init>
 1c6:	200007b7          	lui	a5,0x20000
 1ca:	0007a583          	lw	a1,0(a5) # 20000000 <_data_vma>
 1ce:	00001537          	lui	a0,0x1
 1d2:	ecc50513          	addi	a0,a0,-308 # ecc <puts+0x56>
 1d6:	47f000ef          	jal	ra,e54 <printf>
 1da:	00001537          	lui	a0,0x1
 1de:	edc50513          	addi	a0,a0,-292 # edc <puts+0x66>
 1e2:	495000ef          	jal	ra,e76 <puts>
 1e6:	37ad                	jal	150 <EXTI_Config>
 1e8:	00001437          	lui	s0,0x1
 1ec:	3e800513          	li	a0,1000
 1f0:	2bc5                	jal	7e0 <Delay_Ms>
 1f2:	ee840513          	addi	a0,s0,-280 # ee8 <puts+0x72>
 1f6:	481000ef          	jal	ra,e76 <puts>
 1fa:	bfcd                	j	1ec <main+0x38>

000001fc <EXTI7_0_IRQHandler>:
 1fc:	4505                	li	a0,1
 1fe:	2c2d                	jal	438 <EXTI_GetITStatus>
 200:	c909                	beqz	a0,212 <EXTI7_0_IRQHandler+0x16>
 202:	00001537          	lui	a0,0x1
 206:	ebc50513          	addi	a0,a0,-324 # ebc <puts+0x46>
 20a:	46d000ef          	jal	ra,e76 <puts>
 20e:	4505                	li	a0,1
 210:	2499                	jal	456 <EXTI_ClearITPendingBit>
 212:	30200073          	mret

00000216 <SystemInit>:
 216:	400217b7          	lui	a5,0x40021
 21a:	4398                	lw	a4,0(a5)
 21c:	fcff06b7          	lui	a3,0xfcff0
 220:	1161                	addi	sp,sp,-8
 222:	00176713          	ori	a4,a4,1
 226:	c398                	sw	a4,0(a5)
 228:	43d8                	lw	a4,4(a5)
 22a:	6621                	lui	a2,0x8
 22c:	8f75                	and	a4,a4,a3
 22e:	c3d8                	sw	a4,4(a5)
 230:	4398                	lw	a4,0(a5)
 232:	fef706b7          	lui	a3,0xfef70
 236:	16fd                	addi	a3,a3,-1
 238:	8f75                	and	a4,a4,a3
 23a:	c398                	sw	a4,0(a5)
 23c:	4398                	lw	a4,0(a5)
 23e:	fffc06b7          	lui	a3,0xfffc0
 242:	16fd                	addi	a3,a3,-1
 244:	8f75                	and	a4,a4,a3
 246:	c398                	sw	a4,0(a5)
 248:	43d8                	lw	a4,4(a5)
 24a:	76c1                	lui	a3,0xffff0
 24c:	16fd                	addi	a3,a3,-1
 24e:	8f75                	and	a4,a4,a3
 250:	c3d8                	sw	a4,4(a5)
 252:	009f0737          	lui	a4,0x9f0
 256:	c798                	sw	a4,8(a5)
 258:	c002                	sw	zero,0(sp)
 25a:	c202                	sw	zero,4(sp)
 25c:	4f98                	lw	a4,24(a5)
 25e:	400106b7          	lui	a3,0x40010
 262:	00176713          	ori	a4,a4,1
 266:	cf98                	sw	a4,24(a5)
 268:	42d8                	lw	a4,4(a3)
 26a:	8f51                	or	a4,a4,a2
 26c:	c2d8                	sw	a4,4(a3)
 26e:	4398                	lw	a4,0(a5)
 270:	66c1                	lui	a3,0x10
 272:	00020637          	lui	a2,0x20
 276:	8f55                	or	a4,a4,a3
 278:	c398                	sw	a4,0(a5)
 27a:	400216b7          	lui	a3,0x40021
 27e:	6709                	lui	a4,0x2
 280:	429c                	lw	a5,0(a3)
 282:	8ff1                	and	a5,a5,a2
 284:	c23e                	sw	a5,4(sp)
 286:	4782                	lw	a5,0(sp)
 288:	0785                	addi	a5,a5,1
 28a:	c03e                	sw	a5,0(sp)
 28c:	4792                	lw	a5,4(sp)
 28e:	e781                	bnez	a5,296 <SystemInit+0x80>
 290:	4782                	lw	a5,0(sp)
 292:	fee797e3          	bne	a5,a4,280 <SystemInit+0x6a>
 296:	400217b7          	lui	a5,0x40021
 29a:	439c                	lw	a5,0(a5)
 29c:	00e79713          	slli	a4,a5,0xe
 2a0:	06075863          	bgez	a4,310 <SystemInit+0xfa>
 2a4:	4785                	li	a5,1
 2a6:	c23e                	sw	a5,4(sp)
 2a8:	4712                	lw	a4,4(sp)
 2aa:	4785                	li	a5,1
 2ac:	06f71063          	bne	a4,a5,30c <SystemInit+0xf6>
 2b0:	400227b7          	lui	a5,0x40022
 2b4:	4398                	lw	a4,0(a5)
 2b6:	76c1                	lui	a3,0xffff0
 2b8:	16fd                	addi	a3,a3,-1
 2ba:	9b71                	andi	a4,a4,-4
 2bc:	c398                	sw	a4,0(a5)
 2be:	4398                	lw	a4,0(a5)
 2c0:	00176713          	ori	a4,a4,1
 2c4:	c398                	sw	a4,0(a5)
 2c6:	400217b7          	lui	a5,0x40021
 2ca:	43d8                	lw	a4,4(a5)
 2cc:	c3d8                	sw	a4,4(a5)
 2ce:	43d8                	lw	a4,4(a5)
 2d0:	8f75                	and	a4,a4,a3
 2d2:	c3d8                	sw	a4,4(a5)
 2d4:	43d8                	lw	a4,4(a5)
 2d6:	66c1                	lui	a3,0x10
 2d8:	8f55                	or	a4,a4,a3
 2da:	c3d8                	sw	a4,4(a5)
 2dc:	4398                	lw	a4,0(a5)
 2de:	010006b7          	lui	a3,0x1000
 2e2:	8f55                	or	a4,a4,a3
 2e4:	c398                	sw	a4,0(a5)
 2e6:	4398                	lw	a4,0(a5)
 2e8:	00671693          	slli	a3,a4,0x6
 2ec:	fe06dde3          	bgez	a3,2e6 <SystemInit+0xd0>
 2f0:	43d8                	lw	a4,4(a5)
 2f2:	400216b7          	lui	a3,0x40021
 2f6:	9b71                	andi	a4,a4,-4
 2f8:	c3d8                	sw	a4,4(a5)
 2fa:	43d8                	lw	a4,4(a5)
 2fc:	00276713          	ori	a4,a4,2
 300:	c3d8                	sw	a4,4(a5)
 302:	4721                	li	a4,8
 304:	42dc                	lw	a5,4(a3)
 306:	8bb1                	andi	a5,a5,12
 308:	fee79ee3          	bne	a5,a4,304 <SystemInit+0xee>
 30c:	0121                	addi	sp,sp,8
 30e:	8082                	ret
 310:	c202                	sw	zero,4(sp)
 312:	bf59                	j	2a8 <SystemInit+0x92>
 314:	a001                	j	314 <SystemInit+0xfe>
 316:	a001                	j	316 <SystemInit+0x100>

00000318 <SysTick_Handler>:
 318:	a001                	j	318 <SysTick_Handler>

0000031a <SW_Handler>:
 31a:	a001                	j	31a <SW_Handler>

0000031c <WWDG_IRQHandler>:
 31c:	a001                	j	31c <WWDG_IRQHandler>

0000031e <PVD_IRQHandler>:
 31e:	a001                	j	31e <PVD_IRQHandler>

00000320 <FLASH_IRQHandler>:
 320:	a001                	j	320 <FLASH_IRQHandler>

00000322 <RCC_IRQHandler>:
 322:	a001                	j	322 <RCC_IRQHandler>
 324:	a001                	j	324 <RCC_IRQHandler+0x2>

00000326 <AWU_IRQHandler>:
 326:	a001                	j	326 <AWU_IRQHandler>

00000328 <DMA1_Channel1_IRQHandler>:
 328:	a001                	j	328 <DMA1_Channel1_IRQHandler>

0000032a <DMA1_Channel2_IRQHandler>:
 32a:	a001                	j	32a <DMA1_Channel2_IRQHandler>

0000032c <DMA1_Channel3_IRQHandler>:
 32c:	a001                	j	32c <DMA1_Channel3_IRQHandler>

0000032e <DMA1_Channel4_IRQHandler>:
 32e:	a001                	j	32e <DMA1_Channel4_IRQHandler>

00000330 <DMA1_Channel5_IRQHandler>:
 330:	a001                	j	330 <DMA1_Channel5_IRQHandler>

00000332 <DMA1_Channel6_IRQHandler>:
 332:	a001                	j	332 <DMA1_Channel6_IRQHandler>

00000334 <DMA1_Channel7_IRQHandler>:
 334:	a001                	j	334 <DMA1_Channel7_IRQHandler>

00000336 <ADC1_IRQHandler>:
 336:	a001                	j	336 <ADC1_IRQHandler>

00000338 <I2C1_EV_IRQHandler>:
 338:	a001                	j	338 <I2C1_EV_IRQHandler>

0000033a <I2C1_ER_IRQHandler>:
 33a:	a001                	j	33a <I2C1_ER_IRQHandler>

0000033c <USART1_IRQHandler>:
 33c:	a001                	j	33c <USART1_IRQHandler>

0000033e <SPI1_IRQHandler>:
 33e:	a001                	j	33e <SPI1_IRQHandler>

00000340 <TIM1_BRK_IRQHandler>:
 340:	a001                	j	340 <TIM1_BRK_IRQHandler>

00000342 <TIM1_UP_IRQHandler>:
 342:	a001                	j	342 <TIM1_UP_IRQHandler>

00000344 <TIM1_TRG_COM_IRQHandler>:
 344:	a001                	j	344 <TIM1_TRG_COM_IRQHandler>

00000346 <TIM1_CC_IRQHandler>:
 346:	a001                	j	346 <TIM1_CC_IRQHandler>

00000348 <TIM2_IRQHandler>:
 348:	a001                	j	348 <TIM2_IRQHandler>

0000034a <handle_reset>:
 34a:	20000197          	auipc	gp,0x20000
 34e:	4de18193          	addi	gp,gp,1246 # 20000828 <__global_pointer$>
 352:	fd818113          	addi	sp,gp,-40 # 20000800 <_eusrstack>
 356:	00001517          	auipc	a0,0x1
 35a:	baa50513          	addi	a0,a0,-1110 # f00 <_Data_Lma>
 35e:	20000597          	auipc	a1,0x20000
 362:	ca258593          	addi	a1,a1,-862 # 20000000 <_data_vma>
 366:	20000617          	auipc	a2,0x20000
 36a:	cc260613          	addi	a2,a2,-830 # 20000028 <_edata>
 36e:	00c5fa63          	bgeu	a1,a2,382 <handle_reset+0x38>
 372:	00052283          	lw	t0,0(a0)
 376:	0055a023          	sw	t0,0(a1)
 37a:	0511                	addi	a0,a0,4
 37c:	0591                	addi	a1,a1,4
 37e:	fec5eae3          	bltu	a1,a2,372 <handle_reset+0x28>
 382:	20000517          	auipc	a0,0x20000
 386:	ca650513          	addi	a0,a0,-858 # 20000028 <_edata>
 38a:	80818593          	addi	a1,gp,-2040 # 20000030 <_ebss>
 38e:	00b57763          	bgeu	a0,a1,39c <handle_reset+0x52>
 392:	00052023          	sw	zero,0(a0)
 396:	0511                	addi	a0,a0,4
 398:	feb56de3          	bltu	a0,a1,392 <handle_reset+0x48>
 39c:	08000293          	li	t0,128
 3a0:	30029073          	csrw	mstatus,t0
 3a4:	428d                	li	t0,3
 3a6:	80429073          	csrw	0x804,t0
 3aa:	00000297          	auipc	t0,0x0
 3ae:	c5628293          	addi	t0,t0,-938 # 0 <_sinit>
 3b2:	0032e293          	ori	t0,t0,3
 3b6:	30529073          	csrw	mtvec,t0
 3ba:	e5dff0ef          	jal	ra,216 <SystemInit>
 3be:	00000297          	auipc	t0,0x0
 3c2:	df628293          	addi	t0,t0,-522 # 1b4 <main>
 3c6:	34129073          	csrw	mepc,t0
 3ca:	30200073          	mret

000003ce <EXTI_Init>:
 3ce:	4158                	lw	a4,4(a0)
 3d0:	00052303          	lw	t1,0(a0)
 3d4:	454c                	lw	a1,12(a0)
 3d6:	40010637          	lui	a2,0x40010
 3da:	40060793          	addi	a5,a2,1024 # 40010400 <__global_pointer$+0x2000fbd8>
 3de:	973e                	add	a4,a4,a5
 3e0:	fff34693          	not	a3,t1
 3e4:	c5b1                	beqz	a1,430 <EXTI_Init+0x62>
 3e6:	40062583          	lw	a1,1024(a2)
 3ea:	8df5                	and	a1,a1,a3
 3ec:	40b62023          	sw	a1,1024(a2)
 3f0:	43d0                	lw	a2,4(a5)
 3f2:	8ef1                	and	a3,a3,a2
 3f4:	c3d4                	sw	a3,4(a5)
 3f6:	4314                	lw	a3,0(a4)
 3f8:	0066e6b3          	or	a3,a3,t1
 3fc:	c314                	sw	a3,0(a4)
 3fe:	4118                	lw	a4,0(a0)
 400:	4790                	lw	a2,8(a5)
 402:	fff74693          	not	a3,a4
 406:	8e75                	and	a2,a2,a3
 408:	c790                	sw	a2,8(a5)
 40a:	47d0                	lw	a2,12(a5)
 40c:	8ef1                	and	a3,a3,a2
 40e:	c7d4                	sw	a3,12(a5)
 410:	4514                	lw	a3,8(a0)
 412:	4641                	li	a2,16
 414:	00c69963          	bne	a3,a2,426 <EXTI_Init+0x58>
 418:	4794                	lw	a3,8(a5)
 41a:	8ed9                	or	a3,a3,a4
 41c:	c794                	sw	a3,8(a5)
 41e:	47d4                	lw	a3,12(a5)
 420:	8f55                	or	a4,a4,a3
 422:	c7d8                	sw	a4,12(a5)
 424:	8082                	ret
 426:	97b6                	add	a5,a5,a3
 428:	4394                	lw	a3,0(a5)
 42a:	8f55                	or	a4,a4,a3
 42c:	c398                	sw	a4,0(a5)
 42e:	8082                	ret
 430:	431c                	lw	a5,0(a4)
 432:	8ff5                	and	a5,a5,a3
 434:	c31c                	sw	a5,0(a4)
 436:	8082                	ret

00000438 <EXTI_GetITStatus>:
 438:	400107b7          	lui	a5,0x40010
 43c:	40078713          	addi	a4,a5,1024 # 40010400 <__global_pointer$+0x2000fbd8>
 440:	4007a783          	lw	a5,1024(a5)
 444:	4b58                	lw	a4,20(a4)
 446:	8f69                	and	a4,a4,a0
 448:	c709                	beqz	a4,452 <EXTI_GetITStatus+0x1a>
 44a:	8d7d                	and	a0,a0,a5
 44c:	00a03533          	snez	a0,a0
 450:	8082                	ret
 452:	4501                	li	a0,0
 454:	8082                	ret

00000456 <EXTI_ClearITPendingBit>:
 456:	400107b7          	lui	a5,0x40010
 45a:	40a7aa23          	sw	a0,1044(a5) # 40010414 <__global_pointer$+0x2000fbec>
 45e:	8082                	ret

00000460 <GPIO_Init>:
 460:	459c                	lw	a5,8(a1)
 462:	1161                	addi	sp,sp,-8
 464:	c222                	sw	s0,4(sp)
 466:	c026                	sw	s1,0(sp)
 468:	0107f713          	andi	a4,a5,16
 46c:	00f7f313          	andi	t1,a5,15
 470:	c701                	beqz	a4,478 <GPIO_Init+0x18>
 472:	41d8                	lw	a4,4(a1)
 474:	00e36333          	or	t1,t1,a4
 478:	2192                	lhu	a2,0(a1)
 47a:	0ff67713          	andi	a4,a2,255
 47e:	c729                	beqz	a4,4c8 <GPIO_Init+0x68>
 480:	00052383          	lw	t2,0(a0)
 484:	4701                	li	a4,0
 486:	02800413          	li	s0,40
 48a:	04800493          	li	s1,72
 48e:	4685                	li	a3,1
 490:	00e695b3          	sll	a1,a3,a4
 494:	00b676b3          	and	a3,a2,a1
 498:	02d59263          	bne	a1,a3,4bc <GPIO_Init+0x5c>
 49c:	00271293          	slli	t0,a4,0x2
 4a0:	46bd                	li	a3,15
 4a2:	005696b3          	sll	a3,a3,t0
 4a6:	fff6c693          	not	a3,a3
 4aa:	0076f3b3          	and	t2,a3,t2
 4ae:	005312b3          	sll	t0,t1,t0
 4b2:	0072e3b3          	or	t2,t0,t2
 4b6:	06879763          	bne	a5,s0,524 <GPIO_Init+0xc4>
 4ba:	c94c                	sw	a1,20(a0)
 4bc:	0705                	addi	a4,a4,1
 4be:	46a1                	li	a3,8
 4c0:	fcd717e3          	bne	a4,a3,48e <GPIO_Init+0x2e>
 4c4:	00752023          	sw	t2,0(a0)
 4c8:	0ff00713          	li	a4,255
 4cc:	04c77863          	bgeu	a4,a2,51c <GPIO_Init+0xbc>
 4d0:	00452383          	lw	t2,4(a0)
 4d4:	46a1                	li	a3,8
 4d6:	02800413          	li	s0,40
 4da:	04800493          	li	s1,72
 4de:	4705                	li	a4,1
 4e0:	00d712b3          	sll	t0,a4,a3
 4e4:	00567733          	and	a4,a2,t0
 4e8:	02e29463          	bne	t0,a4,510 <GPIO_Init+0xb0>
 4ec:	00269713          	slli	a4,a3,0x2
 4f0:	1701                	addi	a4,a4,-32
 4f2:	45bd                	li	a1,15
 4f4:	00e595b3          	sll	a1,a1,a4
 4f8:	fff5c593          	not	a1,a1
 4fc:	0075f3b3          	and	t2,a1,t2
 500:	00e31733          	sll	a4,t1,a4
 504:	007763b3          	or	t2,a4,t2
 508:	02879263          	bne	a5,s0,52c <GPIO_Init+0xcc>
 50c:	00552a23          	sw	t0,20(a0)
 510:	0685                	addi	a3,a3,1
 512:	4741                	li	a4,16
 514:	fce695e3          	bne	a3,a4,4de <GPIO_Init+0x7e>
 518:	00752223          	sw	t2,4(a0)
 51c:	4412                	lw	s0,4(sp)
 51e:	4482                	lw	s1,0(sp)
 520:	0121                	addi	sp,sp,8
 522:	8082                	ret
 524:	f8979ce3          	bne	a5,s1,4bc <GPIO_Init+0x5c>
 528:	c90c                	sw	a1,16(a0)
 52a:	bf49                	j	4bc <GPIO_Init+0x5c>
 52c:	fe9792e3          	bne	a5,s1,510 <GPIO_Init+0xb0>
 530:	00552823          	sw	t0,16(a0)
 534:	bff1                	j	510 <GPIO_Init+0xb0>

00000536 <GPIO_EXTILineConfig>:
 536:	40010737          	lui	a4,0x40010
 53a:	4714                	lw	a3,8(a4)
 53c:	0586                	slli	a1,a1,0x1
 53e:	478d                	li	a5,3
 540:	00b797b3          	sll	a5,a5,a1
 544:	fff7c793          	not	a5,a5
 548:	8ff5                	and	a5,a5,a3
 54a:	c71c                	sw	a5,8(a4)
 54c:	471c                	lw	a5,8(a4)
 54e:	00b515b3          	sll	a1,a0,a1
 552:	8ddd                	or	a1,a1,a5
 554:	c70c                	sw	a1,8(a4)
 556:	8082                	ret

00000558 <NVIC_PriorityGroupConfig>:
 558:	200007b7          	lui	a5,0x20000
 55c:	02a7a423          	sw	a0,40(a5) # 20000028 <_edata>
 560:	8082                	ret

00000562 <NVIC_Init>:
 562:	200007b7          	lui	a5,0x20000
 566:	02878793          	addi	a5,a5,40 # 20000028 <_edata>
 56a:	4394                	lw	a3,0(a5)
 56c:	2118                	lbu	a4,0(a0)
 56e:	e681                	bnez	a3,576 <NVIC_Init+0x14>
 570:	213c                	lbu	a5,2(a0)
 572:	0792                	slli	a5,a5,0x4
 574:	a821                	j	58c <NVIC_Init+0x2a>
 576:	4394                	lw	a3,0(a5)
 578:	4605                	li	a2,1
 57a:	02c69f63          	bne	a3,a2,5b8 <NVIC_Init+0x56>
 57e:	213c                	lbu	a5,2(a0)
 580:	3110                	lbu	a2,1(a0)
 582:	0792                	slli	a5,a5,0x4
 584:	00d61463          	bne	a2,a3,58c <NVIC_Init+0x2a>
 588:	f807e793          	ori	a5,a5,-128
 58c:	e000e6b7          	lui	a3,0xe000e
 590:	0ff7f793          	andi	a5,a5,255
 594:	96ba                	add	a3,a3,a4
 596:	40f68023          	sb	a5,1024(a3) # e000e400 <__global_pointer$+0xc000dbd8>
 59a:	4685                	li	a3,1
 59c:	00575793          	srli	a5,a4,0x5
 5a0:	00e69733          	sll	a4,a3,a4
 5a4:	4154                	lw	a3,4(a0)
 5a6:	c2a5                	beqz	a3,606 <NVIC_Init+0xa4>
 5a8:	04078793          	addi	a5,a5,64
 5ac:	078a                	slli	a5,a5,0x2
 5ae:	e000e6b7          	lui	a3,0xe000e
 5b2:	97b6                	add	a5,a5,a3
 5b4:	c398                	sw	a4,0(a5)
 5b6:	8082                	ret
 5b8:	438c                	lw	a1,0(a5)
 5ba:	4689                	li	a3,2
 5bc:	02d59163          	bne	a1,a3,5de <NVIC_Init+0x7c>
 5c0:	3114                	lbu	a3,1(a0)
 5c2:	213c                	lbu	a5,2(a0)
 5c4:	00d66563          	bltu	a2,a3,5ce <NVIC_Init+0x6c>
 5c8:	068a                	slli	a3,a3,0x2
 5ca:	97b6                	add	a5,a5,a3
 5cc:	b75d                	j	572 <NVIC_Init+0x10>
 5ce:	03e68693          	addi	a3,a3,62 # e000e03e <__global_pointer$+0xc000d816>
 5d2:	068a                	slli	a3,a3,0x2
 5d4:	97b6                	add	a5,a5,a3
 5d6:	0ff7f793          	andi	a5,a5,255
 5da:	0792                	slli	a5,a5,0x4
 5dc:	b775                	j	588 <NVIC_Init+0x26>
 5de:	4390                	lw	a2,0(a5)
 5e0:	468d                	li	a3,3
 5e2:	00d61c63          	bne	a2,a3,5fa <NVIC_Init+0x98>
 5e6:	3114                	lbu	a3,1(a0)
 5e8:	213c                	lbu	a5,2(a0)
 5ea:	00d66463          	bltu	a2,a3,5f2 <NVIC_Init+0x90>
 5ee:	0686                	slli	a3,a3,0x1
 5f0:	bfe9                	j	5ca <NVIC_Init+0x68>
 5f2:	07c68693          	addi	a3,a3,124
 5f6:	0686                	slli	a3,a3,0x1
 5f8:	bff1                	j	5d4 <NVIC_Init+0x72>
 5fa:	4394                	lw	a3,0(a5)
 5fc:	4791                	li	a5,4
 5fe:	f8f69ee3          	bne	a3,a5,59a <NVIC_Init+0x38>
 602:	311c                	lbu	a5,1(a0)
 604:	b7bd                	j	572 <NVIC_Init+0x10>
 606:	06078793          	addi	a5,a5,96
 60a:	b74d                	j	5ac <NVIC_Init+0x4a>

0000060c <RCC_GetClocksFreq>:
 60c:	a95ff2ef          	jal	t0,a0 <__riscv_save_0>
 610:	40021737          	lui	a4,0x40021
 614:	435c                	lw	a5,4(a4)
 616:	4691                	li	a3,4
 618:	842a                	mv	s0,a0
 61a:	8bb1                	andi	a5,a5,12
 61c:	00d78563          	beq	a5,a3,626 <RCC_GetClocksFreq+0x1a>
 620:	46a1                	li	a3,8
 622:	06d78a63          	beq	a5,a3,696 <RCC_GetClocksFreq+0x8a>
 626:	016e37b7          	lui	a5,0x16e3
 62a:	60078793          	addi	a5,a5,1536 # 16e3600 <_Data_Lma+0x16e2700>
 62e:	c01c                	sw	a5,0(s0)
 630:	400216b7          	lui	a3,0x40021
 634:	42dc                	lw	a5,4(a3)
 636:	8391                	srli	a5,a5,0x4
 638:	00f7f713          	andi	a4,a5,15
 63c:	200007b7          	lui	a5,0x20000
 640:	01878793          	addi	a5,a5,24 # 20000018 <APBAHBPrescTable>
 644:	97ba                	add	a5,a5,a4
 646:	238c                	lbu	a1,0(a5)
 648:	42dc                	lw	a5,4(a3)
 64a:	4018                	lw	a4,0(s0)
 64c:	0ff5f593          	andi	a1,a1,255
 650:	0807f793          	andi	a5,a5,128
 654:	00b75533          	srl	a0,a4,a1
 658:	e399                	bnez	a5,65e <RCC_GetClocksFreq+0x52>
 65a:	853a                	mv	a0,a4
 65c:	3ca5                	jal	d4 <__udivsi3>
 65e:	c048                	sw	a0,4(s0)
 660:	c408                	sw	a0,8(s0)
 662:	c448                	sw	a0,12(s0)
 664:	400217b7          	lui	a5,0x40021
 668:	43dc                	lw	a5,4(a5)
 66a:	83ad                	srli	a5,a5,0xb
 66c:	8bfd                	andi	a5,a5,31
 66e:	0037d713          	srli	a4,a5,0x3
 672:	078a                	slli	a5,a5,0x2
 674:	8bf1                	andi	a5,a5,28
 676:	8fd9                	or	a5,a5,a4
 678:	0137f693          	andi	a3,a5,19
 67c:	470d                	li	a4,3
 67e:	00d77363          	bgeu	a4,a3,684 <RCC_GetClocksFreq+0x78>
 682:	17d1                	addi	a5,a5,-12
 684:	20000737          	lui	a4,0x20000
 688:	00470713          	addi	a4,a4,4 # 20000004 <ADCPrescTable>
 68c:	97ba                	add	a5,a5,a4
 68e:	238c                	lbu	a1,0(a5)
 690:	3491                	jal	d4 <__udivsi3>
 692:	c808                	sw	a0,16(s0)
 694:	bc19                	j	aa <__riscv_restore_0>
 696:	435c                	lw	a5,4(a4)
 698:	02dc77b7          	lui	a5,0x2dc7
 69c:	c0078793          	addi	a5,a5,-1024 # 2dc6c00 <_Data_Lma+0x2dc5d00>
 6a0:	b779                	j	62e <RCC_GetClocksFreq+0x22>

000006a2 <RCC_APB2PeriphClockCmd>:
 6a2:	c599                	beqz	a1,6b0 <RCC_APB2PeriphClockCmd+0xe>
 6a4:	40021737          	lui	a4,0x40021
 6a8:	4f1c                	lw	a5,24(a4)
 6aa:	8d5d                	or	a0,a0,a5
 6ac:	cf08                	sw	a0,24(a4)
 6ae:	8082                	ret
 6b0:	400217b7          	lui	a5,0x40021
 6b4:	4f98                	lw	a4,24(a5)
 6b6:	fff54513          	not	a0,a0
 6ba:	8d79                	and	a0,a0,a4
 6bc:	cf88                	sw	a0,24(a5)
 6be:	8082                	ret

000006c0 <USART_Init>:
 6c0:	9e1ff2ef          	jal	t0,a0 <__riscv_save_0>
 6c4:	2916                	lhu	a3,16(a0)
 6c6:	77f5                	lui	a5,0xffffd
 6c8:	17fd                	addi	a5,a5,-1
 6ca:	8ff5                	and	a5,a5,a3
 6cc:	21f6                	lhu	a3,6(a1)
 6ce:	25da                	lhu	a4,12(a1)
 6d0:	1121                	addi	sp,sp,-24
 6d2:	8fd5                	or	a5,a5,a3
 6d4:	a91e                	sh	a5,16(a0)
 6d6:	2556                	lhu	a3,12(a0)
 6d8:	77fd                	lui	a5,0xfffff
 6da:	9f378793          	addi	a5,a5,-1549 # ffffe9f3 <__global_pointer$+0xdfffe1cb>
 6de:	8ff5                	and	a5,a5,a3
 6e0:	21d6                	lhu	a3,4(a1)
 6e2:	842a                	mv	s0,a0
 6e4:	c02e                	sw	a1,0(sp)
 6e6:	8fd5                	or	a5,a5,a3
 6e8:	2596                	lhu	a3,8(a1)
 6ea:	8fd5                	or	a5,a5,a3
 6ec:	25b6                	lhu	a3,10(a1)
 6ee:	8fd5                	or	a5,a5,a3
 6f0:	a55e                	sh	a5,12(a0)
 6f2:	295e                	lhu	a5,20(a0)
 6f4:	07c2                	slli	a5,a5,0x10
 6f6:	83c1                	srli	a5,a5,0x10
 6f8:	cff7f793          	andi	a5,a5,-769
 6fc:	8f5d                	or	a4,a4,a5
 6fe:	a95a                	sh	a4,20(a0)
 700:	0048                	addi	a0,sp,4
 702:	3729                	jal	60c <RCC_GetClocksFreq>
 704:	400147b7          	lui	a5,0x40014
 708:	80078793          	addi	a5,a5,-2048 # 40013800 <__global_pointer$+0x20012fd8>
 70c:	4582                	lw	a1,0(sp)
 70e:	04f41d63          	bne	s0,a5,768 <USART_Init+0xa8>
 712:	47c2                	lw	a5,16(sp)
 714:	245a                	lhu	a4,12(s0)
 716:	00179513          	slli	a0,a5,0x1
 71a:	953e                	add	a0,a0,a5
 71c:	0742                	slli	a4,a4,0x10
 71e:	050e                	slli	a0,a0,0x3
 720:	8741                	srai	a4,a4,0x10
 722:	953e                	add	a0,a0,a5
 724:	418c                	lw	a1,0(a1)
 726:	04075363          	bgez	a4,76c <USART_Init+0xac>
 72a:	0586                	slli	a1,a1,0x1
 72c:	3265                	jal	d4 <__udivsi3>
 72e:	06400593          	li	a1,100
 732:	c02a                	sw	a0,0(sp)
 734:	3245                	jal	d4 <__udivsi3>
 736:	4782                	lw	a5,0(sp)
 738:	00451493          	slli	s1,a0,0x4
 73c:	06400593          	li	a1,100
 740:	853e                	mv	a0,a5
 742:	3a7d                	jal	100 <__umodsi3>
 744:	245e                	lhu	a5,12(s0)
 746:	07c2                	slli	a5,a5,0x10
 748:	87c1                	srai	a5,a5,0x10
 74a:	0207d363          	bgez	a5,770 <USART_Init+0xb0>
 74e:	050e                	slli	a0,a0,0x3
 750:	06400593          	li	a1,100
 754:	03250513          	addi	a0,a0,50
 758:	3ab5                	jal	d4 <__udivsi3>
 75a:	891d                	andi	a0,a0,7
 75c:	8cc9                	or	s1,s1,a0
 75e:	04c2                	slli	s1,s1,0x10
 760:	80c1                	srli	s1,s1,0x10
 762:	a406                	sh	s1,8(s0)
 764:	0161                	addi	sp,sp,24
 766:	b291                	j	aa <__riscv_restore_0>
 768:	47b2                	lw	a5,12(sp)
 76a:	b76d                	j	714 <USART_Init+0x54>
 76c:	058a                	slli	a1,a1,0x2
 76e:	bf7d                	j	72c <USART_Init+0x6c>
 770:	0512                	slli	a0,a0,0x4
 772:	06400593          	li	a1,100
 776:	03250513          	addi	a0,a0,50
 77a:	3aa9                	jal	d4 <__udivsi3>
 77c:	893d                	andi	a0,a0,15
 77e:	bff9                	j	75c <USART_Init+0x9c>

00000780 <USART_Cmd>:
 780:	c591                	beqz	a1,78c <USART_Cmd+0xc>
 782:	255e                	lhu	a5,12(a0)
 784:	6709                	lui	a4,0x2
 786:	8fd9                	or	a5,a5,a4
 788:	a55e                	sh	a5,12(a0)
 78a:	8082                	ret
 78c:	255a                	lhu	a4,12(a0)
 78e:	77f9                	lui	a5,0xffffe
 790:	17fd                	addi	a5,a5,-1
 792:	8ff9                	and	a5,a5,a4
 794:	bfd5                	j	788 <USART_Cmd+0x8>

00000796 <USART_SendData>:
 796:	1ff5f593          	andi	a1,a1,511
 79a:	a14e                	sh	a1,4(a0)
 79c:	8082                	ret

0000079e <USART_GetFlagStatus>:
 79e:	210a                	lhu	a0,0(a0)
 7a0:	8d6d                	and	a0,a0,a1
 7a2:	00a03533          	snez	a0,a0
 7a6:	8082                	ret

000007a8 <Delay_Init>:
 7a8:	8f9ff2ef          	jal	t0,a0 <__riscv_save_0>
 7ac:	200007b7          	lui	a5,0x20000
 7b0:	0007a503          	lw	a0,0(a5) # 20000000 <_data_vma>
 7b4:	007a15b7          	lui	a1,0x7a1
 7b8:	20058593          	addi	a1,a1,512 # 7a1200 <_Data_Lma+0x7a0300>
 7bc:	3a21                	jal	d4 <__udivsi3>
 7be:	0ff57513          	andi	a0,a0,255
 7c2:	200007b7          	lui	a5,0x20000
 7c6:	02a78723          	sb	a0,46(a5) # 2000002e <p_us>
 7ca:	00551793          	slli	a5,a0,0x5
 7ce:	8f89                	sub	a5,a5,a0
 7d0:	078a                	slli	a5,a5,0x2
 7d2:	953e                	add	a0,a0,a5
 7d4:	050e                	slli	a0,a0,0x3
 7d6:	200007b7          	lui	a5,0x20000
 7da:	02a79623          	sh	a0,44(a5) # 2000002c <p_ms>
 7de:	b0f1                	j	aa <__riscv_restore_0>

000007e0 <Delay_Ms>:
 7e0:	8c1ff2ef          	jal	t0,a0 <__riscv_save_0>
 7e4:	e000f437          	lui	s0,0xe000f
 7e8:	405c                	lw	a5,4(s0)
 7ea:	85aa                	mv	a1,a0
 7ec:	9bf9                	andi	a5,a5,-2
 7ee:	c05c                	sw	a5,4(s0)
 7f0:	200007b7          	lui	a5,0x20000
 7f4:	02c7d503          	lhu	a0,44(a5) # 2000002c <p_ms>
 7f8:	8bdff0ef          	jal	ra,b4 <__mulsi3>
 7fc:	c808                	sw	a0,16(s0)
 7fe:	00042423          	sw	zero,8(s0) # e000f008 <__global_pointer$+0xc000e7e0>
 802:	401c                	lw	a5,0(s0)
 804:	0017e793          	ori	a5,a5,1
 808:	c01c                	sw	a5,0(s0)
 80a:	e000f7b7          	lui	a5,0xe000f
 80e:	43d8                	lw	a4,4(a5)
 810:	8b05                	andi	a4,a4,1
 812:	df75                	beqz	a4,80e <Delay_Ms+0x2e>
 814:	4398                	lw	a4,0(a5)
 816:	9b79                	andi	a4,a4,-2
 818:	c398                	sw	a4,0(a5)
 81a:	891ff06f          	j	aa <__riscv_restore_0>

0000081e <USART_Printf_Init>:
 81e:	883ff2ef          	jal	t0,a0 <__riscv_save_0>
 822:	842a                	mv	s0,a0
 824:	6511                	lui	a0,0x4
 826:	1111                	addi	sp,sp,-28
 828:	4585                	li	a1,1
 82a:	02050513          	addi	a0,a0,32 # 4020 <_Data_Lma+0x3120>
 82e:	3d95                	jal	6a2 <RCC_APB2PeriphClockCmd>
 830:	02000793          	li	a5,32
 834:	807c                	sh	a5,0(sp)
 836:	40011537          	lui	a0,0x40011
 83a:	478d                	li	a5,3
 83c:	c23e                	sw	a5,4(sp)
 83e:	858a                	mv	a1,sp
 840:	47e1                	li	a5,24
 842:	40050513          	addi	a0,a0,1024 # 40011400 <__global_pointer$+0x20010bd8>
 846:	c43e                	sw	a5,8(sp)
 848:	3921                	jal	460 <GPIO_Init>
 84a:	c622                	sw	s0,12(sp)
 84c:	40014437          	lui	s0,0x40014
 850:	000807b7          	lui	a5,0x80
 854:	006c                	addi	a1,sp,12
 856:	80040513          	addi	a0,s0,-2048 # 40013800 <__global_pointer$+0x20012fd8>
 85a:	ca3e                	sw	a5,20(sp)
 85c:	c802                	sw	zero,16(sp)
 85e:	00011c23          	sh	zero,24(sp)
 862:	3db9                	jal	6c0 <USART_Init>
 864:	4585                	li	a1,1
 866:	80040513          	addi	a0,s0,-2048
 86a:	3f19                	jal	780 <USART_Cmd>
 86c:	0171                	addi	sp,sp,28
 86e:	83dff06f          	j	aa <__riscv_restore_0>

00000872 <_write>:
 872:	82fff2ef          	jal	t0,a0 <__riscv_save_0>
 876:	1171                	addi	sp,sp,-4
 878:	84ae                	mv	s1,a1
 87a:	4401                	li	s0,0
 87c:	02c45d63          	bge	s0,a2,8b6 <_write+0x44>
 880:	400147b7          	lui	a5,0x40014
 884:	80078713          	addi	a4,a5,-2048 # 40013800 <__global_pointer$+0x20012fd8>
 888:	853a                	mv	a0,a4
 88a:	04000593          	li	a1,64
 88e:	c032                	sw	a2,0(sp)
 890:	3739                	jal	79e <USART_GetFlagStatus>
 892:	400147b7          	lui	a5,0x40014
 896:	80078713          	addi	a4,a5,-2048 # 40013800 <__global_pointer$+0x20012fd8>
 89a:	4602                	lw	a2,0(sp)
 89c:	d575                	beqz	a0,888 <_write+0x16>
 89e:	00848733          	add	a4,s1,s0
 8a2:	00070583          	lb	a1,0(a4) # 2000 <_Data_Lma+0x1100>
 8a6:	80078513          	addi	a0,a5,-2048
 8aa:	0405                	addi	s0,s0,1
 8ac:	05c2                	slli	a1,a1,0x10
 8ae:	81c1                	srli	a1,a1,0x10
 8b0:	35dd                	jal	796 <USART_SendData>
 8b2:	4602                	lw	a2,0(sp)
 8b4:	b7e1                	j	87c <_write+0xa>
 8b6:	8532                	mv	a0,a2
 8b8:	0111                	addi	sp,sp,4
 8ba:	ff0ff06f          	j	aa <__riscv_restore_0>

000008be <printchar>:
 8be:	1141                	addi	sp,sp,-16
 8c0:	c606                	sw	ra,12(sp)
 8c2:	c02e                	sw	a1,0(sp)
 8c4:	cd0d                	beqz	a0,8fe <printchar+0x40>
 8c6:	4118                	lw	a4,0(a0)
 8c8:	87aa                	mv	a5,a0
 8ca:	c305                	beqz	a4,8ea <printchar+0x2c>
 8cc:	4158                	lw	a4,4(a0)
 8ce:	557d                	li	a0,-1
 8d0:	cb11                	beqz	a4,8e4 <printchar+0x26>
 8d2:	4685                	li	a3,1
 8d4:	00d71b63          	bne	a4,a3,8ea <printchar+0x2c>
 8d8:	4798                	lw	a4,8(a5)
 8da:	00070023          	sb	zero,0(a4)
 8de:	0007a223          	sw	zero,4(a5)
 8e2:	4505                	li	a0,1
 8e4:	40b2                	lw	ra,12(sp)
 8e6:	0141                	addi	sp,sp,16
 8e8:	8082                	ret
 8ea:	4798                	lw	a4,8(a5)
 8ec:	4682                	lw	a3,0(sp)
 8ee:	a314                	sb	a3,0(a4)
 8f0:	4798                	lw	a4,8(a5)
 8f2:	0705                	addi	a4,a4,1
 8f4:	c798                	sw	a4,8(a5)
 8f6:	43d8                	lw	a4,4(a5)
 8f8:	177d                	addi	a4,a4,-1
 8fa:	c3d8                	sw	a4,4(a5)
 8fc:	b7dd                	j	8e2 <printchar+0x24>
 8fe:	4605                	li	a2,1
 900:	858a                	mv	a1,sp
 902:	3f85                	jal	872 <_write>
 904:	bff9                	j	8e2 <printchar+0x24>

00000906 <prints>:
 906:	1101                	addi	sp,sp,-32
 908:	cc22                	sw	s0,24(sp)
 90a:	c22e                	sw	a1,4(sp)
 90c:	ce06                	sw	ra,28(sp)
 90e:	ca26                	sw	s1,20(sp)
 910:	842a                	mv	s0,a0
 912:	4781                	li	a5,0
 914:	02000593          	li	a1,32
 918:	02064563          	bltz	a2,942 <prints+0x3c>
 91c:	4592                	lw	a1,4(sp)
 91e:	95be                	add	a1,a1,a5
 920:	00058583          	lb	a1,0(a1)
 924:	e58d                	bnez	a1,94e <prints+0x48>
 926:	02c7d863          	bge	a5,a2,956 <prints+0x50>
 92a:	02e7d463          	bge	a5,a4,952 <prints+0x4c>
 92e:	8e19                	sub	a2,a2,a4
 930:	02000513          	li	a0,32
 934:	0026f593          	andi	a1,a3,2
 938:	c02a                	sw	a0,0(sp)
 93a:	c589                	beqz	a1,944 <prints+0x3e>
 93c:	e701                	bnez	a4,944 <prints+0x3e>
 93e:	03000593          	li	a1,48
 942:	c02e                	sw	a1,0(sp)
 944:	8a85                	andi	a3,a3,1
 946:	4481                	li	s1,0
 948:	ea95                	bnez	a3,97c <prints+0x76>
 94a:	84b2                	mv	s1,a2
 94c:	a00d                	j	96e <prints+0x68>
 94e:	0785                	addi	a5,a5,1
 950:	b7f1                	j	91c <prints+0x16>
 952:	8e1d                	sub	a2,a2,a5
 954:	bff1                	j	930 <prints+0x2a>
 956:	4601                	li	a2,0
 958:	bfe1                	j	930 <prints+0x2a>
 95a:	4582                	lw	a1,0(sp)
 95c:	8522                	mv	a0,s0
 95e:	c83a                	sw	a4,16(sp)
 960:	c632                	sw	a2,12(sp)
 962:	c43e                	sw	a5,8(sp)
 964:	3fa9                	jal	8be <printchar>
 966:	47a2                	lw	a5,8(sp)
 968:	4632                	lw	a2,12(sp)
 96a:	4742                	lw	a4,16(sp)
 96c:	14fd                	addi	s1,s1,-1
 96e:	fe9046e3          	bgtz	s1,95a <prints+0x54>
 972:	84b2                	mv	s1,a2
 974:	00065363          	bgez	a2,97a <prints+0x74>
 978:	4481                	li	s1,0
 97a:	8e05                	sub	a2,a2,s1
 97c:	02e7c763          	blt	a5,a4,9aa <prints+0xa4>
 980:	87a6                	mv	a5,s1
 982:	4692                	lw	a3,4(sp)
 984:	40978733          	sub	a4,a5,s1
 988:	9736                	add	a4,a4,a3
 98a:	00070583          	lb	a1,0(a4)
 98e:	ed95                	bnez	a1,9ca <prints+0xc4>
 990:	84b2                	mv	s1,a2
 992:	04904463          	bgtz	s1,9da <prints+0xd4>
 996:	00065363          	bgez	a2,99c <prints+0x96>
 99a:	4601                	li	a2,0
 99c:	40f2                	lw	ra,28(sp)
 99e:	4462                	lw	s0,24(sp)
 9a0:	44d2                	lw	s1,20(sp)
 9a2:	00f60533          	add	a0,a2,a5
 9a6:	6105                	addi	sp,sp,32
 9a8:	8082                	ret
 9aa:	8f1d                	sub	a4,a4,a5
 9ac:	87ba                	mv	a5,a4
 9ae:	03000593          	li	a1,48
 9b2:	8522                	mv	a0,s0
 9b4:	c832                	sw	a2,16(sp)
 9b6:	c63e                	sw	a5,12(sp)
 9b8:	c43a                	sw	a4,8(sp)
 9ba:	3711                	jal	8be <printchar>
 9bc:	47b2                	lw	a5,12(sp)
 9be:	4722                	lw	a4,8(sp)
 9c0:	4642                	lw	a2,16(sp)
 9c2:	17fd                	addi	a5,a5,-1
 9c4:	f7ed                	bnez	a5,9ae <prints+0xa8>
 9c6:	94ba                	add	s1,s1,a4
 9c8:	bf65                	j	980 <prints+0x7a>
 9ca:	8522                	mv	a0,s0
 9cc:	c632                	sw	a2,12(sp)
 9ce:	c43e                	sw	a5,8(sp)
 9d0:	35fd                	jal	8be <printchar>
 9d2:	47a2                	lw	a5,8(sp)
 9d4:	4632                	lw	a2,12(sp)
 9d6:	0785                	addi	a5,a5,1
 9d8:	b76d                	j	982 <prints+0x7c>
 9da:	4582                	lw	a1,0(sp)
 9dc:	8522                	mv	a0,s0
 9de:	c432                	sw	a2,8(sp)
 9e0:	c23e                	sw	a5,4(sp)
 9e2:	3df1                	jal	8be <printchar>
 9e4:	14fd                	addi	s1,s1,-1
 9e6:	4622                	lw	a2,8(sp)
 9e8:	4792                	lw	a5,4(sp)
 9ea:	b765                	j	992 <prints+0x8c>

000009ec <printInt>:
 9ec:	7139                	addi	sp,sp,-64
 9ee:	de06                	sw	ra,60(sp)
 9f0:	dc22                	sw	s0,56(sp)
 9f2:	da26                	sw	s1,52(sp)
 9f4:	c23e                	sw	a5,4(sp)
 9f6:	8332                	mv	t1,a2
 9f8:	863a                	mv	a2,a4
 9fa:	ed89                	bnez	a1,a14 <printInt+0x28>
 9fc:	4692                	lw	a3,4(sp)
 9fe:	03000793          	li	a5,48
 a02:	4701                	li	a4,0
 a04:	086c                	addi	a1,sp,28
 a06:	86fc                	sh	a5,28(sp)
 a08:	3dfd                	jal	906 <prints>
 a0a:	50f2                	lw	ra,60(sp)
 a0c:	5462                	lw	s0,56(sp)
 a0e:	54d2                	lw	s1,52(sp)
 a10:	6121                	addi	sp,sp,64
 a12:	8082                	ret
 a14:	84aa                	mv	s1,a0
 a16:	8436                	mv	s0,a3
 a18:	87ae                	mv	a5,a1
 a1a:	ca91                	beqz	a3,a2e <printInt+0x42>
 a1c:	4729                	li	a4,10
 a1e:	4401                	li	s0,0
 a20:	00e31763          	bne	t1,a4,a2e <printInt+0x42>
 a24:	0005d563          	bgez	a1,a2e <printInt+0x42>
 a28:	40b007b3          	neg	a5,a1
 a2c:	4405                	li	s0,1
 a2e:	4686                	lw	a3,64(sp)
 a30:	020109a3          	sb	zero,51(sp)
 a34:	03310713          	addi	a4,sp,51
 a38:	fc668693          	addi	a3,a3,-58 # 40020fc6 <__global_pointer$+0x2002079e>
 a3c:	c436                	sw	a3,8(sp)
 a3e:	859a                	mv	a1,t1
 a40:	853e                	mv	a0,a5
 a42:	ca32                	sw	a2,20(sp)
 a44:	c83a                	sw	a4,16(sp)
 a46:	c61a                	sw	t1,12(sp)
 a48:	c03e                	sw	a5,0(sp)
 a4a:	eb6ff0ef          	jal	ra,100 <__umodsi3>
 a4e:	46a5                	li	a3,9
 a50:	4782                	lw	a5,0(sp)
 a52:	4332                	lw	t1,12(sp)
 a54:	4742                	lw	a4,16(sp)
 a56:	4652                	lw	a2,20(sp)
 a58:	00a6d463          	bge	a3,a0,a60 <printInt+0x74>
 a5c:	46a2                	lw	a3,8(sp)
 a5e:	9536                	add	a0,a0,a3
 a60:	03050513          	addi	a0,a0,48
 a64:	fff70693          	addi	a3,a4,-1
 a68:	fea70fa3          	sb	a0,-1(a4)
 a6c:	859a                	mv	a1,t1
 a6e:	853e                	mv	a0,a5
 a70:	cc32                	sw	a2,24(sp)
 a72:	ca3a                	sw	a4,20(sp)
 a74:	c81a                	sw	t1,16(sp)
 a76:	c63e                	sw	a5,12(sp)
 a78:	c036                	sw	a3,0(sp)
 a7a:	e5aff0ef          	jal	ra,d4 <__udivsi3>
 a7e:	47b2                	lw	a5,12(sp)
 a80:	4342                	lw	t1,16(sp)
 a82:	4752                	lw	a4,20(sp)
 a84:	4662                	lw	a2,24(sp)
 a86:	0467f963          	bgeu	a5,t1,ad8 <printInt+0xec>
 a8a:	cc01                	beqz	s0,aa2 <printInt+0xb6>
 a8c:	ca29                	beqz	a2,ade <printInt+0xf2>
 a8e:	4792                	lw	a5,4(sp)
 a90:	8b89                	andi	a5,a5,2
 a92:	c7b1                	beqz	a5,ade <printInt+0xf2>
 a94:	02d00593          	li	a1,45
 a98:	8526                	mv	a0,s1
 a9a:	c432                	sw	a2,8(sp)
 a9c:	350d                	jal	8be <printchar>
 a9e:	4622                	lw	a2,8(sp)
 aa0:	167d                	addi	a2,a2,-1
 aa2:	4792                	lw	a5,4(sp)
 aa4:	8b91                	andi	a5,a5,4
 aa6:	c395                	beqz	a5,aca <printInt+0xde>
 aa8:	4706                	lw	a4,64(sp)
 aaa:	06100793          	li	a5,97
 aae:	c432                	sw	a2,8(sp)
 ab0:	03000593          	li	a1,48
 ab4:	8526                	mv	a0,s1
 ab6:	02f71e63          	bne	a4,a5,af2 <printInt+0x106>
 aba:	3511                	jal	8be <printchar>
 abc:	07800593          	li	a1,120
 ac0:	8526                	mv	a0,s1
 ac2:	3bf5                	jal	8be <printchar>
 ac4:	4622                	lw	a2,8(sp)
 ac6:	0409                	addi	s0,s0,2
 ac8:	1679                	addi	a2,a2,-2
 aca:	4716                	lw	a4,68(sp)
 acc:	4692                	lw	a3,4(sp)
 ace:	4582                	lw	a1,0(sp)
 ad0:	8526                	mv	a0,s1
 ad2:	3d15                	jal	906 <prints>
 ad4:	9522                	add	a0,a0,s0
 ad6:	bf15                	j	a0a <printInt+0x1e>
 ad8:	87aa                	mv	a5,a0
 ada:	4702                	lw	a4,0(sp)
 adc:	b78d                	j	a3e <printInt+0x52>
 ade:	4682                	lw	a3,0(sp)
 ae0:	02d00793          	li	a5,45
 ae4:	4401                	li	s0,0
 ae6:	fef68fa3          	sb	a5,-1(a3)
 aea:	ffe70793          	addi	a5,a4,-2
 aee:	c03e                	sw	a5,0(sp)
 af0:	bf4d                	j	aa2 <printInt+0xb6>
 af2:	33f1                	jal	8be <printchar>
 af4:	05800593          	li	a1,88
 af8:	b7e1                	j	ac0 <printInt+0xd4>

00000afa <printLongLongInt>:
 afa:	4501                	li	a0,0
 afc:	8082                	ret

00000afe <printDouble>:
 afe:	4501                	li	a0,0
 b00:	8082                	ret

00000b02 <print>:
 b02:	fd810113          	addi	sp,sp,-40
 b06:	d022                	sw	s0,32(sp)
 b08:	ce26                	sw	s1,28(sp)
 b0a:	d206                	sw	ra,36(sp)
 b0c:	c42a                	sw	a0,8(sp)
 b0e:	82ae                	mv	t0,a1
 b10:	8432                	mv	s0,a2
 b12:	c602                	sw	zero,12(sp)
 b14:	4481                	li	s1,0
 b16:	00028583          	lb	a1,0(t0)
 b1a:	ed89                	bnez	a1,b34 <print+0x32>
 b1c:	47a2                	lw	a5,8(sp)
 b1e:	c781                	beqz	a5,b26 <print+0x24>
 b20:	4581                	li	a1,0
 b22:	853e                	mv	a0,a5
 b24:	3b69                	jal	8be <printchar>
 b26:	5092                	lw	ra,36(sp)
 b28:	5402                	lw	s0,32(sp)
 b2a:	8526                	mv	a0,s1
 b2c:	44f2                	lw	s1,28(sp)
 b2e:	02810113          	addi	sp,sp,40
 b32:	8082                	ret
 b34:	02500793          	li	a5,37
 b38:	00f58863          	beq	a1,a5,b48 <print+0x46>
 b3c:	4522                	lw	a0,8(sp)
 b3e:	c816                	sw	t0,16(sp)
 b40:	0485                	addi	s1,s1,1
 b42:	3bb5                	jal	8be <printchar>
 b44:	42c2                	lw	t0,16(sp)
 b46:	a839                	j	b64 <print+0x62>
 b48:	00128783          	lb	a5,1(t0)
 b4c:	00128713          	addi	a4,t0,1
 b50:	00b79c63          	bne	a5,a1,b68 <print+0x66>
 b54:	4522                	lw	a0,8(sp)
 b56:	02500593          	li	a1,37
 b5a:	c83a                	sw	a4,16(sp)
 b5c:	338d                	jal	8be <printchar>
 b5e:	4742                	lw	a4,16(sp)
 b60:	0485                	addi	s1,s1,1
 b62:	82ba                	mv	t0,a4
 b64:	0285                	addi	t0,t0,1
 b66:	bf45                	j	b16 <print+0x14>
 b68:	dbd5                	beqz	a5,b1c <print+0x1a>
 b6a:	02b00693          	li	a3,43
 b6e:	04d78963          	beq	a5,a3,bc0 <print+0xbe>
 b72:	00f6c863          	blt	a3,a5,b82 <print+0x80>
 b76:	02300693          	li	a3,35
 b7a:	04d78663          	beq	a5,a3,bc6 <print+0xc4>
 b7e:	4781                	li	a5,0
 b80:	a005                	j	ba0 <print+0x9e>
 b82:	02d00693          	li	a3,45
 b86:	00d78a63          	beq	a5,a3,b9a <print+0x98>
 b8a:	03000693          	li	a3,48
 b8e:	fed798e3          	bne	a5,a3,b7e <print+0x7c>
 b92:	00228713          	addi	a4,t0,2
 b96:	4789                	li	a5,2
 b98:	a021                	j	ba0 <print+0x9e>
 b9a:	00228713          	addi	a4,t0,2
 b9e:	4785                	li	a5,1
 ba0:	00070683          	lb	a3,0(a4)
 ba4:	02b00613          	li	a2,43
 ba8:	04c68363          	beq	a3,a2,bee <print+0xec>
 bac:	02d64163          	blt	a2,a3,bce <print+0xcc>
 bb0:	02300613          	li	a2,35
 bb4:	02c68b63          	beq	a3,a2,bea <print+0xe8>
 bb8:	82ba                	mv	t0,a4
 bba:	4501                	li	a0,0
 bbc:	46a5                	li	a3,9
 bbe:	a081                	j	bfe <print+0xfc>
 bc0:	00228713          	addi	a4,t0,2
 bc4:	bf6d                	j	b7e <print+0x7c>
 bc6:	00228713          	addi	a4,t0,2
 bca:	4791                	li	a5,4
 bcc:	bfd1                	j	ba0 <print+0x9e>
 bce:	02d00613          	li	a2,45
 bd2:	00c68963          	beq	a3,a2,be4 <print+0xe2>
 bd6:	03000613          	li	a2,48
 bda:	fcc69fe3          	bne	a3,a2,bb8 <print+0xb6>
 bde:	0027e793          	ori	a5,a5,2
 be2:	a031                	j	bee <print+0xec>
 be4:	0705                	addi	a4,a4,1
 be6:	4785                	li	a5,1
 be8:	bfc1                	j	bb8 <print+0xb6>
 bea:	0047e793          	ori	a5,a5,4
 bee:	0705                	addi	a4,a4,1
 bf0:	b7e1                	j	bb8 <print+0xb6>
 bf2:	00251613          	slli	a2,a0,0x2
 bf6:	9532                	add	a0,a0,a2
 bf8:	0506                	slli	a0,a0,0x1
 bfa:	953a                	add	a0,a0,a4
 bfc:	0285                	addi	t0,t0,1
 bfe:	00028603          	lb	a2,0(t0)
 c02:	fd060713          	addi	a4,a2,-48
 c06:	0ff77593          	andi	a1,a4,255
 c0a:	feb6f4e3          	bgeu	a3,a1,bf2 <print+0xf0>
 c0e:	02e00713          	li	a4,46
 c12:	4699                	li	a3,6
 c14:	00e61e63          	bne	a2,a4,c30 <print+0x12e>
 c18:	0285                	addi	t0,t0,1
 c1a:	4681                	li	a3,0
 c1c:	45a5                	li	a1,9
 c1e:	00028603          	lb	a2,0(t0)
 c22:	fd060613          	addi	a2,a2,-48
 c26:	0ff67713          	andi	a4,a2,255
 c2a:	02e5f563          	bgeu	a1,a4,c54 <print+0x152>
 c2e:	c636                	sw	a3,12(sp)
 c30:	00028703          	lb	a4,0(t0)
 c34:	06a00613          	li	a2,106
 c38:	0ac70d63          	beq	a4,a2,cf2 <print+0x1f0>
 c3c:	02e64363          	blt	a2,a4,c62 <print+0x160>
 c40:	04c00613          	li	a2,76
 c44:	0ac70763          	beq	a4,a2,cf2 <print+0x1f0>
 c48:	06800613          	li	a2,104
 c4c:	08c70c63          	beq	a4,a2,ce4 <print+0x1e2>
 c50:	4581                	li	a1,0
 c52:	a82d                	j	c8c <print+0x18a>
 c54:	00269713          	slli	a4,a3,0x2
 c58:	96ba                	add	a3,a3,a4
 c5a:	0686                	slli	a3,a3,0x1
 c5c:	96b2                	add	a3,a3,a2
 c5e:	0285                	addi	t0,t0,1
 c60:	bf7d                	j	c1e <print+0x11c>
 c62:	07400613          	li	a2,116
 c66:	08c70663          	beq	a4,a2,cf2 <print+0x1f0>
 c6a:	07a00613          	li	a2,122
 c6e:	08c70263          	beq	a4,a2,cf2 <print+0x1f0>
 c72:	06c00613          	li	a2,108
 c76:	4581                	li	a1,0
 c78:	00c71a63          	bne	a4,a2,c8c <print+0x18a>
 c7c:	00128603          	lb	a2,1(t0)
 c80:	458d                	li	a1,3
 c82:	00e61463          	bne	a2,a4,c8a <print+0x188>
 c86:	0285                	addi	t0,t0,1
 c88:	4591                	li	a1,4
 c8a:	0285                	addi	t0,t0,1
 c8c:	00028603          	lb	a2,0(t0)
 c90:	06000393          	li	t2,96
 c94:	06100713          	li	a4,97
 c98:	00c3c463          	blt	t2,a2,ca0 <print+0x19e>
 c9c:	04100713          	li	a4,65
 ca0:	06700393          	li	t2,103
 ca4:	06c3c463          	blt	t2,a2,d0c <print+0x20a>
 ca8:	06500393          	li	t2,101
 cac:	18765363          	bge	a2,t2,e32 <print+0x330>
 cb0:	04700393          	li	t2,71
 cb4:	04c3c163          	blt	t2,a2,cf6 <print+0x1f4>
 cb8:	04500593          	li	a1,69
 cbc:	16b65b63          	bge	a2,a1,e32 <print+0x330>
 cc0:	04300713          	li	a4,67
 cc4:	eae610e3          	bne	a2,a4,b64 <print+0x62>
 cc8:	4018                	lw	a4,0(s0)
 cca:	00440393          	addi	t2,s0,4
 cce:	ca16                	sw	t0,20(sp)
 cd0:	00e10c23          	sb	a4,24(sp)
 cd4:	c81e                	sw	t2,16(sp)
 cd6:	00010ca3          	sb	zero,25(sp)
 cda:	4701                	li	a4,0
 cdc:	86be                	mv	a3,a5
 cde:	862a                	mv	a2,a0
 ce0:	082c                	addi	a1,sp,24
 ce2:	a849                	j	d74 <print+0x272>
 ce4:	00128603          	lb	a2,1(t0)
 ce8:	4581                	li	a1,0
 cea:	fae611e3          	bne	a2,a4,c8c <print+0x18a>
 cee:	0289                	addi	t0,t0,2
 cf0:	bf71                	j	c8c <print+0x18a>
 cf2:	0285                	addi	t0,t0,1
 cf4:	bfb1                	j	c50 <print+0x14e>
 cf6:	06300693          	li	a3,99
 cfa:	fcd607e3          	beq	a2,a3,cc8 <print+0x1c6>
 cfe:	06c6ce63          	blt	a3,a2,d7a <print+0x278>
 d02:	05800693          	li	a3,88
 d06:	02d60363          	beq	a2,a3,d2c <print+0x22a>
 d0a:	bda9                	j	b64 <print+0x62>
 d0c:	07300693          	li	a3,115
 d10:	04d60463          	beq	a2,a3,d58 <print+0x256>
 d14:	02c6cb63          	blt	a3,a2,d4a <print+0x248>
 d18:	06f00693          	li	a3,111
 d1c:	0ed60263          	beq	a2,a3,e00 <print+0x2fe>
 d20:	07000693          	li	a3,112
 d24:	0047e793          	ori	a5,a5,4
 d28:	e2d61ee3          	bne	a2,a3,b64 <print+0x62>
 d2c:	4691                	li	a3,4
 d2e:	0ad59f63          	bne	a1,a3,dec <print+0x2ea>
 d32:	00840393          	addi	t2,s0,8
 d36:	400c                	lw	a1,0(s0)
 d38:	4050                	lw	a2,4(s0)
 d3a:	ca16                	sw	t0,20(sp)
 d3c:	c23a                	sw	a4,4(sp)
 d3e:	c03e                	sw	a5,0(sp)
 d40:	c81e                	sw	t2,16(sp)
 d42:	87aa                	mv	a5,a0
 d44:	4701                	li	a4,0
 d46:	46c1                	li	a3,16
 d48:	a0b9                	j	d96 <print+0x294>
 d4a:	07500693          	li	a3,117
 d4e:	06d60863          	beq	a2,a3,dbe <print+0x2bc>
 d52:	07800693          	li	a3,120
 d56:	bf45                	j	d06 <print+0x204>
 d58:	4018                	lw	a4,0(s0)
 d5a:	000016b7          	lui	a3,0x1
 d5e:	00440393          	addi	t2,s0,4
 d62:	ef868593          	addi	a1,a3,-264 # ef8 <puts+0x82>
 d66:	c311                	beqz	a4,d6a <print+0x268>
 d68:	85ba                	mv	a1,a4
 d6a:	4732                	lw	a4,12(sp)
 d6c:	ca16                	sw	t0,20(sp)
 d6e:	c81e                	sw	t2,16(sp)
 d70:	86be                	mv	a3,a5
 d72:	862a                	mv	a2,a0
 d74:	4522                	lw	a0,8(sp)
 d76:	3e41                	jal	906 <prints>
 d78:	a00d                	j	d9a <print+0x298>
 d7a:	4691                	li	a3,4
 d7c:	02d59463          	bne	a1,a3,da4 <print+0x2a2>
 d80:	00840393          	addi	t2,s0,8
 d84:	400c                	lw	a1,0(s0)
 d86:	4050                	lw	a2,4(s0)
 d88:	ca16                	sw	t0,20(sp)
 d8a:	c23a                	sw	a4,4(sp)
 d8c:	c03e                	sw	a5,0(sp)
 d8e:	c81e                	sw	t2,16(sp)
 d90:	87aa                	mv	a5,a0
 d92:	4705                	li	a4,1
 d94:	46a9                	li	a3,10
 d96:	4522                	lw	a0,8(sp)
 d98:	338d                	jal	afa <printLongLongInt>
 d9a:	43c2                	lw	t2,16(sp)
 d9c:	94aa                	add	s1,s1,a0
 d9e:	841e                	mv	s0,t2
 da0:	42d2                	lw	t0,20(sp)
 da2:	b3c9                	j	b64 <print+0x62>
 da4:	46b2                	lw	a3,12(sp)
 da6:	400c                	lw	a1,0(s0)
 da8:	c816                	sw	t0,16(sp)
 daa:	c236                	sw	a3,4(sp)
 dac:	c03a                	sw	a4,0(sp)
 dae:	0411                	addi	s0,s0,4
 db0:	872a                	mv	a4,a0
 db2:	4685                	li	a3,1
 db4:	4629                	li	a2,10
 db6:	4522                	lw	a0,8(sp)
 db8:	3915                	jal	9ec <printInt>
 dba:	94aa                	add	s1,s1,a0
 dbc:	b361                	j	b44 <print+0x42>
 dbe:	4691                	li	a3,4
 dc0:	00d59d63          	bne	a1,a3,dda <print+0x2d8>
 dc4:	00840393          	addi	t2,s0,8
 dc8:	400c                	lw	a1,0(s0)
 dca:	4050                	lw	a2,4(s0)
 dcc:	ca16                	sw	t0,20(sp)
 dce:	c23a                	sw	a4,4(sp)
 dd0:	c03e                	sw	a5,0(sp)
 dd2:	c81e                	sw	t2,16(sp)
 dd4:	87aa                	mv	a5,a0
 dd6:	4701                	li	a4,0
 dd8:	bf75                	j	d94 <print+0x292>
 dda:	46b2                	lw	a3,12(sp)
 ddc:	400c                	lw	a1,0(s0)
 dde:	c816                	sw	t0,16(sp)
 de0:	c236                	sw	a3,4(sp)
 de2:	c03a                	sw	a4,0(sp)
 de4:	0411                	addi	s0,s0,4
 de6:	872a                	mv	a4,a0
 de8:	4681                	li	a3,0
 dea:	b7e9                	j	db4 <print+0x2b2>
 dec:	46b2                	lw	a3,12(sp)
 dee:	c816                	sw	t0,16(sp)
 df0:	400c                	lw	a1,0(s0)
 df2:	4641                	li	a2,16
 df4:	c236                	sw	a3,4(sp)
 df6:	c03a                	sw	a4,0(sp)
 df8:	0411                	addi	s0,s0,4
 dfa:	872a                	mv	a4,a0
 dfc:	4681                	li	a3,0
 dfe:	bf65                	j	db6 <print+0x2b4>
 e00:	4691                	li	a3,4
 e02:	00d59e63          	bne	a1,a3,e1e <print+0x31c>
 e06:	00840393          	addi	t2,s0,8
 e0a:	400c                	lw	a1,0(s0)
 e0c:	4050                	lw	a2,4(s0)
 e0e:	ca16                	sw	t0,20(sp)
 e10:	c23a                	sw	a4,4(sp)
 e12:	c03e                	sw	a5,0(sp)
 e14:	c81e                	sw	t2,16(sp)
 e16:	87aa                	mv	a5,a0
 e18:	4701                	li	a4,0
 e1a:	46a1                	li	a3,8
 e1c:	bfad                	j	d96 <print+0x294>
 e1e:	46b2                	lw	a3,12(sp)
 e20:	400c                	lw	a1,0(s0)
 e22:	c816                	sw	t0,16(sp)
 e24:	c236                	sw	a3,4(sp)
 e26:	c03a                	sw	a4,0(sp)
 e28:	0411                	addi	s0,s0,4
 e2a:	872a                	mv	a4,a0
 e2c:	4681                	li	a3,0
 e2e:	4621                	li	a2,8
 e30:	b759                	j	db6 <print+0x2b4>
 e32:	400c                	lw	a1,0(s0)
 e34:	00840613          	addi	a2,s0,8
 e38:	4040                	lw	s0,4(s0)
 e3a:	c23a                	sw	a4,4(sp)
 e3c:	872a                	mv	a4,a0
 e3e:	4522                	lw	a0,8(sp)
 e40:	c832                	sw	a2,16(sp)
 e42:	c03e                	sw	a5,0(sp)
 e44:	8622                	mv	a2,s0
 e46:	87b6                	mv	a5,a3
 e48:	46a9                	li	a3,10
 e4a:	ca16                	sw	t0,20(sp)
 e4c:	394d                	jal	afe <printDouble>
 e4e:	94aa                	add	s1,s1,a0
 e50:	4442                	lw	s0,16(sp)
 e52:	b7b9                	j	da0 <print+0x29e>

00000e54 <printf>:
 e54:	fdc10113          	addi	sp,sp,-36
 e58:	c82e                	sw	a1,16(sp)
 e5a:	ca32                	sw	a2,20(sp)
 e5c:	85aa                	mv	a1,a0
 e5e:	0810                	addi	a2,sp,16
 e60:	4501                	li	a0,0
 e62:	c606                	sw	ra,12(sp)
 e64:	cc36                	sw	a3,24(sp)
 e66:	ce3a                	sw	a4,28(sp)
 e68:	d03e                	sw	a5,32(sp)
 e6a:	c032                	sw	a2,0(sp)
 e6c:	3959                	jal	b02 <print>
 e6e:	40b2                	lw	ra,12(sp)
 e70:	02410113          	addi	sp,sp,36
 e74:	8082                	ret

00000e76 <puts>:
 e76:	1141                	addi	sp,sp,-16
 e78:	c422                	sw	s0,8(sp)
 e7a:	c226                	sw	s1,4(sp)
 e7c:	c606                	sw	ra,12(sp)
 e7e:	211c                	lbu	a5,0(a0)
 e80:	84aa                	mv	s1,a0
 e82:	4401                	li	s0,0
 e84:	81dc                	sb	a5,3(sp)
 e86:	00310783          	lb	a5,3(sp)
 e8a:	0405                	addi	s0,s0,1
 e8c:	ef91                	bnez	a5,ea8 <puts+0x32>
 e8e:	47a9                	li	a5,10
 e90:	00310593          	addi	a1,sp,3
 e94:	4605                	li	a2,1
 e96:	4501                	li	a0,0
 e98:	81dc                	sb	a5,3(sp)
 e9a:	3ae1                	jal	872 <_write>
 e9c:	8522                	mv	a0,s0
 e9e:	40b2                	lw	ra,12(sp)
 ea0:	4422                	lw	s0,8(sp)
 ea2:	4492                	lw	s1,4(sp)
 ea4:	0141                	addi	sp,sp,16
 ea6:	8082                	ret
 ea8:	4605                	li	a2,1
 eaa:	00310593          	addi	a1,sp,3
 eae:	4501                	li	a0,0
 eb0:	32c9                	jal	872 <_write>
 eb2:	008487b3          	add	a5,s1,s0
 eb6:	239c                	lbu	a5,0(a5)
 eb8:	81dc                	sb	a5,3(sp)
 eba:	b7f1                	j	e86 <puts+0x10>
 ebc:	7552                	flw	fa0,52(sp)
 ebe:	206e                	lhu	a1,6(s0)
 ec0:	7461                	lui	s0,0xffff8
 ec2:	4520                	lw	s0,72(a0)
 ec4:	5458                	lw	a4,44(s0)
 ec6:	0d49                	addi	s10,s10,18
 ec8:	0000                	unimp
 eca:	0000                	unimp
 ecc:	74737953          	0x74737953
 ed0:	6d65                	lui	s10,0x19
 ed2:	3a6b6c43          	fmadd.d	fs8,fs6,ft6,ft7,unknown
 ed6:	6425                	lui	s0,0x9
 ed8:	0a0d                	addi	s4,s4,3
 eda:	0000                	unimp
 edc:	5845                	li	a6,-15
 ede:	4954                	lw	a3,20(a0)
 ee0:	2030                	lbu	a2,2(s0)
 ee2:	6554                	flw	fa3,12(a0)
 ee4:	000d7473          	csrrci	s0,ustatus,26
 ee8:	7552                	flw	fa0,52(sp)
 eea:	206e                	lhu	a1,6(s0)
 eec:	7461                	lui	s0,0xffff8
 eee:	6d20                	flw	fs0,88(a0)
 ef0:	6961                	lui	s2,0x18
 ef2:	0d6e                	slli	s10,s10,0x1b
 ef4:	0000                	unimp
 ef6:	0000                	unimp
 ef8:	6e28                	flw	fa0,88(a2)
 efa:	6c75                	lui	s8,0x1d
 efc:	296c                	lbu	a1,22(a0)
	...
