
I2C.elf:     file format elf32-littleriscv
I2C.elf
architecture: riscv:rv32, flags 0x00000112:
EXEC_P, HAS_SYMS, D_PAGED
start address 0x00000000

Program Header:
    LOAD off    0x00001000 vaddr 0x00000000 paddr 0x00000000 align 2**12
         filesz 0x00000850 memsz 0x00000850 flags r-x
    LOAD off    0x00002000 vaddr 0x20000000 paddr 0x00000850 align 2**12
         filesz 0x00000028 memsz 0x0000002c flags rw-
    LOAD off    0x00002700 vaddr 0x20000700 paddr 0x20000700 align 2**12
         filesz 0x00000000 memsz 0x00000100 flags rw-

Sections:
Idx Name          Size      VMA       LMA       File off  Algn
  0 .init         000000a0  00000000  00000000  00001000  2**2
                  CONTENTS, ALLOC, LOAD, READONLY, CODE
  1 .text         000007b0  000000a0  000000a0  000010a0  2**2
                  CONTENTS, ALLOC, LOAD, READONLY, CODE
  2 .fini         00000000  00000850  00000850  00002028  2**0
                  CONTENTS, ALLOC, LOAD, CODE
  3 .dalign       00000000  20000000  20000000  00002028  2**0
                  CONTENTS
  4 .dlalign      00000000  00000850  00000850  00002028  2**0
                  CONTENTS
  5 .data         00000028  20000000  00000850  00002000  2**2
                  CONTENTS, ALLOC, LOAD, DATA
  6 .bss          00000004  20000028  00000878  00002028  2**1
                  ALLOC
  7 .stack        00000100  20000700  20000700  00002700  2**0
                  ALLOC
  8 .debug_info   00007d60  00000000  00000000  00002028  2**0
                  CONTENTS, READONLY, DEBUGGING
  9 .debug_abbrev 000018e8  00000000  00000000  00009d88  2**0
                  CONTENTS, READONLY, DEBUGGING
 10 .debug_aranges 000003c0  00000000  00000000  0000b670  2**3
                  CONTENTS, READONLY, DEBUGGING
 11 .debug_ranges 00000360  00000000  00000000  0000ba30  2**3
                  CONTENTS, READONLY, DEBUGGING
 12 .debug_line   00004738  00000000  00000000  0000bd90  2**0
                  CONTENTS, READONLY, DEBUGGING
 13 .debug_str    00001306  00000000  00000000  000104c8  2**0
                  CONTENTS, READONLY, DEBUGGING
 14 .comment      00000033  00000000  00000000  000117ce  2**0
                  CONTENTS, READONLY
 15 .debug_frame  00000794  00000000  00000000  00011804  2**2
                  CONTENTS, READONLY, DEBUGGING
 16 .debug_loc    00001653  00000000  00000000  00011f98  2**0
                  CONTENTS, READONLY, DEBUGGING
SYMBOL TABLE:
00000000 l    d  .init	00000000 .init
000000a0 l    d  .text	00000000 .text
00000850 l    d  .fini	00000000 .fini
20000000 l    d  .dalign	00000000 .dalign
00000850 l    d  .dlalign	00000000 .dlalign
20000000 l    d  .data	00000000 .data
20000028 l    d  .bss	00000000 .bss
20000700 l    d  .stack	00000000 .stack
00000000 l    d  .debug_info	00000000 .debug_info
00000000 l    d  .debug_abbrev	00000000 .debug_abbrev
00000000 l    d  .debug_aranges	00000000 .debug_aranges
00000000 l    d  .debug_ranges	00000000 .debug_ranges
00000000 l    d  .debug_line	00000000 .debug_line
00000000 l    d  .debug_str	00000000 .debug_str
00000000 l    d  .comment	00000000 .comment
00000000 l    d  .debug_frame	00000000 .debug_frame
00000000 l    d  .debug_loc	00000000 .debug_loc
00000000 l    df *ABS*	00000000 I2C.c
00000000 l    df *ABS*	00000000 LCD_I2C.c
00000000 l    df *ABS*	00000000 ch32v00x_it.c
00000000 l    df *ABS*	00000000 main.c
00000000 l    df *ABS*	00000000 system_ch32v00x.c
00000000 l    df *ABS*	00000000 ch32v00x_gpio.c
00000000 l    df *ABS*	00000000 ch32v00x_i2c.c
00000000 l    df *ABS*	00000000 ch32v00x_rcc.c
20000004 l     O .data	00000014 ADCPrescTable
20000018 l     O .data	00000010 APBAHBPrescTable
00000000 l    df *ABS*	00000000 debug.c
20000028 l     O .bss	00000002 p_ms
2000002a l     O .bss	00000001 p_us
20000828 g       .data	00000000 __global_pointer$
0000044e  w      .text	00000000 TIM1_CC_IRQHandler
000002f8 g     F .text	00000002 HardFault_Handler
00000420  w      .text	00000000 SysTick_Handler
00000426  w      .text	00000000 PVD_IRQHandler
000002f4 g     F .text	00000004 NMI_Handler
20000028 g       .bss	00000000 _sbss
00000100 g       *ABS*	00000000 __stack_size
000000aa g     F .text	0000000a .hidden __riscv_restore_2
000001ae g     F .text	0000007a I2C_SendByte
20000000 g     O .data	00000004 SystemCoreClock
000000d4 g     F .text	0000002c .hidden __udivsi3
000000a0 g       .init	00000000 _einit
00000798 g     F .text	0000001e RCC_APB2PeriphClockCmd
000004da g     F .text	000000d6 GPIO_Init
00000446  w      .text	00000000 SPI1_IRQHandler
000000a0 g     F .text	0000000a .hidden __riscv_save_1
0000014a g     F .text	00000064 I2C_Initial
000000aa g     F .text	0000000a .hidden __riscv_restore_0
0000042e  w      .text	00000000 AWU_IRQHandler
0000042c  w      .text	00000000 EXTI7_0_IRQHandler
000007b6 g     F .text	0000001e RCC_APB1PeriphClockCmd
20000700 g       .stack	00000000 _heap_end
00000436  w      .text	00000000 DMA1_Channel4_IRQHandler
000006d4 g     F .text	00000004 I2C_SendData
0000043e  w      .text	00000000 ADC1_IRQHandler
000005b0 g     F .text	000000d8 I2C_Init
2000002c g       .bss	00000000 _ebss
0000043c  w      .text	00000000 DMA1_Channel7_IRQHandler
000007d4 g     F .text	0000003c Delay_Init
00000100 g     F .text	00000008 .hidden __umodsi3
000006a0 g     F .text	0000001a I2C_GenerateSTART
00000440  w      .text	00000000 I2C1_EV_IRQHandler
00000700 g     F .text	00000098 RCC_GetClocksFreq
0000043a  w      .text	00000000 DMA1_Channel6_IRQHandler
0000042a  w      .text	00000000 RCC_IRQHandler
0000044c  w      .text	00000000 TIM1_TRG_COM_IRQHandler
00000430  w      .text	00000000 DMA1_Channel1_IRQHandler
00000000 g       .init	00000000 _start
000000b4 g     F .text	00000014 .hidden __mulsi3
00000688 g     F .text	00000018 I2C_Cmd
20000000 g       .dalign	00000000 _data_vma
000006d8 g     F .text	00000012 I2C_Send7bitAddress
000002a4 g     F .text	00000050 LCD_Init
000002fa g     F .text	00000024 main
00000228 g     F .text	0000003c LCD_SendCmd
00000438  w      .text	00000000 DMA1_Channel5_IRQHandler
000000cc g     F .text	00000058 .hidden __divsi3
00000810 g     F .text	0000003e Delay_Ms
0000031e g     F .text	000000fe SystemInit
00000000 g       .init	00000000 _sinit
00000434  w      .text	00000000 DMA1_Channel3_IRQHandler
0000044a  w      .text	00000000 TIM1_UP_IRQHandler
00000424  w      .text	00000000 WWDG_IRQHandler
00000450  w      .text	00000000 TIM2_IRQHandler
20000800 g       .stack	00000000 _eusrstack
000000a0 g     F .text	0000000a .hidden __riscv_save_2
00000422  w      .text	00000000 SW_Handler
00000850 g       .dlalign	00000000 _Data_Lma
00000448  w      .text	00000000 TIM1_BRK_IRQHandler
20000028 g       .data	00000000 _edata
2000002c g       .bss	00000000 _end
00000124 g     F .text	00000024 .hidden __modsi3
00000432  w      .text	00000000 DMA1_Channel2_IRQHandler
00000452  w      .text	00000000 handle_reset
00000428  w      .text	00000000 FLASH_IRQHandler
000000a0 g     F .text	0000000a .hidden __riscv_save_0
00000444  w      .text	00000000 USART1_IRQHandler
000006ea g     F .text	00000016 I2C_CheckEvent
000006ba g     F .text	0000001a I2C_GenerateSTOP
00000442  w      .text	00000000 I2C1_ER_IRQHandler
000000aa g     F .text	0000000a .hidden __riscv_restore_1
00000264 g     F .text	00000040 LCD_SendData



Disassembly of section .init:

00000000 <_sinit>:
   0:	4520006f          	j	452 <handle_reset>
   4:	0000                	unimp
   6:	0000                	unimp
   8:	02f4                	addi	a3,sp,332
   a:	0000                	unimp
   c:	02f8                	addi	a4,sp,332
	...
  2e:	0000                	unimp
  30:	0420                	addi	s0,sp,520
  32:	0000                	unimp
  34:	0000                	unimp
  36:	0000                	unimp
  38:	0422                	slli	s0,s0,0x8
  3a:	0000                	unimp
  3c:	0000                	unimp
  3e:	0000                	unimp
  40:	0424                	addi	s1,sp,520
  42:	0000                	unimp
  44:	0426                	slli	s0,s0,0x9
  46:	0000                	unimp
  48:	0428                	addi	a0,sp,520
  4a:	0000                	unimp
  4c:	042a                	slli	s0,s0,0xa
  4e:	0000                	unimp
  50:	042c                	addi	a1,sp,520
  52:	0000                	unimp
  54:	042e                	slli	s0,s0,0xb
  56:	0000                	unimp
  58:	0430                	addi	a2,sp,520
  5a:	0000                	unimp
  5c:	0432                	slli	s0,s0,0xc
  5e:	0000                	unimp
  60:	0434                	addi	a3,sp,520
  62:	0000                	unimp
  64:	0436                	slli	s0,s0,0xd
  66:	0000                	unimp
  68:	0438                	addi	a4,sp,520
  6a:	0000                	unimp
  6c:	043a                	slli	s0,s0,0xe
  6e:	0000                	unimp
  70:	043c                	addi	a5,sp,520
  72:	0000                	unimp
  74:	043e                	slli	s0,s0,0xf
  76:	0000                	unimp
  78:	0440                	addi	s0,sp,516
  7a:	0000                	unimp
  7c:	0442                	slli	s0,s0,0x10
  7e:	0000                	unimp
  80:	0444                	addi	s1,sp,516
  82:	0000                	unimp
  84:	0446                	slli	s0,s0,0x11
  86:	0000                	unimp
  88:	0448                	addi	a0,sp,516
  8a:	0000                	unimp
  8c:	044a                	slli	s0,s0,0x12
  8e:	0000                	unimp
  90:	044c                	addi	a1,sp,516
  92:	0000                	unimp
  94:	044e                	slli	s0,s0,0x13
  96:	0000                	unimp
  98:	0450                	addi	a2,sp,516
  9a:	0000                	unimp
  9c:	0000                	unimp
	...

Disassembly of section .text:

000000a0 <__riscv_save_0>:
  a0:	1151                	addi	sp,sp,-12
  a2:	c026                	sw	s1,0(sp)
  a4:	c222                	sw	s0,4(sp)
  a6:	c406                	sw	ra,8(sp)
  a8:	8282                	jr	t0

000000aa <__riscv_restore_0>:
  aa:	4482                	lw	s1,0(sp)
  ac:	4412                	lw	s0,4(sp)
  ae:	40a2                	lw	ra,8(sp)
  b0:	0131                	addi	sp,sp,12
  b2:	8082                	ret

000000b4 <__mulsi3>:
  b4:	862a                	mv	a2,a0
  b6:	4501                	li	a0,0
  b8:	0015f693          	andi	a3,a1,1
  bc:	c291                	beqz	a3,c0 <__mulsi3+0xc>
  be:	9532                	add	a0,a0,a2
  c0:	8185                	srli	a1,a1,0x1
  c2:	0606                	slli	a2,a2,0x1
  c4:	f9f5                	bnez	a1,b8 <__mulsi3+0x4>
  c6:	8082                	ret
  c8:	0000                	unimp
	...

000000cc <__divsi3>:
  cc:	02054e63          	bltz	a0,108 <__umodsi3+0x8>
  d0:	0405c363          	bltz	a1,116 <__umodsi3+0x16>

000000d4 <__udivsi3>:
  d4:	862e                	mv	a2,a1
  d6:	85aa                	mv	a1,a0
  d8:	557d                	li	a0,-1
  da:	c215                	beqz	a2,fe <__udivsi3+0x2a>
  dc:	4685                	li	a3,1
  de:	00b67863          	bgeu	a2,a1,ee <__udivsi3+0x1a>
  e2:	00c05663          	blez	a2,ee <__udivsi3+0x1a>
  e6:	0606                	slli	a2,a2,0x1
  e8:	0686                	slli	a3,a3,0x1
  ea:	feb66ce3          	bltu	a2,a1,e2 <__udivsi3+0xe>
  ee:	4501                	li	a0,0
  f0:	00c5e463          	bltu	a1,a2,f8 <__udivsi3+0x24>
  f4:	8d91                	sub	a1,a1,a2
  f6:	8d55                	or	a0,a0,a3
  f8:	8285                	srli	a3,a3,0x1
  fa:	8205                	srli	a2,a2,0x1
  fc:	faf5                	bnez	a3,f0 <__udivsi3+0x1c>
  fe:	8082                	ret

00000100 <__umodsi3>:
 100:	8286                	mv	t0,ra
 102:	3fc9                	jal	d4 <__udivsi3>
 104:	852e                	mv	a0,a1
 106:	8282                	jr	t0
 108:	40a00533          	neg	a0,a0
 10c:	0005d763          	bgez	a1,11a <__umodsi3+0x1a>
 110:	40b005b3          	neg	a1,a1
 114:	b7c1                	j	d4 <__udivsi3>
 116:	40b005b3          	neg	a1,a1
 11a:	8286                	mv	t0,ra
 11c:	3f65                	jal	d4 <__udivsi3>
 11e:	40a00533          	neg	a0,a0
 122:	8282                	jr	t0

00000124 <__modsi3>:
 124:	8286                	mv	t0,ra
 126:	0005c763          	bltz	a1,134 <__modsi3+0x10>
 12a:	00054963          	bltz	a0,13c <__modsi3+0x18>
 12e:	375d                	jal	d4 <__udivsi3>
 130:	852e                	mv	a0,a1
 132:	8282                	jr	t0
 134:	40b005b3          	neg	a1,a1
 138:	fe055be3          	bgez	a0,12e <__modsi3+0xa>
 13c:	40a00533          	neg	a0,a0
 140:	3f51                	jal	d4 <__udivsi3>
 142:	40b00533          	neg	a0,a1
 146:	8282                	jr	t0
	...

0000014a <I2C_Initial>:
 14a:	f57ff2ef          	jal	t0,a0 <__riscv_save_0>
 14e:	1111                	addi	sp,sp,-28
 150:	4585                	li	a1,1
 152:	4541                	li	a0,16
 154:	c002                	sw	zero,0(sp)
 156:	c202                	sw	zero,4(sp)
 158:	c402                	sw	zero,8(sp)
 15a:	c602                	sw	zero,12(sp)
 15c:	c802                	sw	zero,16(sp)
 15e:	ca02                	sw	zero,20(sp)
 160:	cc02                	sw	zero,24(sp)
 162:	2d1d                	jal	798 <RCC_APB2PeriphClockCmd>
 164:	4585                	li	a1,1
 166:	00200537          	lui	a0,0x200
 16a:	25b1                	jal	7b6 <RCC_APB1PeriphClockCmd>
 16c:	4799                	li	a5,6
 16e:	807c                	sh	a5,0(sp)
 170:	47f1                	li	a5,28
 172:	c43e                	sw	a5,8(sp)
 174:	858a                	mv	a1,sp
 176:	478d                	li	a5,3
 178:	40011537          	lui	a0,0x40011
 17c:	c23e                	sw	a5,4(sp)
 17e:	2eb1                	jal	4da <GPIO_Init>
 180:	3e800793          	li	a5,1000
 184:	c63e                	sw	a5,12(sp)
 186:	400007b7          	lui	a5,0x40000
 18a:	40005437          	lui	s0,0x40005
 18e:	c83e                	sw	a5,16(sp)
 190:	040007b7          	lui	a5,0x4000
 194:	ca3e                	sw	a5,20(sp)
 196:	006c                	addi	a1,sp,12
 198:	6791                	lui	a5,0x4
 19a:	40040513          	addi	a0,s0,1024 # 40005400 <__global_pointer$+0x20004bd8>
 19e:	84fc                	sh	a5,24(sp)
 1a0:	2901                	jal	5b0 <I2C_Init>
 1a2:	4585                	li	a1,1
 1a4:	40040513          	addi	a0,s0,1024
 1a8:	21c5                	jal	688 <I2C_Cmd>
 1aa:	0171                	addi	sp,sp,28
 1ac:	bdfd                	j	aa <__riscv_restore_0>

000001ae <I2C_SendByte>:
 1ae:	ef3ff2ef          	jal	t0,a0 <__riscv_save_0>
 1b2:	84aa                	mv	s1,a0
 1b4:	40005537          	lui	a0,0x40005
 1b8:	4585                	li	a1,1
 1ba:	40050513          	addi	a0,a0,1024 # 40005400 <__global_pointer$+0x20004bd8>
 1be:	00030437          	lui	s0,0x30
 1c2:	29f9                	jal	6a0 <I2C_GenerateSTART>
 1c4:	0405                	addi	s0,s0,1
 1c6:	400057b7          	lui	a5,0x40005
 1ca:	40078513          	addi	a0,a5,1024 # 40005400 <__global_pointer$+0x20004bd8>
 1ce:	85a2                	mv	a1,s0
 1d0:	2b29                	jal	6ea <I2C_CheckEvent>
 1d2:	400057b7          	lui	a5,0x40005
 1d6:	d965                	beqz	a0,1c6 <I2C_SendByte+0x18>
 1d8:	4601                	li	a2,0
 1da:	04c00593          	li	a1,76
 1de:	40078513          	addi	a0,a5,1024 # 40005400 <__global_pointer$+0x20004bd8>
 1e2:	00070437          	lui	s0,0x70
 1e6:	29cd                	jal	6d8 <I2C_Send7bitAddress>
 1e8:	08240413          	addi	s0,s0,130 # 70082 <_Data_Lma+0x6f832>
 1ec:	400057b7          	lui	a5,0x40005
 1f0:	40078513          	addi	a0,a5,1024 # 40005400 <__global_pointer$+0x20004bd8>
 1f4:	85a2                	mv	a1,s0
 1f6:	29d5                	jal	6ea <I2C_CheckEvent>
 1f8:	400057b7          	lui	a5,0x40005
 1fc:	d965                	beqz	a0,1ec <I2C_SendByte+0x3e>
 1fe:	0ff4f593          	andi	a1,s1,255
 202:	40078513          	addi	a0,a5,1024 # 40005400 <__global_pointer$+0x20004bd8>
 206:	00070437          	lui	s0,0x70
 20a:	21e9                	jal	6d4 <I2C_SendData>
 20c:	08440413          	addi	s0,s0,132 # 70084 <_Data_Lma+0x6f834>
 210:	400054b7          	lui	s1,0x40005
 214:	85a2                	mv	a1,s0
 216:	40048513          	addi	a0,s1,1024 # 40005400 <__global_pointer$+0x20004bd8>
 21a:	29c1                	jal	6ea <I2C_CheckEvent>
 21c:	d975                	beqz	a0,210 <I2C_SendByte+0x62>
 21e:	4585                	li	a1,1
 220:	40048513          	addi	a0,s1,1024
 224:	2959                	jal	6ba <I2C_GenerateSTOP>
 226:	b551                	j	aa <__riscv_restore_0>

00000228 <LCD_SendCmd>:
 228:	e79ff2ef          	jal	t0,a0 <__riscv_save_0>
 22c:	ff057793          	andi	a5,a0,-16
 230:	0512                	slli	a0,a0,0x4
 232:	0562                	slli	a0,a0,0x18
 234:	1171                	addi	sp,sp,-4
 236:	8561                	srai	a0,a0,0x18
 238:	0047e713          	ori	a4,a5,4
 23c:	80dc                	sb	a5,1(sp)
 23e:	00456793          	ori	a5,a0,4
 242:	00856513          	ori	a0,a0,8
 246:	8058                	sb	a4,0(sp)
 248:	815c                	sb	a5,2(sp)
 24a:	81c8                	sb	a0,3(sp)
 24c:	4401                	li	s0,0
 24e:	008107b3          	add	a5,sp,s0
 252:	00078503          	lb	a0,0(a5)
 256:	0405                	addi	s0,s0,1
 258:	3f99                	jal	1ae <I2C_SendByte>
 25a:	4791                	li	a5,4
 25c:	fef419e3          	bne	s0,a5,24e <LCD_SendCmd+0x26>
 260:	0111                	addi	sp,sp,4
 262:	b5a1                	j	aa <__riscv_restore_0>

00000264 <LCD_SendData>:
 264:	e3dff2ef          	jal	t0,a0 <__riscv_save_0>
 268:	ff057793          	andi	a5,a0,-16
 26c:	0512                	slli	a0,a0,0x4
 26e:	0562                	slli	a0,a0,0x18
 270:	1171                	addi	sp,sp,-4
 272:	8561                	srai	a0,a0,0x18
 274:	00d7e713          	ori	a4,a5,13
 278:	0097e793          	ori	a5,a5,9
 27c:	80dc                	sb	a5,1(sp)
 27e:	00d56793          	ori	a5,a0,13
 282:	00956513          	ori	a0,a0,9
 286:	8058                	sb	a4,0(sp)
 288:	815c                	sb	a5,2(sp)
 28a:	81c8                	sb	a0,3(sp)
 28c:	4401                	li	s0,0
 28e:	008107b3          	add	a5,sp,s0
 292:	00078503          	lb	a0,0(a5)
 296:	0405                	addi	s0,s0,1
 298:	3f19                	jal	1ae <I2C_SendByte>
 29a:	4791                	li	a5,4
 29c:	fef419e3          	bne	s0,a5,28e <LCD_SendData+0x2a>
 2a0:	0111                	addi	sp,sp,4
 2a2:	b521                	j	aa <__riscv_restore_0>

000002a4 <LCD_Init>:
 2a4:	dfdff2ef          	jal	t0,a0 <__riscv_save_0>
 2a8:	03300513          	li	a0,51
 2ac:	3fb5                	jal	228 <LCD_SendCmd>
 2ae:	4529                	li	a0,10
 2b0:	2385                	jal	810 <Delay_Ms>
 2b2:	03200513          	li	a0,50
 2b6:	3f8d                	jal	228 <LCD_SendCmd>
 2b8:	03200513          	li	a0,50
 2bc:	2b91                	jal	810 <Delay_Ms>
 2be:	02800513          	li	a0,40
 2c2:	379d                	jal	228 <LCD_SendCmd>
 2c4:	03200513          	li	a0,50
 2c8:	23a1                	jal	810 <Delay_Ms>
 2ca:	4505                	li	a0,1
 2cc:	3fb1                	jal	228 <LCD_SendCmd>
 2ce:	03200513          	li	a0,50
 2d2:	2b3d                	jal	810 <Delay_Ms>
 2d4:	4519                	li	a0,6
 2d6:	3f89                	jal	228 <LCD_SendCmd>
 2d8:	03200513          	li	a0,50
 2dc:	2b15                	jal	810 <Delay_Ms>
 2de:	4531                	li	a0,12
 2e0:	37a1                	jal	228 <LCD_SendCmd>
 2e2:	03200513          	li	a0,50
 2e6:	232d                	jal	810 <Delay_Ms>
 2e8:	4509                	li	a0,2
 2ea:	3f3d                	jal	228 <LCD_SendCmd>
 2ec:	03200513          	li	a0,50
 2f0:	2305                	jal	810 <Delay_Ms>
 2f2:	bb65                	j	aa <__riscv_restore_0>

000002f4 <NMI_Handler>:
 2f4:	30200073          	mret

000002f8 <HardFault_Handler>:
 2f8:	a001                	j	2f8 <HardFault_Handler>

000002fa <main>:
 2fa:	da7ff2ef          	jal	t0,a0 <__riscv_save_0>
 2fe:	29d9                	jal	7d4 <Delay_Init>
 300:	35a9                	jal	14a <I2C_Initial>
 302:	374d                	jal	2a4 <LCD_Init>
 304:	4445                	li	s0,17
 306:	01841513          	slli	a0,s0,0x18
 30a:	8561                	srai	a0,a0,0x18
 30c:	3fa1                	jal	264 <LCD_SendData>
 30e:	0405                	addi	s0,s0,1
 310:	0ff47413          	andi	s0,s0,255
 314:	0ff00793          	li	a5,255
 318:	fef417e3          	bne	s0,a5,306 <main+0xc>
 31c:	b7e5                	j	304 <main+0xa>

0000031e <SystemInit>:
 31e:	400217b7          	lui	a5,0x40021
 322:	4398                	lw	a4,0(a5)
 324:	fcff06b7          	lui	a3,0xfcff0
 328:	1161                	addi	sp,sp,-8
 32a:	00176713          	ori	a4,a4,1
 32e:	c398                	sw	a4,0(a5)
 330:	43d8                	lw	a4,4(a5)
 332:	6621                	lui	a2,0x8
 334:	8f75                	and	a4,a4,a3
 336:	c3d8                	sw	a4,4(a5)
 338:	4398                	lw	a4,0(a5)
 33a:	fef706b7          	lui	a3,0xfef70
 33e:	16fd                	addi	a3,a3,-1
 340:	8f75                	and	a4,a4,a3
 342:	c398                	sw	a4,0(a5)
 344:	4398                	lw	a4,0(a5)
 346:	fffc06b7          	lui	a3,0xfffc0
 34a:	16fd                	addi	a3,a3,-1
 34c:	8f75                	and	a4,a4,a3
 34e:	c398                	sw	a4,0(a5)
 350:	43d8                	lw	a4,4(a5)
 352:	76c1                	lui	a3,0xffff0
 354:	16fd                	addi	a3,a3,-1
 356:	8f75                	and	a4,a4,a3
 358:	c3d8                	sw	a4,4(a5)
 35a:	009f0737          	lui	a4,0x9f0
 35e:	c798                	sw	a4,8(a5)
 360:	c002                	sw	zero,0(sp)
 362:	c202                	sw	zero,4(sp)
 364:	4f98                	lw	a4,24(a5)
 366:	400106b7          	lui	a3,0x40010
 36a:	00176713          	ori	a4,a4,1
 36e:	cf98                	sw	a4,24(a5)
 370:	42d8                	lw	a4,4(a3)
 372:	8f51                	or	a4,a4,a2
 374:	c2d8                	sw	a4,4(a3)
 376:	4398                	lw	a4,0(a5)
 378:	66c1                	lui	a3,0x10
 37a:	00020637          	lui	a2,0x20
 37e:	8f55                	or	a4,a4,a3
 380:	c398                	sw	a4,0(a5)
 382:	400216b7          	lui	a3,0x40021
 386:	6709                	lui	a4,0x2
 388:	429c                	lw	a5,0(a3)
 38a:	8ff1                	and	a5,a5,a2
 38c:	c23e                	sw	a5,4(sp)
 38e:	4782                	lw	a5,0(sp)
 390:	0785                	addi	a5,a5,1
 392:	c03e                	sw	a5,0(sp)
 394:	4792                	lw	a5,4(sp)
 396:	e781                	bnez	a5,39e <SystemInit+0x80>
 398:	4782                	lw	a5,0(sp)
 39a:	fee797e3          	bne	a5,a4,388 <SystemInit+0x6a>
 39e:	400217b7          	lui	a5,0x40021
 3a2:	439c                	lw	a5,0(a5)
 3a4:	00e79713          	slli	a4,a5,0xe
 3a8:	06075863          	bgez	a4,418 <SystemInit+0xfa>
 3ac:	4785                	li	a5,1
 3ae:	c23e                	sw	a5,4(sp)
 3b0:	4712                	lw	a4,4(sp)
 3b2:	4785                	li	a5,1
 3b4:	06f71063          	bne	a4,a5,414 <SystemInit+0xf6>
 3b8:	400227b7          	lui	a5,0x40022
 3bc:	4398                	lw	a4,0(a5)
 3be:	76c1                	lui	a3,0xffff0
 3c0:	16fd                	addi	a3,a3,-1
 3c2:	9b71                	andi	a4,a4,-4
 3c4:	c398                	sw	a4,0(a5)
 3c6:	4398                	lw	a4,0(a5)
 3c8:	00176713          	ori	a4,a4,1
 3cc:	c398                	sw	a4,0(a5)
 3ce:	400217b7          	lui	a5,0x40021
 3d2:	43d8                	lw	a4,4(a5)
 3d4:	c3d8                	sw	a4,4(a5)
 3d6:	43d8                	lw	a4,4(a5)
 3d8:	8f75                	and	a4,a4,a3
 3da:	c3d8                	sw	a4,4(a5)
 3dc:	43d8                	lw	a4,4(a5)
 3de:	66c1                	lui	a3,0x10
 3e0:	8f55                	or	a4,a4,a3
 3e2:	c3d8                	sw	a4,4(a5)
 3e4:	4398                	lw	a4,0(a5)
 3e6:	010006b7          	lui	a3,0x1000
 3ea:	8f55                	or	a4,a4,a3
 3ec:	c398                	sw	a4,0(a5)
 3ee:	4398                	lw	a4,0(a5)
 3f0:	00671693          	slli	a3,a4,0x6
 3f4:	fe06dde3          	bgez	a3,3ee <SystemInit+0xd0>
 3f8:	43d8                	lw	a4,4(a5)
 3fa:	400216b7          	lui	a3,0x40021
 3fe:	9b71                	andi	a4,a4,-4
 400:	c3d8                	sw	a4,4(a5)
 402:	43d8                	lw	a4,4(a5)
 404:	00276713          	ori	a4,a4,2
 408:	c3d8                	sw	a4,4(a5)
 40a:	4721                	li	a4,8
 40c:	42dc                	lw	a5,4(a3)
 40e:	8bb1                	andi	a5,a5,12
 410:	fee79ee3          	bne	a5,a4,40c <SystemInit+0xee>
 414:	0121                	addi	sp,sp,8
 416:	8082                	ret
 418:	c202                	sw	zero,4(sp)
 41a:	bf59                	j	3b0 <SystemInit+0x92>
 41c:	a001                	j	41c <SystemInit+0xfe>
 41e:	a001                	j	41e <SystemInit+0x100>

00000420 <SysTick_Handler>:
 420:	a001                	j	420 <SysTick_Handler>

00000422 <SW_Handler>:
 422:	a001                	j	422 <SW_Handler>

00000424 <WWDG_IRQHandler>:
 424:	a001                	j	424 <WWDG_IRQHandler>

00000426 <PVD_IRQHandler>:
 426:	a001                	j	426 <PVD_IRQHandler>

00000428 <FLASH_IRQHandler>:
 428:	a001                	j	428 <FLASH_IRQHandler>

0000042a <RCC_IRQHandler>:
 42a:	a001                	j	42a <RCC_IRQHandler>

0000042c <EXTI7_0_IRQHandler>:
 42c:	a001                	j	42c <EXTI7_0_IRQHandler>

0000042e <AWU_IRQHandler>:
 42e:	a001                	j	42e <AWU_IRQHandler>

00000430 <DMA1_Channel1_IRQHandler>:
 430:	a001                	j	430 <DMA1_Channel1_IRQHandler>

00000432 <DMA1_Channel2_IRQHandler>:
 432:	a001                	j	432 <DMA1_Channel2_IRQHandler>

00000434 <DMA1_Channel3_IRQHandler>:
 434:	a001                	j	434 <DMA1_Channel3_IRQHandler>

00000436 <DMA1_Channel4_IRQHandler>:
 436:	a001                	j	436 <DMA1_Channel4_IRQHandler>

00000438 <DMA1_Channel5_IRQHandler>:
 438:	a001                	j	438 <DMA1_Channel5_IRQHandler>

0000043a <DMA1_Channel6_IRQHandler>:
 43a:	a001                	j	43a <DMA1_Channel6_IRQHandler>

0000043c <DMA1_Channel7_IRQHandler>:
 43c:	a001                	j	43c <DMA1_Channel7_IRQHandler>

0000043e <ADC1_IRQHandler>:
 43e:	a001                	j	43e <ADC1_IRQHandler>

00000440 <I2C1_EV_IRQHandler>:
 440:	a001                	j	440 <I2C1_EV_IRQHandler>

00000442 <I2C1_ER_IRQHandler>:
 442:	a001                	j	442 <I2C1_ER_IRQHandler>

00000444 <USART1_IRQHandler>:
 444:	a001                	j	444 <USART1_IRQHandler>

00000446 <SPI1_IRQHandler>:
 446:	a001                	j	446 <SPI1_IRQHandler>

00000448 <TIM1_BRK_IRQHandler>:
 448:	a001                	j	448 <TIM1_BRK_IRQHandler>

0000044a <TIM1_UP_IRQHandler>:
 44a:	a001                	j	44a <TIM1_UP_IRQHandler>

0000044c <TIM1_TRG_COM_IRQHandler>:
 44c:	a001                	j	44c <TIM1_TRG_COM_IRQHandler>

0000044e <TIM1_CC_IRQHandler>:
 44e:	a001                	j	44e <TIM1_CC_IRQHandler>

00000450 <TIM2_IRQHandler>:
 450:	a001                	j	450 <TIM2_IRQHandler>

00000452 <handle_reset>:
 452:	20000197          	auipc	gp,0x20000
 456:	3d618193          	addi	gp,gp,982 # 20000828 <__global_pointer$>
 45a:	fd818113          	addi	sp,gp,-40 # 20000800 <_eusrstack>
 45e:	00000517          	auipc	a0,0x0
 462:	3f250513          	addi	a0,a0,1010 # 850 <_Data_Lma>
 466:	20000597          	auipc	a1,0x20000
 46a:	b9a58593          	addi	a1,a1,-1126 # 20000000 <_data_vma>
 46e:	20000617          	auipc	a2,0x20000
 472:	bba60613          	addi	a2,a2,-1094 # 20000028 <_edata>
 476:	00c5fa63          	bgeu	a1,a2,48a <handle_reset+0x38>
 47a:	00052283          	lw	t0,0(a0)
 47e:	0055a023          	sw	t0,0(a1)
 482:	0511                	addi	a0,a0,4
 484:	0591                	addi	a1,a1,4
 486:	fec5eae3          	bltu	a1,a2,47a <handle_reset+0x28>
 48a:	20000517          	auipc	a0,0x20000
 48e:	b9e50513          	addi	a0,a0,-1122 # 20000028 <_edata>
 492:	20000597          	auipc	a1,0x20000
 496:	b9a58593          	addi	a1,a1,-1126 # 2000002c <_ebss>
 49a:	00b57763          	bgeu	a0,a1,4a8 <handle_reset+0x56>
 49e:	00052023          	sw	zero,0(a0)
 4a2:	0511                	addi	a0,a0,4
 4a4:	feb56de3          	bltu	a0,a1,49e <handle_reset+0x4c>
 4a8:	08000293          	li	t0,128
 4ac:	30029073          	csrw	mstatus,t0
 4b0:	428d                	li	t0,3
 4b2:	80429073          	csrw	0x804,t0
 4b6:	00000297          	auipc	t0,0x0
 4ba:	b4a28293          	addi	t0,t0,-1206 # 0 <_sinit>
 4be:	0032e293          	ori	t0,t0,3
 4c2:	30529073          	csrw	mtvec,t0
 4c6:	e59ff0ef          	jal	ra,31e <SystemInit>
 4ca:	00000297          	auipc	t0,0x0
 4ce:	e3028293          	addi	t0,t0,-464 # 2fa <main>
 4d2:	34129073          	csrw	mepc,t0
 4d6:	30200073          	mret

000004da <GPIO_Init>:
 4da:	459c                	lw	a5,8(a1)
 4dc:	1161                	addi	sp,sp,-8
 4de:	c222                	sw	s0,4(sp)
 4e0:	c026                	sw	s1,0(sp)
 4e2:	0107f713          	andi	a4,a5,16
 4e6:	00f7f313          	andi	t1,a5,15
 4ea:	c701                	beqz	a4,4f2 <GPIO_Init+0x18>
 4ec:	41d8                	lw	a4,4(a1)
 4ee:	00e36333          	or	t1,t1,a4
 4f2:	2192                	lhu	a2,0(a1)
 4f4:	0ff67713          	andi	a4,a2,255
 4f8:	c729                	beqz	a4,542 <GPIO_Init+0x68>
 4fa:	00052383          	lw	t2,0(a0)
 4fe:	4701                	li	a4,0
 500:	02800413          	li	s0,40
 504:	04800493          	li	s1,72
 508:	4685                	li	a3,1
 50a:	00e695b3          	sll	a1,a3,a4
 50e:	00b676b3          	and	a3,a2,a1
 512:	02d59263          	bne	a1,a3,536 <GPIO_Init+0x5c>
 516:	00271293          	slli	t0,a4,0x2
 51a:	46bd                	li	a3,15
 51c:	005696b3          	sll	a3,a3,t0
 520:	fff6c693          	not	a3,a3
 524:	0076f3b3          	and	t2,a3,t2
 528:	005312b3          	sll	t0,t1,t0
 52c:	0072e3b3          	or	t2,t0,t2
 530:	06879763          	bne	a5,s0,59e <GPIO_Init+0xc4>
 534:	c94c                	sw	a1,20(a0)
 536:	0705                	addi	a4,a4,1
 538:	46a1                	li	a3,8
 53a:	fcd717e3          	bne	a4,a3,508 <GPIO_Init+0x2e>
 53e:	00752023          	sw	t2,0(a0)
 542:	0ff00713          	li	a4,255
 546:	04c77863          	bgeu	a4,a2,596 <GPIO_Init+0xbc>
 54a:	00452383          	lw	t2,4(a0)
 54e:	46a1                	li	a3,8
 550:	02800413          	li	s0,40
 554:	04800493          	li	s1,72
 558:	4705                	li	a4,1
 55a:	00d712b3          	sll	t0,a4,a3
 55e:	00567733          	and	a4,a2,t0
 562:	02e29463          	bne	t0,a4,58a <GPIO_Init+0xb0>
 566:	00269713          	slli	a4,a3,0x2
 56a:	1701                	addi	a4,a4,-32
 56c:	45bd                	li	a1,15
 56e:	00e595b3          	sll	a1,a1,a4
 572:	fff5c593          	not	a1,a1
 576:	0075f3b3          	and	t2,a1,t2
 57a:	00e31733          	sll	a4,t1,a4
 57e:	007763b3          	or	t2,a4,t2
 582:	02879263          	bne	a5,s0,5a6 <GPIO_Init+0xcc>
 586:	00552a23          	sw	t0,20(a0)
 58a:	0685                	addi	a3,a3,1
 58c:	4741                	li	a4,16
 58e:	fce695e3          	bne	a3,a4,558 <GPIO_Init+0x7e>
 592:	00752223          	sw	t2,4(a0)
 596:	4412                	lw	s0,4(sp)
 598:	4482                	lw	s1,0(sp)
 59a:	0121                	addi	sp,sp,8
 59c:	8082                	ret
 59e:	f8979ce3          	bne	a5,s1,536 <GPIO_Init+0x5c>
 5a2:	c90c                	sw	a1,16(a0)
 5a4:	bf49                	j	536 <GPIO_Init+0x5c>
 5a6:	fe9792e3          	bne	a5,s1,58a <GPIO_Init+0xb0>
 5aa:	00552823          	sw	t0,16(a0)
 5ae:	bff1                	j	58a <GPIO_Init+0xb0>

000005b0 <I2C_Init>:
 5b0:	af1ff2ef          	jal	t0,a0 <__riscv_save_0>
 5b4:	1111                	addi	sp,sp,-28
 5b6:	2146                	lhu	s1,4(a0)
 5b8:	842a                	mv	s0,a0
 5ba:	0028                	addi	a0,sp,8
 5bc:	c02e                	sw	a1,0(sp)
 5be:	2289                	jal	700 <RCC_GetClocksFreq>
 5c0:	46c2                	lw	a3,16(sp)
 5c2:	04c2                	slli	s1,s1,0x10
 5c4:	80c1                	srli	s1,s1,0x10
 5c6:	fc04f493          	andi	s1,s1,-64
 5ca:	000f45b7          	lui	a1,0xf4
 5ce:	24058593          	addi	a1,a1,576 # f4240 <_Data_Lma+0xf39f0>
 5d2:	8536                	mv	a0,a3
 5d4:	04c2                	slli	s1,s1,0x10
 5d6:	c236                	sw	a3,4(sp)
 5d8:	80c1                	srli	s1,s1,0x10
 5da:	3ced                	jal	d4 <__udivsi3>
 5dc:	8d45                	or	a0,a0,s1
 5de:	0542                	slli	a0,a0,0x10
 5e0:	8141                	srli	a0,a0,0x10
 5e2:	a04a                	sh	a0,4(s0)
 5e4:	201e                	lhu	a5,0(s0)
 5e6:	4692                	lw	a3,4(sp)
 5e8:	07c2                	slli	a5,a5,0x10
 5ea:	83c1                	srli	a5,a5,0x10
 5ec:	9bf9                	andi	a5,a5,-2
 5ee:	07c2                	slli	a5,a5,0x10
 5f0:	83c1                	srli	a5,a5,0x10
 5f2:	a01e                	sh	a5,0(s0)
 5f4:	4782                	lw	a5,0(sp)
 5f6:	4390                	lw	a2,0(a5)
 5f8:	67e1                	lui	a5,0x18
 5fa:	6a078793          	addi	a5,a5,1696 # 186a0 <_Data_Lma+0x17e50>
 5fe:	00161593          	slli	a1,a2,0x1
 602:	04c7e463          	bltu	a5,a2,64a <I2C_Init+0x9a>
 606:	8536                	mv	a0,a3
 608:	34f1                	jal	d4 <__udivsi3>
 60a:	87aa                	mv	a5,a0
 60c:	0542                	slli	a0,a0,0x10
 60e:	8141                	srli	a0,a0,0x10
 610:	4691                	li	a3,4
 612:	00d57363          	bgeu	a0,a3,618 <I2C_Init+0x68>
 616:	4791                	li	a5,4
 618:	01079513          	slli	a0,a5,0x10
 61c:	8141                	srli	a0,a0,0x10
 61e:	ac4a                	sh	a0,28(s0)
 620:	201e                	lhu	a5,0(s0)
 622:	4702                	lw	a4,0(sp)
 624:	0017e793          	ori	a5,a5,1
 628:	a01e                	sh	a5,0(s0)
 62a:	201e                	lhu	a5,0(s0)
 62c:	2356                	lhu	a3,4(a4)
 62e:	2732                	lhu	a2,10(a4)
 630:	07c2                	slli	a5,a5,0x10
 632:	83c1                	srli	a5,a5,0x10
 634:	8ed1                	or	a3,a3,a2
 636:	bf57f793          	andi	a5,a5,-1035
 63a:	8fd5                	or	a5,a5,a3
 63c:	a01e                	sh	a5,0(s0)
 63e:	2716                	lhu	a3,8(a4)
 640:	275e                	lhu	a5,12(a4)
 642:	8fd5                	or	a5,a5,a3
 644:	a41e                	sh	a5,8(s0)
 646:	0171                	addi	sp,sp,28
 648:	b48d                	j	aa <__riscv_restore_0>
 64a:	4782                	lw	a5,0(sp)
 64c:	23ea                	lhu	a0,6(a5)
 64e:	67b1                	lui	a5,0xc
 650:	17fd                	addi	a5,a5,-1
 652:	00f51f63          	bne	a0,a5,670 <I2C_Init+0xc0>
 656:	95b2                	add	a1,a1,a2
 658:	8536                	mv	a0,a3
 65a:	3cad                	jal	d4 <__udivsi3>
 65c:	0542                	slli	a0,a0,0x10
 65e:	8141                	srli	a0,a0,0x10
 660:	01451793          	slli	a5,a0,0x14
 664:	e399                	bnez	a5,66a <I2C_Init+0xba>
 666:	00156513          	ori	a0,a0,1
 66a:	67a1                	lui	a5,0x8
 66c:	8d5d                	or	a0,a0,a5
 66e:	bf45                	j	61e <I2C_Init+0x6e>
 670:	00c587b3          	add	a5,a1,a2
 674:	078e                	slli	a5,a5,0x3
 676:	00c785b3          	add	a1,a5,a2
 67a:	8536                	mv	a0,a3
 67c:	3ca1                	jal	d4 <__udivsi3>
 67e:	0542                	slli	a0,a0,0x10
 680:	8141                	srli	a0,a0,0x10
 682:	6791                	lui	a5,0x4
 684:	8d5d                	or	a0,a0,a5
 686:	bfe9                	j	660 <I2C_Init+0xb0>

00000688 <I2C_Cmd>:
 688:	211e                	lhu	a5,0(a0)
 68a:	c589                	beqz	a1,694 <I2C_Cmd+0xc>
 68c:	0017e793          	ori	a5,a5,1
 690:	a11e                	sh	a5,0(a0)
 692:	8082                	ret
 694:	07c2                	slli	a5,a5,0x10
 696:	83c1                	srli	a5,a5,0x10
 698:	9bf9                	andi	a5,a5,-2
 69a:	07c2                	slli	a5,a5,0x10
 69c:	83c1                	srli	a5,a5,0x10
 69e:	bfcd                	j	690 <I2C_Cmd+0x8>

000006a0 <I2C_GenerateSTART>:
 6a0:	211e                	lhu	a5,0(a0)
 6a2:	c589                	beqz	a1,6ac <I2C_GenerateSTART+0xc>
 6a4:	1007e793          	ori	a5,a5,256
 6a8:	a11e                	sh	a5,0(a0)
 6aa:	8082                	ret
 6ac:	07c2                	slli	a5,a5,0x10
 6ae:	83c1                	srli	a5,a5,0x10
 6b0:	eff7f793          	andi	a5,a5,-257
 6b4:	07c2                	slli	a5,a5,0x10
 6b6:	83c1                	srli	a5,a5,0x10
 6b8:	bfc5                	j	6a8 <I2C_GenerateSTART+0x8>

000006ba <I2C_GenerateSTOP>:
 6ba:	211e                	lhu	a5,0(a0)
 6bc:	c589                	beqz	a1,6c6 <I2C_GenerateSTOP+0xc>
 6be:	2007e793          	ori	a5,a5,512
 6c2:	a11e                	sh	a5,0(a0)
 6c4:	8082                	ret
 6c6:	07c2                	slli	a5,a5,0x10
 6c8:	83c1                	srli	a5,a5,0x10
 6ca:	dff7f793          	andi	a5,a5,-513
 6ce:	07c2                	slli	a5,a5,0x10
 6d0:	83c1                	srli	a5,a5,0x10
 6d2:	bfc5                	j	6c2 <I2C_GenerateSTOP+0x8>

000006d4 <I2C_SendData>:
 6d4:	a90e                	sh	a1,16(a0)
 6d6:	8082                	ret

000006d8 <I2C_Send7bitAddress>:
 6d8:	0fe5f793          	andi	a5,a1,254
 6dc:	c219                	beqz	a2,6e2 <I2C_Send7bitAddress+0xa>
 6de:	0015e793          	ori	a5,a1,1
 6e2:	07c2                	slli	a5,a5,0x10
 6e4:	83c1                	srli	a5,a5,0x10
 6e6:	a91e                	sh	a5,16(a0)
 6e8:	8082                	ret

000006ea <I2C_CheckEvent>:
 6ea:	295e                	lhu	a5,20(a0)
 6ec:	2d0a                	lhu	a0,24(a0)
 6ee:	0542                	slli	a0,a0,0x10
 6f0:	8d5d                	or	a0,a0,a5
 6f2:	8d6d                	and	a0,a0,a1
 6f4:	0522                	slli	a0,a0,0x8
 6f6:	8121                	srli	a0,a0,0x8
 6f8:	8d0d                	sub	a0,a0,a1
 6fa:	00153513          	seqz	a0,a0
 6fe:	8082                	ret

00000700 <RCC_GetClocksFreq>:
 700:	9a1ff2ef          	jal	t0,a0 <__riscv_save_0>
 704:	40021737          	lui	a4,0x40021
 708:	435c                	lw	a5,4(a4)
 70a:	4691                	li	a3,4
 70c:	842a                	mv	s0,a0
 70e:	8bb1                	andi	a5,a5,12
 710:	00d78563          	beq	a5,a3,71a <RCC_GetClocksFreq+0x1a>
 714:	46a1                	li	a3,8
 716:	06d78b63          	beq	a5,a3,78c <RCC_GetClocksFreq+0x8c>
 71a:	016e37b7          	lui	a5,0x16e3
 71e:	60078793          	addi	a5,a5,1536 # 16e3600 <_Data_Lma+0x16e2db0>
 722:	c01c                	sw	a5,0(s0)
 724:	400216b7          	lui	a3,0x40021
 728:	42dc                	lw	a5,4(a3)
 72a:	8391                	srli	a5,a5,0x4
 72c:	00f7f713          	andi	a4,a5,15
 730:	200007b7          	lui	a5,0x20000
 734:	01878793          	addi	a5,a5,24 # 20000018 <APBAHBPrescTable>
 738:	97ba                	add	a5,a5,a4
 73a:	238c                	lbu	a1,0(a5)
 73c:	42dc                	lw	a5,4(a3)
 73e:	4018                	lw	a4,0(s0)
 740:	0ff5f593          	andi	a1,a1,255
 744:	0807f793          	andi	a5,a5,128
 748:	00b75533          	srl	a0,a4,a1
 74c:	e399                	bnez	a5,752 <RCC_GetClocksFreq+0x52>
 74e:	853a                	mv	a0,a4
 750:	3251                	jal	d4 <__udivsi3>
 752:	c048                	sw	a0,4(s0)
 754:	c408                	sw	a0,8(s0)
 756:	c448                	sw	a0,12(s0)
 758:	400217b7          	lui	a5,0x40021
 75c:	43dc                	lw	a5,4(a5)
 75e:	83ad                	srli	a5,a5,0xb
 760:	8bfd                	andi	a5,a5,31
 762:	0037d713          	srli	a4,a5,0x3
 766:	078a                	slli	a5,a5,0x2
 768:	8bf1                	andi	a5,a5,28
 76a:	8fd9                	or	a5,a5,a4
 76c:	0137f693          	andi	a3,a5,19
 770:	470d                	li	a4,3
 772:	00d77363          	bgeu	a4,a3,778 <RCC_GetClocksFreq+0x78>
 776:	17d1                	addi	a5,a5,-12
 778:	20000737          	lui	a4,0x20000
 77c:	00470713          	addi	a4,a4,4 # 20000004 <ADCPrescTable>
 780:	97ba                	add	a5,a5,a4
 782:	238c                	lbu	a1,0(a5)
 784:	3a81                	jal	d4 <__udivsi3>
 786:	c808                	sw	a0,16(s0)
 788:	923ff06f          	j	aa <__riscv_restore_0>
 78c:	435c                	lw	a5,4(a4)
 78e:	02dc77b7          	lui	a5,0x2dc7
 792:	c0078793          	addi	a5,a5,-1024 # 2dc6c00 <_Data_Lma+0x2dc63b0>
 796:	b771                	j	722 <RCC_GetClocksFreq+0x22>

00000798 <RCC_APB2PeriphClockCmd>:
 798:	c599                	beqz	a1,7a6 <RCC_APB2PeriphClockCmd+0xe>
 79a:	40021737          	lui	a4,0x40021
 79e:	4f1c                	lw	a5,24(a4)
 7a0:	8d5d                	or	a0,a0,a5
 7a2:	cf08                	sw	a0,24(a4)
 7a4:	8082                	ret
 7a6:	400217b7          	lui	a5,0x40021
 7aa:	4f98                	lw	a4,24(a5)
 7ac:	fff54513          	not	a0,a0
 7b0:	8d79                	and	a0,a0,a4
 7b2:	cf88                	sw	a0,24(a5)
 7b4:	8082                	ret

000007b6 <RCC_APB1PeriphClockCmd>:
 7b6:	c599                	beqz	a1,7c4 <RCC_APB1PeriphClockCmd+0xe>
 7b8:	40021737          	lui	a4,0x40021
 7bc:	4f5c                	lw	a5,28(a4)
 7be:	8d5d                	or	a0,a0,a5
 7c0:	cf48                	sw	a0,28(a4)
 7c2:	8082                	ret
 7c4:	400217b7          	lui	a5,0x40021
 7c8:	4fd8                	lw	a4,28(a5)
 7ca:	fff54513          	not	a0,a0
 7ce:	8d79                	and	a0,a0,a4
 7d0:	cfc8                	sw	a0,28(a5)
 7d2:	8082                	ret

000007d4 <Delay_Init>:
 7d4:	8cdff2ef          	jal	t0,a0 <__riscv_save_0>
 7d8:	200007b7          	lui	a5,0x20000
 7dc:	0007a503          	lw	a0,0(a5) # 20000000 <_data_vma>
 7e0:	007a15b7          	lui	a1,0x7a1
 7e4:	20058593          	addi	a1,a1,512 # 7a1200 <_Data_Lma+0x7a09b0>
 7e8:	8edff0ef          	jal	ra,d4 <__udivsi3>
 7ec:	0ff57513          	andi	a0,a0,255
 7f0:	200007b7          	lui	a5,0x20000
 7f4:	02a78523          	sb	a0,42(a5) # 2000002a <p_us>
 7f8:	00551793          	slli	a5,a0,0x5
 7fc:	8f89                	sub	a5,a5,a0
 7fe:	078a                	slli	a5,a5,0x2
 800:	953e                	add	a0,a0,a5
 802:	050e                	slli	a0,a0,0x3
 804:	200007b7          	lui	a5,0x20000
 808:	02a79423          	sh	a0,40(a5) # 20000028 <_edata>
 80c:	89fff06f          	j	aa <__riscv_restore_0>

00000810 <Delay_Ms>:
 810:	891ff2ef          	jal	t0,a0 <__riscv_save_0>
 814:	e000f437          	lui	s0,0xe000f
 818:	405c                	lw	a5,4(s0)
 81a:	85aa                	mv	a1,a0
 81c:	9bf9                	andi	a5,a5,-2
 81e:	c05c                	sw	a5,4(s0)
 820:	200007b7          	lui	a5,0x20000
 824:	0287d503          	lhu	a0,40(a5) # 20000028 <_edata>
 828:	88dff0ef          	jal	ra,b4 <__mulsi3>
 82c:	c808                	sw	a0,16(s0)
 82e:	00042423          	sw	zero,8(s0) # e000f008 <__global_pointer$+0xc000e7e0>
 832:	401c                	lw	a5,0(s0)
 834:	0017e793          	ori	a5,a5,1
 838:	c01c                	sw	a5,0(s0)
 83a:	e000f7b7          	lui	a5,0xe000f
 83e:	43d8                	lw	a4,4(a5)
 840:	8b05                	andi	a4,a4,1
 842:	df75                	beqz	a4,83e <Delay_Ms+0x2e>
 844:	4398                	lw	a4,0(a5)
 846:	9b79                	andi	a4,a4,-2
 848:	c398                	sw	a4,0(a5)
 84a:	861ff06f          	j	aa <__riscv_restore_0>
	...
